+ trap 'git apply --reverse enable-carmen.patch &> /dev/null' EXIT
++ pwd
+ CARMEN_RUST_DIR=/var/data/luigi/bertha/block-db-go-bindings/../../carmen/rust
++ pwd
+ BLOCK_DB_GO_BINDINGS_DIR=/var/data/luigi/bertha/block-db-go-bindings
+ cd /var/data/luigi/bertha/block-db-go-bindings/../../carmen/rust
+ cargo build --release
    Finished `release` profile [optimized] target(s) in 0.06s
+ cd /var/data/luigi/bertha/block-db-go-bindings
+ git apply --reverse --check enable-carmen.patch
+ go run /var/data/luigi/carmen/rust/../../bertha/block-db-go-bindings/cmd/block-db/main.go replay --db /var/data/carmen/blockdbs/sonic-60000/.blockdb --json-genesis /var/data/luigi/carmen/rust/../../bertha/../sonic.json -e 1000000 --log-db-size --use-pipeline=false --keep-db --schema 6 --variant go-geth2-leveldb --state-db-dir '/var/data/luigi/carmen/rust/state_db_0c8fc8b16dbb3bd65094db022c439a22b0e8f79e_go-geth2-leveldb_[]' --use-pipeline=false
[32mINFO [0m[02-23|20:22:57.204] Loading genesis file                     [32mfile[0m=/var/data/luigi/carmen/rust/../../bertha/../sonic.json
[32mINFO [0m[02-23|20:22:57.204] Creating state database                  [32mdirectory[0m=/var/data/luigi/carmen/rust/state_db_0c8fc8b16dbb3bd65094db022c439a22b0e8f79e_go-geth2-leveldb_[]
[33mWARN [0m[02-23|20:22:57.204] DB size log enabled. This will trigger a flush with every progress report and reduce performance
[32mINFO [0m[02-23|20:22:57.256] Starting replay from genesis
[32mINFO [0m[02-23|20:22:57.499] Loaded state                             [32mchain_id[0m=146 [32mroot_hash[0m=18975c..bb2b78
[32mINFO [0m[02-23|20:22:57.499] Opening block database                   [32mdirectory[0m=/var/data/carmen/blockdbs/sonic-60000/.blockdb
[32mINFO [0m[02-23|20:22:58.300] Using simple replay loop
[33mWARN [0m[02-23|20:22:58.301] No state root set in the block DB. No checks will be performed [33mblock_number[0m=0
[32mINFO [0m[02-23|20:22:58.901] "Processing block 10000 from 2024-12-02 02:15:57 @ t= 0:00:00, 2072.25 txs/s, 251.28 MGas/s, 151394.13x realtime, live DB size: 0.003 GiB, archive DB size: n/a"
[32mINFO [0m[02-23|20:22:59.534] "Processing block 20000 from 2024-12-02 10:24:19 @ t= 0:00:01, 2458.74 txs/s, 205.82 MGas/s, 46302.08x realtime, live DB size: 0.002 GiB, archive DB size: n/a"
[32mINFO [0m[02-23|20:23:00.126] "Processing block 30000 from 2024-12-02 18:29:42 @ t= 0:00:01, 2528.84 txs/s, 223.00 MGas/s, 49196.62x realtime, live DB size: 0.005 GiB, archive DB size: n/a"
[32mINFO [0m[02-23|20:23:00.721] "Processing block 40000 from 2024-12-03 02:38:30 @ t= 0:00:02, 2621.71 txs/s, 219.11 MGas/s, 49319.68x realtime, live DB size: 0.004 GiB, archive DB size: n/a"
[32mINFO [0m[02-23|20:23:01.455] "Processing block 50000 from 2024-12-03 10:48:52 @ t= 0:00:03, 2193.70 txs/s, 272.54 MGas/s, 40088.89x realtime, live DB size: 0.006 GiB, archive DB size: n/a"
[32mINFO [0m[02-23|20:23:02.129] "Processing block 60000 from 2024-12-03 19:00:07 @ t= 0:00:03, 2355.27 txs/s, 280.26 MGas/s, 43743.83x realtime, live DB size: 0.005 GiB, archive DB size: n/a"
[32mINFO [0m[02-23|20:23:02.757] "Processing block 70000 from 2024-12-04 03:07:27 @ t= 0:00:04, 2480.12 txs/s, 211.16 MGas/s, 46545.98x realtime, live DB size: 0.005 GiB, archive DB size: n/a"
[32mINFO [0m[02-23|20:23:03.462] "Processing block 80000 from 2024-12-04 11:06:10 @ t= 0:00:05, 3015.44 txs/s, 230.83 MGas/s, 40720.43x realtime, live DB size: 0.008 GiB, archive DB size: n/a"
[32mINFO [0m[02-23|20:23:04.201] "Processing block 90000 from 2024-12-04 18:55:18 @ t= 0:00:05, 3032.54 txs/s, 228.94 MGas/s, 38107.11x realtime, live DB size: 0.008 GiB, archive DB size: n/a"
[32mINFO [0m[02-23|20:23:04.929] "Processing block 100000 from 2024-12-05 02:56:44 @ t= 0:00:06, 3127.65 txs/s, 240.00 MGas/s, 39659.95x realtime, live DB size: 0.007 GiB, archive DB size: n/a"
[32mINFO [0m[02-23|20:23:05.671] "Processing block 110000 from 2024-12-05 10:56:40 @ t= 0:00:07, 2981.42 txs/s, 251.01 MGas/s, 38812.38x realtime, live DB size: 0.010 GiB, archive DB size: n/a"
[32mINFO [0m[02-23|20:23:06.503] "Processing block 120000 from 2024-12-05 18:45:41 @ t= 0:00:08, 2660.53 txs/s, 241.35 MGas/s, 33816.56x realtime, live DB size: 0.009 GiB, archive DB size: n/a"
[32mINFO [0m[02-23|20:23:07.262] "Processing block 130000 from 2024-12-06 02:41:25 @ t= 0:00:08, 2975.92 txs/s, 237.15 MGas/s, 37619.48x realtime, live DB size: 0.010 GiB, archive DB size: n/a"
[32mINFO [0m[02-23|20:23:08.250] "Processing block 140000 from 2024-12-06 10:32:06 @ t= 0:00:09, 2489.87 txs/s, 253.95 MGas/s, 28572.25x realtime, live DB size: 0.011 GiB, archive DB size: n/a"
[32mINFO [0m[02-23|20:23:10.398] "Processing block 150000 from 2024-12-06 17:43:00 @ t= 0:00:12, 1924.04 txs/s, 289.79 MGas/s, 12035.82x realtime, live DB size: 0.012 GiB, archive DB size: n/a"
[32mINFO [0m[02-23|20:23:11.180] "Processing block 160000 from 2024-12-07 01:36:49 @ t= 0:00:12, 2791.90 txs/s, 221.63 MGas/s, 36358.62x realtime, live DB size: 0.012 GiB, archive DB size: n/a"
[32mINFO [0m[02-23|20:23:11.969] "Processing block 170000 from 2024-12-07 09:36:09 @ t= 0:00:13, 2743.17 txs/s, 221.85 MGas/s, 36474.20x realtime, live DB size: 0.013 GiB, archive DB size: n/a"
[32mINFO [0m[02-23|20:23:12.742] "Processing block 180000 from 2024-12-07 17:25:21 @ t= 0:00:14, 2727.67 txs/s, 231.33 MGas/s, 36427.55x realtime, live DB size: 0.013 GiB, archive DB size: n/a"
[32mINFO [0m[02-23|20:23:13.540] "Processing block 190000 from 2024-12-08 01:14:36 @ t= 0:00:15, 2647.20 txs/s, 224.42 MGas/s, 35289.80x realtime, live DB size: 0.012 GiB, archive DB size: n/a"
[32mINFO [0m[02-23|20:23:14.496] "Processing block 200000 from 2024-12-08 09:02:33 @ t= 0:00:16, 2261.39 txs/s, 298.79 MGas/s, 29367.69x realtime, live DB size: 0.014 GiB, archive DB size: n/a"
[32mINFO [0m[02-23|20:23:15.509] "Processing block 210000 from 2024-12-08 16:50:33 @ t= 0:00:17, 2161.03 txs/s, 238.99 MGas/s, 27695.94x realtime, live DB size: 0.016 GiB, archive DB size: n/a"
[32mINFO [0m[02-23|20:23:16.484] "Processing block 220000 from 2024-12-09 00:39:07 @ t= 0:00:18, 2228.79 txs/s, 268.68 MGas/s, 28862.41x realtime, live DB size: 0.016 GiB, archive DB size: n/a"
[32mINFO [0m[02-23|20:23:17.245] "Processing block 230000 from 2024-12-09 08:29:27 @ t= 0:00:18, 2684.53 txs/s, 216.24 MGas/s, 37063.29x realtime, live DB size: 0.018 GiB, archive DB size: n/a"
[32mINFO [0m[02-23|20:23:18.364] "Processing block 240000 from 2024-12-09 16:14:41 @ t= 0:00:20, 2086.72 txs/s, 317.76 MGas/s, 24935.23x realtime, live DB size: 0.031 GiB, archive DB size: n/a"
[32mINFO [0m[02-23|20:23:19.629] "Processing block 250000 from 2024-12-09 23:55:47 @ t= 0:00:21, 2230.42 txs/s, 392.83 MGas/s, 21881.80x realtime, live DB size: 0.019 GiB, archive DB size: n/a"
[32mINFO [0m[02-23|20:23:20.874] "Processing block 260000 from 2024-12-10 07:38:49 @ t= 0:00:22, 2139.27 txs/s, 424.34 MGas/s, 22309.76x realtime, live DB size: 0.020 GiB, archive DB size: n/a"
[32mINFO [0m[02-23|20:23:21.963] "Processing block 270000 from 2024-12-10 15:21:58 @ t= 0:00:23, 2353.57 txs/s, 301.97 MGas/s, 25508.36x realtime, live DB size: 0.022 GiB, archive DB size: n/a"
[32mINFO [0m[02-23|20:23:24.846] "Processing block 280000 from 2024-12-10 22:37:01 @ t= 0:00:26, 1386.08 txs/s, 409.80 MGas/s, 9054.27x realtime, live DB size: 0.026 GiB, archive DB size: n/a"
[32mINFO [0m[02-23|20:23:25.891] "Processing block 290000 from 2024-12-11 06:24:21 @ t= 0:00:27, 1981.46 txs/s, 286.95 MGas/s, 26840.60x realtime, live DB size: 0.027 GiB, archive DB size: n/a"
[32mINFO [0m[02-23|20:23:27.018] "Processing block 300000 from 2024-12-11 14:09:49 @ t= 0:00:28, 1863.94 txs/s, 285.23 MGas/s, 24776.86x realtime, live DB size: 0.038 GiB, archive DB size: n/a"
[32mINFO [0m[02-23|20:23:28.198] "Processing block 310000 from 2024-12-11 21:50:23 @ t= 0:00:29, 2121.93 txs/s, 261.80 MGas/s, 23417.50x realtime, live DB size: 0.029 GiB, archive DB size: n/a"
[32mINFO [0m[02-23|20:23:30.733] "Processing block 320000 from 2024-12-12 04:29:18 @ t= 0:00:32, 5797.86 txs/s, 203.16 MGas/s, 9441.54x realtime, live DB size: 0.062 GiB, archive DB size: n/a"
[32mINFO [0m[02-23|20:23:32.841] "Processing block 330000 from 2024-12-12 11:05:04 @ t= 0:00:34, 2783.94 txs/s, 227.73 MGas/s, 11265.75x realtime, live DB size: 0.033 GiB, archive DB size: n/a"
[32mINFO [0m[02-23|20:23:35.509] "Processing block 340000 from 2024-12-12 16:32:55 @ t= 0:00:37, 3713.32 txs/s, 202.13 MGas/s, 7374.53x realtime, live DB size: 0.052 GiB, archive DB size: n/a"
[32mINFO [0m[02-23|20:23:36.958] "Processing block 350000 from 2024-12-13 00:05:33 @ t= 0:00:38, 2166.59 txs/s, 285.02 MGas/s, 18732.97x realtime, live DB size: 0.036 GiB, archive DB size: n/a"
[32mINFO [0m[02-23|20:23:37.978] "Processing block 360000 from 2024-12-13 07:49:29 @ t= 0:00:39, 2600.08 txs/s, 246.34 MGas/s, 27291.03x realtime, live DB size: 0.037 GiB, archive DB size: n/a"
[32mINFO [0m[02-23|20:23:39.218] "Processing block 370000 from 2024-12-13 15:27:03 @ t= 0:00:40, 2413.80 txs/s, 271.93 MGas/s, 22141.15x realtime, live DB size: 0.038 GiB, archive DB size: n/a"
[32mINFO [0m[02-23|20:23:41.074] "Processing block 380000 from 2024-12-13 22:47:12 @ t= 0:00:42, 2064.99 txs/s, 284.90 MGas/s, 14234.99x realtime, live DB size: 0.040 GiB, archive DB size: n/a"
[32mINFO [0m[02-23|20:23:42.502] "Processing block 390000 from 2024-12-14 06:11:26 @ t= 0:00:44, 2827.67 txs/s, 246.10 MGas/s, 18660.22x realtime, live DB size: 0.062 GiB, archive DB size: n/a"
[32mINFO [0m[02-23|20:23:45.338] "Processing block 400000 from 2024-12-14 12:07:21 @ t= 0:00:47, 2287.61 txs/s, 226.43 MGas/s, 7528.43x realtime, live DB size: 0.074 GiB, archive DB size: n/a"
[32mINFO [0m[02-23|20:23:47.803] "Processing block 410000 from 2024-12-14 18:45:54 @ t= 0:00:49, 2105.52 txs/s, 253.71 MGas/s, 9701.23x realtime, live DB size: 0.045 GiB, archive DB size: n/a"
[32mINFO [0m[02-23|20:23:51.394] "Processing block 420000 from 2024-12-15 00:42:14 @ t= 0:00:53, 1853.02 txs/s, 244.09 MGas/s, 5953.94x realtime, live DB size: 0.051 GiB, archive DB size: n/a"
[32mINFO [0m[02-23|20:23:55.786] "Processing block 430000 from 2024-12-15 05:34:23 @ t= 0:00:57, 1947.37 txs/s, 232.20 MGas/s, 3991.51x realtime, live DB size: 0.061 GiB, archive DB size: n/a"
[32mINFO [0m[02-23|20:23:57.527] "Processing block 440000 from 2024-12-15 13:00:36 @ t= 0:00:59, 2061.73 txs/s, 268.53 MGas/s, 15375.68x realtime, live DB size: 0.099 GiB, archive DB size: n/a"
[32mINFO [0m[02-23|20:24:01.698] "Processing block 450000 from 2024-12-15 18:48:22 @ t= 0:01:03, 1767.44 txs/s, 249.12 MGas/s, 5002.63x realtime, live DB size: 0.054 GiB, archive DB size: n/a"
[32mINFO [0m[02-23|20:24:05.902] "Processing block 460000 from 2024-12-16 00:15:54 @ t= 0:01:07, 1865.20 txs/s, 243.08 MGas/s, 4674.77x realtime, live DB size: 0.113 GiB, archive DB size: n/a"
[32mINFO [0m[02-23|20:24:08.098] "Processing block 470000 from 2024-12-16 07:28:32 @ t= 0:01:09, 1955.63 txs/s, 240.12 MGas/s, 11822.13x realtime, live DB size: 0.059 GiB, archive DB size: n/a"
[32mINFO [0m[02-23|20:24:11.425] "Processing block 480000 from 2024-12-16 14:03:38 @ t= 0:01:13, 1800.04 txs/s, 296.40 MGas/s, 7123.84x realtime, live DB size: 0.062 GiB, archive DB size: n/a"
[32mINFO [0m[02-23|20:24:15.826] "Processing block 490000 from 2024-12-16 19:54:12 @ t= 0:01:17, 1596.99 txs/s, 323.21 MGas/s, 4779.60x realtime, live DB size: 0.106 GiB, archive DB size: n/a"
[32mINFO [0m[02-23|20:24:19.355] "Processing block 500000 from 2024-12-17 01:45:36 @ t= 0:01:21, 1969.75 txs/s, 478.40 MGas/s, 5975.56x realtime, live DB size: 0.129 GiB, archive DB size: n/a"
[32mINFO [0m[02-23|20:24:21.007] "Processing block 510000 from 2024-12-17 09:10:38 @ t= 0:01:22, 2302.17 txs/s, 261.70 MGas/s, 16159.96x realtime, live DB size: 0.103 GiB, archive DB size: n/a"
[32mINFO [0m[02-23|20:24:22.919] "Processing block 520000 from 2024-12-17 16:32:46 @ t= 0:01:24, 1992.72 txs/s, 255.23 MGas/s, 13874.77x realtime, live DB size: 0.132 GiB, archive DB size: n/a"
[32mINFO [0m[02-23|20:24:24.911] "Processing block 530000 from 2024-12-17 23:53:54 @ t= 0:01:26, 1905.42 txs/s, 266.17 MGas/s, 13289.21x realtime, live DB size: 0.102 GiB, archive DB size: n/a"
[32mINFO [0m[02-23|20:24:27.108] "Processing block 540000 from 2024-12-18 06:52:19 @ t= 0:01:28, 2045.73 txs/s, 254.20 MGas/s, 11425.60x realtime, live DB size: 0.073 GiB, archive DB size: n/a"
[32mINFO [0m[02-23|20:24:33.706] "Processing block 550000 from 2024-12-18 12:20:30 @ t= 0:01:35, 2416.42 txs/s, 426.70 MGas/s, 2984.30x realtime, live DB size: 0.076 GiB, archive DB size: n/a"
[32mINFO [0m[02-23|20:24:45.576] "Processing block 560000 from 2024-12-18 15:05:32 @ t= 0:01:47, 2102.20 txs/s, 493.42 MGas/s, 834.24x realtime, live DB size: 0.119 GiB, archive DB size: n/a"
[32mINFO [0m[02-23|20:25:03.193] "Processing block 570000 from 2024-12-18 16:03:14 @ t= 0:02:04, 1677.35 txs/s, 337.96 MGas/s, 196.51x realtime, live DB size: 0.156 GiB, archive DB size: n/a"
[32mINFO [0m[02-23|20:25:23.322] "Processing block 580000 from 2024-12-18 17:01:10 @ t= 0:02:25, 1688.37 txs/s, 384.68 MGas/s, 172.68x realtime, live DB size: 0.199 GiB, archive DB size: n/a"
[32mINFO [0m[02-23|20:25:42.734] "Processing block 590000 from 2024-12-18 18:03:07 @ t= 0:02:44, 1409.77 txs/s, 336.52 MGas/s, 191.48x realtime, live DB size: 0.148 GiB, archive DB size: n/a"
[32mINFO [0m[02-23|20:26:00.978] "Processing block 600000 from 2024-12-18 19:10:51 @ t= 0:03:02, 1373.08 txs/s, 367.67 MGas/s, 222.75x realtime, live DB size: 0.166 GiB, archive DB size: n/a"
[32mINFO [0m[02-23|20:26:20.202] "Processing block 610000 from 2024-12-18 20:40:57 @ t= 0:03:21, 1066.12 txs/s, 368.84 MGas/s, 281.21x realtime, live DB size: 0.248 GiB, archive DB size: n/a"
[32mINFO [0m[02-23|20:26:34.798] "Processing block 620000 from 2024-12-18 22:19:49 @ t= 0:03:36, 1514.28 txs/s, 398.53 MGas/s, 406.42x realtime, live DB size: 0.260 GiB, archive DB size: n/a"
[32mINFO [0m[02-23|20:26:44.976] "Processing block 630000 from 2024-12-18 23:51:56 @ t= 0:03:46, 1895.32 txs/s, 310.11 MGas/s, 543.05x realtime, live DB size: 0.217 GiB, archive DB size: n/a"
[32mINFO [0m[02-23|20:26:55.952] "Processing block 640000 from 2024-12-19 01:48:28 @ t= 0:03:57, 2062.33 txs/s, 391.26 MGas/s, 637.00x realtime, live DB size: 0.235 GiB, archive DB size: n/a"
[32mINFO [0m[02-23|20:27:06.224] "Processing block 650000 from 2024-12-19 03:57:40 @ t= 0:04:07, 1852.44 txs/s, 334.38 MGas/s, 754.64x realtime, live DB size: 0.236 GiB, archive DB size: n/a"
[32mINFO [0m[02-23|20:27:16.532] "Processing block 660000 from 2024-12-19 06:22:35 @ t= 0:04:18, 1546.32 txs/s, 327.03 MGas/s, 843.54x realtime, live DB size: 0.214 GiB, archive DB size: n/a"
[32mINFO [0m[02-23|20:27:31.192] "Processing block 670000 from 2024-12-19 08:37:17 @ t= 0:04:32, 1476.52 txs/s, 317.42 MGas/s, 551.29x realtime, live DB size: 0.213 GiB, archive DB size: n/a"
[32mINFO [0m[02-23|20:27:39.782] "Processing block 680000 from 2024-12-19 11:07:15 @ t= 0:04:41, 1902.21 txs/s, 317.33 MGas/s, 1047.49x realtime, live DB size: 0.270 GiB, archive DB size: n/a"
[32mINFO [0m[02-23|20:27:49.323] "Processing block 690000 from 2024-12-19 13:05:52 @ t= 0:04:51, 1636.62 txs/s, 280.89 MGas/s, 745.98x realtime, live DB size: 0.271 GiB, archive DB size: n/a"
[32mINFO [0m[02-23|20:27:59.194] "Processing block 700000 from 2024-12-19 14:50:17 @ t= 0:05:00, 1732.73 txs/s, 285.59 MGas/s, 634.68x realtime, live DB size: 0.259 GiB, archive DB size: n/a"
[32mINFO [0m[02-23|20:28:17.113] "Processing block 710000 from 2024-12-19 15:58:36 @ t= 0:05:18, 2128.50 txs/s, 298.90 MGas/s, 228.74x realtime, live DB size: 0.293 GiB, archive DB size: n/a"
[32mINFO [0m[02-23|20:28:32.267] "Processing block 720000 from 2024-12-19 16:58:45 @ t= 0:05:33, 2076.52 txs/s, 288.64 MGas/s, 238.16x realtime, live DB size: 0.276 GiB, archive DB size: n/a"
[32mINFO [0m[02-23|20:28:45.795] "Processing block 730000 from 2024-12-19 18:00:03 @ t= 0:05:47, 1948.34 txs/s, 266.46 MGas/s, 271.88x realtime, live DB size: 0.335 GiB, archive DB size: n/a"
[32mINFO [0m[02-23|20:28:58.717] "Processing block 740000 from 2024-12-19 19:12:46 @ t= 0:06:00, 1702.38 txs/s, 291.75 MGas/s, 337.64x realtime, live DB size: 0.329 GiB, archive DB size: n/a"
[32mINFO [0m[02-23|20:29:27.280] "Processing block 750000 from 2024-12-19 20:29:37 @ t= 0:06:28, 1788.39 txs/s, 356.44 MGas/s, 161.44x realtime, live DB size: 0.343 GiB, archive DB size: n/a"
[32mINFO [0m[02-23|20:29:37.155] "Processing block 760000 from 2024-12-19 21:55:34 @ t= 0:06:38, 2021.12 txs/s, 310.46 MGas/s, 522.22x realtime, live DB size: 0.406 GiB, archive DB size: n/a"
[32mINFO [0m[02-23|20:29:47.528] "Processing block 770000 from 2024-12-19 23:45:38 @ t= 0:06:49, 1891.68 txs/s, 333.13 MGas/s, 636.63x realtime, live DB size: 0.316 GiB, archive DB size: n/a"
[32mINFO [0m[02-23|20:29:57.679] "Processing block 780000 from 2024-12-20 01:33:10 @ t= 0:06:59, 1751.46 txs/s, 278.91 MGas/s, 635.64x realtime, live DB size: 0.361 GiB, archive DB size: n/a"
[32mINFO [0m[02-23|20:30:08.444] "Processing block 790000 from 2024-12-20 02:57:50 @ t= 0:07:10, 2043.24 txs/s, 258.49 MGas/s, 471.89x realtime, live DB size: 0.357 GiB, archive DB size: n/a"
[32mINFO [0m[02-23|20:30:20.439] "Processing block 800000 from 2024-12-20 04:14:35 @ t= 0:07:22, 2111.93 txs/s, 274.91 MGas/s, 383.92x realtime, live DB size: 0.438 GiB, archive DB size: n/a"
[32mINFO [0m[02-23|20:30:31.306] "Processing block 810000 from 2024-12-20 05:52:21 @ t= 0:07:33, 1656.69 txs/s, 282.35 MGas/s, 539.78x realtime, live DB size: 0.437 GiB, archive DB size: n/a"
[32mINFO [0m[02-23|20:30:39.264] "Processing block 820000 from 2024-12-20 07:20:12 @ t= 0:07:40, 2329.21 txs/s, 275.87 MGas/s, 662.35x realtime, live DB size: 0.442 GiB, archive DB size: n/a"
[32mINFO [0m[02-23|20:30:49.196] "Processing block 830000 from 2024-12-20 08:34:44 @ t= 0:07:50, 2044.31 txs/s, 231.28 MGas/s, 450.26x realtime, live DB size: 0.401 GiB, archive DB size: n/a"
[32mINFO [0m[02-23|20:30:57.209] "Processing block 840000 from 2024-12-20 09:39:29 @ t= 0:07:58, 2785.59 txs/s, 214.87 MGas/s, 484.84x realtime, live DB size: 0.426 GiB, archive DB size: n/a"
[32mINFO [0m[02-23|20:31:05.491] "Processing block 850000 from 2024-12-20 10:56:12 @ t= 0:08:07, 2600.87 txs/s, 230.49 MGas/s, 555.82x realtime, live DB size: 0.424 GiB, archive DB size: n/a"
[32mINFO [0m[02-23|20:31:24.095] "Processing block 860000 from 2024-12-20 12:10:12 @ t= 0:08:25, 1923.98 txs/s, 317.70 MGas/s, 238.65x realtime, live DB size: 0.447 GiB, archive DB size: n/a"
[32mINFO [0m[02-23|20:31:34.701] "Processing block 870000 from 2024-12-20 13:25:37 @ t= 0:08:36, 2264.18 txs/s, 305.26 MGas/s, 426.64x realtime, live DB size: 0.439 GiB, archive DB size: n/a"
[32mINFO [0m[02-23|20:31:45.509] "Processing block 880000 from 2024-12-20 14:29:06 @ t= 0:08:47, 2345.00 txs/s, 260.41 MGas/s, 352.42x realtime, live DB size: 0.499 GiB, archive DB size: n/a"
[32mINFO [0m[02-23|20:31:55.155] "Processing block 890000 from 2024-12-20 15:41:23 @ t= 0:08:56, 2654.34 txs/s, 287.95 MGas/s, 449.61x realtime, live DB size: 0.452 GiB, archive DB size: n/a"
[32mINFO [0m[02-23|20:32:03.859] "Processing block 900000 from 2024-12-20 16:59:12 @ t= 0:09:05, 2557.26 txs/s, 325.31 MGas/s, 536.48x realtime, live DB size: 0.444 GiB, archive DB size: n/a"
[32mINFO [0m[02-23|20:32:15.186] "Processing block 910000 from 2024-12-20 18:32:13 @ t= 0:09:16, 2500.23 txs/s, 507.71 MGas/s, 492.70x realtime, live DB size: 0.509 GiB, archive DB size: n/a"
[32mINFO [0m[02-23|20:32:25.217] "Processing block 920000 from 2024-12-20 20:35:19 @ t= 0:09:26, 2135.93 txs/s, 414.83 MGas/s, 736.33x realtime, live DB size: 0.534 GiB, archive DB size: n/a"
[32mINFO [0m[02-23|20:32:37.511] "Processing block 930000 from 2024-12-20 22:12:50 @ t= 0:09:39, 2984.95 txs/s, 531.62 MGas/s, 475.90x realtime, live DB size: 0.471 GiB, archive DB size: n/a"
[32mINFO [0m[02-23|20:32:51.801] "Processing block 940000 from 2024-12-20 23:44:47 @ t= 0:09:53, 1644.44 txs/s, 335.77 MGas/s, 386.09x realtime, live DB size: 0.475 GiB, archive DB size: n/a"
[32mINFO [0m[02-23|20:33:09.078] "Processing block 950000 from 2024-12-21 00:51:33 @ t= 0:10:10, 1714.64 txs/s, 381.93 MGas/s, 231.87x realtime, live DB size: 0.533 GiB, archive DB size: n/a"
[32mINFO [0m[02-23|20:33:25.930] "Processing block 960000 from 2024-12-21 01:55:13 @ t= 0:10:27, 2053.70 txs/s, 340.53 MGas/s, 226.68x realtime, live DB size: 0.577 GiB, archive DB size: n/a"
[32mINFO [0m[02-23|20:33:41.545] "Processing block 970000 from 2024-12-21 02:56:57 @ t= 0:10:43, 2703.68 txs/s, 360.17 MGas/s, 237.21x realtime, live DB size: 0.556 GiB, archive DB size: n/a"
[32mINFO [0m[02-23|20:33:54.534] "Processing block 980000 from 2024-12-21 04:14:08 @ t= 0:10:56, 1940.25 txs/s, 300.05 MGas/s, 356.53x realtime, live DB size: 0.618 GiB, archive DB size: n/a"
[32mINFO [0m[02-23|20:34:09.411] "Processing block 990000 from 2024-12-21 06:12:38 @ t= 0:11:11, 3723.43 txs/s, 286.45 MGas/s, 477.90x realtime, live DB size: 0.597 GiB, archive DB size: n/a"
[32mINFO [0m[02-23|20:34:19.615] "Processing block 1000000 from 2024-12-21 08:32:43 @ t= 0:11:21, 2236.25 txs/s, 377.88 MGas/s, 823.69x realtime, live DB size: 0.594 GiB, archive DB size: n/a"
[32mINFO [0m[02-23|20:34:19.615] Replay finished in 11m21.314990337s, processed 1376011 txs (2019.64 Tx/s), used 0.223 TGas (326.71 MGas/s), 2576.14x realtime
[32mINFO [0m[02-23|20:34:19.645] Closing state database                   [32mdirectory[0m=/var/data/luigi/carmen/rust/state_db_0c8fc8b16dbb3bd65094db022c439a22b0e8f79e_go-geth2-leveldb_[]
+ git apply --reverse enable-carmen.patch
