+ trap 'git apply --reverse enable-carmen.patch &> /dev/null' EXIT
++ pwd
+ CARMEN_RUST_DIR=/var/data/luigi/bertha/block-db-go-bindings/../../carmen/rust
++ pwd
+ BLOCK_DB_GO_BINDINGS_DIR=/var/data/luigi/bertha/block-db-go-bindings
+ cd /var/data/luigi/bertha/block-db-go-bindings/../../carmen/rust
+ cargo build --release
    Finished `release` profile [optimized] target(s) in 0.06s
+ cd /var/data/luigi/bertha/block-db-go-bindings
+ git apply --reverse --check enable-carmen.patch
+ git apply enable-carmen.patch
+ go run /var/data/luigi/carmen/rust/../../bertha/block-db-go-bindings/cmd/block-db/main.go replay --db /var/data/carmen/blockdbs/sonic-60000/.blockdb --json-genesis /var/data/luigi/carmen/rust/../../bertha/../sonic.json -e 3000000 --log-db-size --use-pipeline=false --keep-db --schema 6 --variant go-geth2-leveldb --state-db-dir '/var/data/luigi/carmen/rust/state_db_4930b6acf82bbc05c7da84b7fe2fbc6df995bf1f_go-geth2-leveldb_['\''--with-archive'\'']' --with-archive --use-pipeline=false
[32mINFO [0m[02-25|11:35:19.066] Loading genesis file                     [32mfile[0m=/var/data/luigi/carmen/rust/../../bertha/../sonic.json
[32mINFO [0m[02-25|11:35:19.066] Creating state database                  [32mdirectory[0m=/var/data/luigi/carmen/rust/state_db_4930b6acf82bbc05c7da84b7fe2fbc6df995bf1f_go-geth2-leveldb_['--with-archive']
[33mWARN [0m[02-25|11:35:19.066] DB size log enabled. This will trigger a flush with every progress report and reduce performance
[32mINFO [0m[02-25|11:35:19.128] Starting replay from genesis
[32mINFO [0m[02-25|11:35:19.386] Loaded state                             [32mchain_id[0m=146 [32mroot_hash[0m=18975c..bb2b78
[32mINFO [0m[02-25|11:35:19.387] Opening block database                   [32mdirectory[0m=/var/data/carmen/blockdbs/sonic-60000/.blockdb
[32mINFO [0m[02-25|11:35:20.235] Using simple replay loop
[33mWARN [0m[02-25|11:35:20.236] No state root set in the block DB. No checks will be performed [33mblock_number[0m=0
[32mINFO [0m[02-25|11:35:20.908] "Processing block 10000 from 2024-12-02 02:15:57 @ t= 0:00:00, 1849.79 txs/s, 224.30 MGas/s, 135141.79x realtime, live DB size: 0.003 GiB, archive DB size: n/a"
[32mINFO [0m[02-25|11:35:21.630] "Processing block 20000 from 2024-12-02 10:24:19 @ t= 0:00:01, 2155.44 txs/s, 180.43 MGas/s, 40590.48x realtime, live DB size: 0.004 GiB, archive DB size: n/a"
[32mINFO [0m[02-25|11:35:22.503] "Processing block 30000 from 2024-12-02 18:29:42 @ t= 0:00:02, 1715.18 txs/s, 151.25 MGas/s, 33367.57x realtime, live DB size: 0.005 GiB, archive DB size: n/a"
[32mINFO [0m[02-25|11:35:23.373] "Processing block 40000 from 2024-12-03 02:38:30 @ t= 0:00:03, 1791.64 txs/s, 149.74 MGas/s, 33704.51x realtime, live DB size: 0.008 GiB, archive DB size: n/a"
[32mINFO [0m[02-25|11:35:24.494] "Processing block 50000 from 2024-12-03 10:48:52 @ t= 0:00:04, 1436.01 txs/s, 178.40 MGas/s, 26242.47x realtime, live DB size: 0.010 GiB, archive DB size: n/a"
[32mINFO [0m[02-25|11:35:25.522] "Processing block 60000 from 2024-12-03 19:00:07 @ t= 0:00:05, 1545.09 txs/s, 183.86 MGas/s, 28696.53x realtime, live DB size: 0.011 GiB, archive DB size: n/a"
[32mINFO [0m[02-25|11:35:26.374] "Processing block 70000 from 2024-12-04 03:07:27 @ t= 0:00:06, 1826.78 txs/s, 155.53 MGas/s, 34284.33x realtime, live DB size: 0.012 GiB, archive DB size: n/a"
[32mINFO [0m[02-25|11:35:27.437] "Processing block 80000 from 2024-12-04 11:06:10 @ t= 0:00:07, 2001.37 txs/s, 153.20 MGas/s, 27026.46x realtime, live DB size: 0.016 GiB, archive DB size: n/a"
[32mINFO [0m[02-25|11:35:28.667] "Processing block 90000 from 2024-12-04 18:55:18 @ t= 0:00:08, 1821.11 txs/s, 137.48 MGas/s, 22884.15x realtime, live DB size: 0.017 GiB, archive DB size: n/a"
[32mINFO [0m[02-25|11:35:30.016] "Processing block 100000 from 2024-12-05 02:56:44 @ t= 0:00:09, 1689.02 txs/s, 129.61 MGas/s, 21417.43x realtime, live DB size: 0.019 GiB, archive DB size: n/a"
[32mINFO [0m[02-25|11:35:31.208] "Processing block 110000 from 2024-12-05 10:56:40 @ t= 0:00:10, 1856.10 txs/s, 156.27 MGas/s, 24162.91x realtime, live DB size: 0.021 GiB, archive DB size: n/a"
[32mINFO [0m[02-25|11:35:32.335] "Processing block 120000 from 2024-12-05 18:45:41 @ t= 0:00:12, 1963.80 txs/s, 178.15 MGas/s, 24960.81x realtime, live DB size: 0.023 GiB, archive DB size: n/a"
[32mINFO [0m[02-25|11:35:33.561] "Processing block 130000 from 2024-12-06 02:41:25 @ t= 0:00:13, 1841.75 txs/s, 146.77 MGas/s, 23282.08x realtime, live DB size: 0.025 GiB, archive DB size: n/a"
[32mINFO [0m[02-25|11:35:35.202] "Processing block 140000 from 2024-12-06 10:32:06 @ t= 0:00:14, 1500.23 txs/s, 153.02 MGas/s, 17215.80x realtime, live DB size: 0.029 GiB, archive DB size: n/a"
[32mINFO [0m[02-25|11:35:38.533] "Processing block 150000 from 2024-12-06 17:43:00 @ t= 0:00:18, 1240.72 txs/s, 186.87 MGas/s, 7761.34x realtime, live DB size: 0.045 GiB, archive DB size: n/a"
[32mINFO [0m[02-25|11:35:39.672] "Processing block 160000 from 2024-12-07 01:36:49 @ t= 0:00:19, 1916.04 txs/s, 152.10 MGas/s, 24952.36x realtime, live DB size: 0.043 GiB, archive DB size: n/a"
[32mINFO [0m[02-25|11:35:40.851] "Processing block 170000 from 2024-12-07 09:36:09 @ t= 0:00:20, 1835.25 txs/s, 148.42 MGas/s, 24402.18x realtime, live DB size: 0.045 GiB, archive DB size: n/a"
[32mINFO [0m[02-25|11:35:42.183] "Processing block 180000 from 2024-12-07 17:25:21 @ t= 0:00:21, 1581.70 txs/s, 134.14 MGas/s, 21123.30x realtime, live DB size: 0.047 GiB, archive DB size: n/a"
[32mINFO [0m[02-25|11:35:43.687] "Processing block 190000 from 2024-12-08 01:14:36 @ t= 0:00:23, 1404.72 txs/s, 119.09 MGas/s, 18726.30x realtime, live DB size: 0.050 GiB, archive DB size: n/a"
[32mINFO [0m[02-25|11:35:45.072] "Processing block 200000 from 2024-12-08 09:02:33 @ t= 0:00:24, 1560.73 txs/s, 206.22 MGas/s, 20268.53x realtime, live DB size: 0.052 GiB, archive DB size: n/a"
[32mINFO [0m[02-25|11:35:46.598] "Processing block 210000 from 2024-12-08 16:50:33 @ t= 0:00:26, 1435.61 txs/s, 158.77 MGas/s, 18398.90x realtime, live DB size: 0.055 GiB, archive DB size: n/a"
[32mINFO [0m[02-25|11:35:48.399] "Processing block 220000 from 2024-12-09 00:39:07 @ t= 0:00:28, 1205.86 txs/s, 145.37 MGas/s, 15615.61x realtime, live DB size: 0.058 GiB, archive DB size: n/a"
[32mINFO [0m[02-25|11:35:49.815] "Processing block 230000 from 2024-12-09 08:29:27 @ t= 0:00:29, 1443.29 txs/s, 116.26 MGas/s, 19926.44x realtime, live DB size: 0.060 GiB, archive DB size: n/a"
[32mINFO [0m[02-25|11:35:51.425] "Processing block 240000 from 2024-12-09 16:14:41 @ t= 0:00:31, 1450.86 txs/s, 220.93 MGas/s, 17337.07x realtime, live DB size: 0.065 GiB, archive DB size: n/a"
[32mINFO [0m[02-25|11:35:53.545] "Processing block 250000 from 2024-12-09 23:55:47 @ t= 0:00:33, 1329.87 txs/s, 234.22 MGas/s, 13046.90x realtime, live DB size: 0.068 GiB, archive DB size: n/a"
[32mINFO [0m[02-25|11:35:55.591] "Processing block 260000 from 2024-12-10 07:38:49 @ t= 0:00:35, 1302.68 txs/s, 258.39 MGas/s, 13585.20x realtime, live DB size: 0.071 GiB, archive DB size: n/a"
[32mINFO [0m[02-25|11:35:57.269] "Processing block 270000 from 2024-12-10 15:21:58 @ t= 0:00:37, 1527.83 txs/s, 196.03 MGas/s, 16558.80x realtime, live DB size: 0.075 GiB, archive DB size: n/a"
[32mINFO [0m[02-25|11:36:02.145] "Processing block 280000 from 2024-12-10 22:37:01 @ t= 0:00:41, 819.46 txs/s, 242.27 MGas/s, 5352.94x realtime, live DB size: 0.085 GiB, archive DB size: n/a"
[32mINFO [0m[02-25|11:36:04.122] "Processing block 290000 from 2024-12-11 06:24:21 @ t= 0:00:43, 1047.27 txs/s, 151.66 MGas/s, 14186.19x realtime, live DB size: 0.089 GiB, archive DB size: n/a"
[32mINFO [0m[02-25|11:36:06.159] "Processing block 300000 from 2024-12-11 14:09:49 @ t= 0:00:45, 1031.41 txs/s, 157.83 MGas/s, 13710.21x realtime, live DB size: 0.092 GiB, archive DB size: n/a"
[32mINFO [0m[02-25|11:36:08.187] "Processing block 310000 from 2024-12-11 21:50:23 @ t= 0:00:47, 1234.36 txs/s, 152.29 MGas/s, 13622.37x realtime, live DB size: 0.098 GiB, archive DB size: n/a"
[32mINFO [0m[02-25|11:36:12.903] "Processing block 320000 from 2024-12-12 04:29:18 @ t= 0:00:52, 3116.90 txs/s, 109.22 MGas/s, 5075.73x realtime, live DB size: 0.107 GiB, archive DB size: n/a"
[32mINFO [0m[02-25|11:36:16.988] "Processing block 330000 from 2024-12-12 11:05:04 @ t= 0:00:56, 1436.57 txs/s, 117.51 MGas/s, 5813.37x realtime, live DB size: 0.114 GiB, archive DB size: n/a"
[32mINFO [0m[02-25|11:36:22.461] "Processing block 340000 from 2024-12-12 16:32:55 @ t= 0:01:02, 1809.80 txs/s, 98.51 MGas/s, 3594.19x realtime, live DB size: 0.123 GiB, archive DB size: n/a"
[32mINFO [0m[02-25|11:36:25.280] "Processing block 350000 from 2024-12-13 00:05:33 @ t= 0:01:05, 1114.05 txs/s, 146.56 MGas/s, 9632.43x realtime, live DB size: 0.128 GiB, archive DB size: n/a"
[32mINFO [0m[02-25|11:36:27.735] "Processing block 360000 from 2024-12-13 07:49:29 @ t= 0:01:07, 1080.05 txs/s, 102.33 MGas/s, 11336.41x realtime, live DB size: 0.132 GiB, archive DB size: n/a"
[32mINFO [0m[02-25|11:36:30.432] "Processing block 370000 from 2024-12-13 15:27:03 @ t= 0:01:10, 1109.92 txs/s, 125.04 MGas/s, 10180.96x realtime, live DB size: 0.135 GiB, archive DB size: n/a"
[32mINFO [0m[02-25|11:36:34.655] "Processing block 380000 from 2024-12-13 22:47:12 @ t= 0:01:14, 907.18 txs/s, 125.16 MGas/s, 6253.66x realtime, live DB size: 0.145 GiB, archive DB size: n/a"
[32mINFO [0m[02-25|11:36:37.913] "Processing block 390000 from 2024-12-14 06:11:26 @ t= 0:01:17, 1239.66 txs/s, 107.89 MGas/s, 8180.74x realtime, live DB size: 0.148 GiB, archive DB size: n/a"
[32mINFO [0m[02-25|11:36:44.520] "Processing block 400000 from 2024-12-14 12:07:21 @ t= 0:01:24, 982.10 txs/s, 97.21 MGas/s, 3232.06x realtime, live DB size: 0.159 GiB, archive DB size: n/a"
[32mINFO [0m[02-25|11:36:49.897] "Processing block 410000 from 2024-12-14 18:45:54 @ t= 0:01:29, 965.26 txs/s, 116.31 MGas/s, 4447.44x realtime, live DB size: 0.168 GiB, archive DB size: n/a"
[32mINFO [0m[02-25|11:36:58.134] "Processing block 420000 from 2024-12-15 00:42:14 @ t= 0:01:37, 807.83 txs/s, 106.41 MGas/s, 2595.63x realtime, live DB size: 0.182 GiB, archive DB size: n/a"
[32mINFO [0m[02-25|11:37:09.148] "Processing block 430000 from 2024-12-15 05:34:23 @ t= 0:01:48, 776.46 txs/s, 92.58 MGas/s, 1591.50x realtime, live DB size: 0.198 GiB, archive DB size: n/a"
[32mINFO [0m[02-25|11:37:13.181] "Processing block 440000 from 2024-12-15 13:00:36 @ t= 0:01:52, 890.29 txs/s, 115.96 MGas/s, 6639.49x realtime, live DB size: 0.205 GiB, archive DB size: n/a"
[32mINFO [0m[02-25|11:37:23.969] "Processing block 450000 from 2024-12-15 18:48:22 @ t= 0:02:03, 683.35 txs/s, 96.32 MGas/s, 1934.17x realtime, live DB size: 0.221 GiB, archive DB size: n/a"
[32mINFO [0m[02-25|11:37:35.307] "Processing block 460000 from 2024-12-16 00:15:54 @ t= 0:02:15, 691.56 txs/s, 90.13 MGas/s, 1733.25x realtime, live DB size: 0.237 GiB, archive DB size: n/a"
[32mINFO [0m[02-25|11:37:40.645] "Processing block 470000 from 2024-12-16 07:28:32 @ t= 0:02:20, 804.50 txs/s, 98.78 MGas/s, 4863.32x realtime, live DB size: 0.244 GiB, archive DB size: n/a"
[32mINFO [0m[02-25|11:37:49.314] "Processing block 480000 from 2024-12-16 14:03:38 @ t= 0:02:29, 690.97 txs/s, 113.78 MGas/s, 2734.57x realtime, live DB size: 0.255 GiB, archive DB size: n/a"
[32mINFO [0m[02-25|11:38:02.006] "Processing block 490000 from 2024-12-16 19:54:12 @ t= 0:02:41, 553.73 txs/s, 112.07 MGas/s, 1657.26x realtime, live DB size: 0.271 GiB, archive DB size: n/a"
[32mINFO [0m[02-25|11:38:11.260] "Processing block 500000 from 2024-12-17 01:45:36 @ t= 0:02:51, 751.02 txs/s, 182.40 MGas/s, 2278.34x realtime, live DB size: 0.284 GiB, archive DB size: n/a"
[32mINFO [0m[02-25|11:38:15.728] "Processing block 510000 from 2024-12-17 09:10:38 @ t= 0:02:55, 851.37 txs/s, 96.78 MGas/s, 5976.16x realtime, live DB size: 0.306 GiB, archive DB size: n/a"
[32mINFO [0m[02-25|11:38:21.332] "Processing block 520000 from 2024-12-17 16:32:46 @ t= 0:03:01, 679.90 txs/s, 87.08 MGas/s, 4733.94x realtime, live DB size: 0.296 GiB, archive DB size: n/a"
[32mINFO [0m[02-25|11:38:26.980] "Processing block 530000 from 2024-12-17 23:53:54 @ t= 0:03:06, 671.83 txs/s, 93.85 MGas/s, 4685.66x realtime, live DB size: 0.303 GiB, archive DB size: n/a"
[32mINFO [0m[02-25|11:38:32.366] "Processing block 540000 from 2024-12-18 06:52:19 @ t= 0:03:12, 834.70 txs/s, 103.72 MGas/s, 4661.89x realtime, live DB size: 0.311 GiB, archive DB size: n/a"
[32mINFO [0m[02-25|11:38:49.367] "Processing block 550000 from 2024-12-18 12:20:30 @ t= 0:03:29, 937.79 txs/s, 165.60 MGas/s, 1158.18x realtime, live DB size: 0.338 GiB, archive DB size: n/a"
[32mINFO [0m[02-25|11:39:19.709] "Processing block 560000 from 2024-12-18 15:05:32 @ t= 0:03:59, 822.37 txs/s, 193.02 MGas/s, 326.35x realtime, live DB size: 0.399 GiB, archive DB size: n/a"
[32mINFO [0m[02-25|11:40:13.230] "Processing block 570000 from 2024-12-18 16:03:14 @ t= 0:04:52, 552.13 txs/s, 111.24 MGas/s, 64.69x realtime, live DB size: 0.492 GiB, archive DB size: n/a"
[32mINFO [0m[02-25|11:41:14.615] "Processing block 580000 from 2024-12-18 17:01:10 @ t= 0:05:54, 553.65 txs/s, 126.14 MGas/s, 56.63x realtime, live DB size: 0.596 GiB, archive DB size: n/a"
[32mINFO [0m[02-25|11:42:10.437] "Processing block 590000 from 2024-12-18 18:03:07 @ t= 0:06:50, 490.24 txs/s, 117.03 MGas/s, 66.59x realtime, live DB size: 0.692 GiB, archive DB size: n/a"
[32mINFO [0m[02-25|11:43:02.659] "Processing block 600000 from 2024-12-18 19:10:51 @ t= 0:07:42, 479.70 txs/s, 128.45 MGas/s, 77.82x realtime, live DB size: 0.776 GiB, archive DB size: n/a"
[32mINFO [0m[02-25|11:43:54.254] "Processing block 610000 from 2024-12-18 20:40:57 @ t= 0:08:34, 397.23 txs/s, 137.43 MGas/s, 104.78x realtime, live DB size: 0.884 GiB, archive DB size: n/a"
[32mINFO [0m[02-25|11:44:34.436] "Processing block 620000 from 2024-12-18 22:19:49 @ t= 0:09:14, 550.04 txs/s, 144.76 MGas/s, 147.63x realtime, live DB size: 0.929 GiB, archive DB size: n/a"
[32mINFO [0m[02-25|11:45:04.115] "Processing block 630000 from 2024-12-18 23:51:56 @ t= 0:09:43, 649.97 txs/s, 106.35 MGas/s, 186.23x realtime, live DB size: 0.978 GiB, archive DB size: n/a"
[32mINFO [0m[02-25|11:45:34.593] "Processing block 640000 from 2024-12-19 01:48:28 @ t= 0:10:14, 742.72 txs/s, 140.91 MGas/s, 229.41x realtime, live DB size: 1.028 GiB, archive DB size: n/a"
[32mINFO [0m[02-25|11:46:03.664] "Processing block 650000 from 2024-12-19 03:57:40 @ t= 0:10:43, 654.58 txs/s, 118.16 MGas/s, 266.66x realtime, live DB size: 1.079 GiB, archive DB size: n/a"
[32mINFO [0m[02-25|11:46:35.659] "Processing block 660000 from 2024-12-19 06:22:35 @ t= 0:11:15, 498.18 txs/s, 105.36 MGas/s, 271.76x realtime, live DB size: 1.134 GiB, archive DB size: n/a"
[32mINFO [0m[02-25|11:47:24.590] "Processing block 670000 from 2024-12-19 08:37:17 @ t= 0:12:04, 442.37 txs/s, 95.10 MGas/s, 165.17x realtime, live DB size: 1.202 GiB, archive DB size: n/a"
[32mINFO [0m[02-25|11:47:53.283] "Processing block 680000 from 2024-12-19 11:07:15 @ t= 0:12:33, 569.51 txs/s, 95.01 MGas/s, 313.61x realtime, live DB size: 1.304 GiB, archive DB size: n/a"
[32mINFO [0m[02-25|11:48:28.996] "Processing block 690000 from 2024-12-19 13:05:52 @ t= 0:13:08, 437.20 txs/s, 75.04 MGas/s, 199.28x realtime, live DB size: 1.302 GiB, archive DB size: n/a"
[32mINFO [0m[02-25|11:49:08.384] "Processing block 700000 from 2024-12-19 14:50:17 @ t= 0:13:48, 434.25 txs/s, 71.57 MGas/s, 159.06x realtime, live DB size: 1.349 GiB, archive DB size: n/a"
[32mINFO [0m[02-25|11:50:18.086] "Processing block 710000 from 2024-12-19 15:58:36 @ t= 0:14:57, 547.22 txs/s, 76.84 MGas/s, 58.81x realtime, live DB size: 1.426 GiB, archive DB size: n/a"
[32mINFO [0m[02-25|11:51:15.201] "Processing block 720000 from 2024-12-19 16:58:45 @ t= 0:15:54, 550.94 txs/s, 76.58 MGas/s, 63.19x realtime, live DB size: 1.490 GiB, archive DB size: n/a"
[32mINFO [0m[02-25|11:52:07.049] "Processing block 730000 from 2024-12-19 18:00:03 @ t= 0:16:46, 508.35 txs/s, 69.52 MGas/s, 70.94x realtime, live DB size: 1.548 GiB, archive DB size: n/a"
[32mINFO [0m[02-25|11:53:01.650] "Processing block 740000 from 2024-12-19 19:12:46 @ t= 0:17:41, 402.89 txs/s, 69.04 MGas/s, 79.91x realtime, live DB size: 1.605 GiB, archive DB size: n/a"
[32mINFO [0m[02-25|11:54:42.150] "Processing block 750000 from 2024-12-19 20:29:37 @ t= 0:19:21, 508.27 txs/s, 101.30 MGas/s, 45.88x realtime, live DB size: 1.725 GiB, archive DB size: n/a"
[32mINFO [0m[02-25|11:55:23.310] "Processing block 760000 from 2024-12-19 21:55:34 @ t= 0:20:03, 484.91 txs/s, 74.49 MGas/s, 125.29x realtime, live DB size: 1.767 GiB, archive DB size: n/a"
[32mINFO [0m[02-25|11:56:05.448] "Processing block 770000 from 2024-12-19 23:45:38 @ t= 0:20:45, 465.69 txs/s, 82.01 MGas/s, 156.72x realtime, live DB size: 1.823 GiB, archive DB size: n/a"
[32mINFO [0m[02-25|11:56:47.343] "Processing block 780000 from 2024-12-20 01:33:10 @ t= 0:21:27, 424.35 txs/s, 67.58 MGas/s, 154.01x realtime, live DB size: 1.863 GiB, archive DB size: n/a"
[32mINFO [0m[02-25|11:57:31.702] "Processing block 790000 from 2024-12-20 02:57:50 @ t= 0:22:11, 495.86 txs/s, 62.73 MGas/s, 114.52x realtime, live DB size: 1.910 GiB, archive DB size: n/a"
[32mINFO [0m[02-25|11:58:20.644] "Processing block 800000 from 2024-12-20 04:14:35 @ t= 0:23:00, 517.60 txs/s, 67.38 MGas/s, 94.09x realtime, live DB size: 1.963 GiB, archive DB size: n/a"
[32mINFO [0m[02-25|11:59:06.988] "Processing block 810000 from 2024-12-20 05:52:21 @ t= 0:23:46, 388.48 txs/s, 66.21 MGas/s, 126.57x realtime, live DB size: 2.039 GiB, archive DB size: n/a"
[32mINFO [0m[02-25|11:59:39.176] "Processing block 820000 from 2024-12-20 07:20:12 @ t= 0:24:18, 575.86 txs/s, 68.20 MGas/s, 163.76x realtime, live DB size: 2.046 GiB, archive DB size: n/a"
[32mINFO [0m[02-25|12:00:20.663] "Processing block 830000 from 2024-12-20 08:34:44 @ t= 0:25:00, 489.41 txs/s, 55.37 MGas/s, 107.79x realtime, live DB size: 2.084 GiB, archive DB size: n/a"
[32mINFO [0m[02-25|12:00:52.341] "Processing block 840000 from 2024-12-20 09:39:29 @ t= 0:25:32, 704.63 txs/s, 54.35 MGas/s, 122.64x realtime, live DB size: 2.116 GiB, archive DB size: n/a"
[32mINFO [0m[02-25|12:01:26.122] "Processing block 850000 from 2024-12-20 10:56:12 @ t= 0:26:05, 637.60 txs/s, 56.50 MGas/s, 136.26x realtime, live DB size: 2.172 GiB, archive DB size: n/a"
[32mINFO [0m[02-25|12:02:37.283] "Processing block 860000 from 2024-12-20 12:10:12 @ t= 0:27:17, 503.02 txs/s, 83.06 MGas/s, 62.39x realtime, live DB size: 2.230 GiB, archive DB size: n/a"
[32mINFO [0m[02-25|12:03:18.179] "Processing block 870000 from 2024-12-20 13:25:37 @ t= 0:27:57, 587.20 txs/s, 79.17 MGas/s, 110.65x realtime, live DB size: 2.270 GiB, archive DB size: n/a"
[32mINFO [0m[02-25|12:04:02.029] "Processing block 880000 from 2024-12-20 14:29:06 @ t= 0:28:41, 578.00 txs/s, 64.19 MGas/s, 86.87x realtime, live DB size: 2.314 GiB, archive DB size: n/a"
[32mINFO [0m[02-25|12:04:38.534] "Processing block 890000 from 2024-12-20 15:41:23 @ t= 0:29:18, 701.38 txs/s, 76.09 MGas/s, 118.80x realtime, live DB size: 2.352 GiB, archive DB size: n/a"
[32mINFO [0m[02-25|12:05:10.318] "Processing block 900000 from 2024-12-20 16:59:12 @ t= 0:29:50, 700.24 txs/s, 89.08 MGas/s, 146.90x realtime, live DB size: 2.387 GiB, archive DB size: n/a"
[32mINFO [0m[02-25|12:05:54.022] "Processing block 910000 from 2024-12-20 18:32:13 @ t= 0:30:33, 648.01 txs/s, 131.59 MGas/s, 127.70x realtime, live DB size: 2.431 GiB, archive DB size: n/a"
[32mINFO [0m[02-25|12:06:32.599] "Processing block 920000 from 2024-12-20 20:35:19 @ t= 0:31:12, 555.39 txs/s, 107.87 MGas/s, 191.46x realtime, live DB size: 2.480 GiB, archive DB size: n/a"
[32mINFO [0m[02-25|12:07:15.266] "Processing block 930000 from 2024-12-20 22:12:50 @ t= 0:31:55, 860.13 txs/s, 153.19 MGas/s, 137.13x realtime, live DB size: 2.508 GiB, archive DB size: n/a"
[32mINFO [0m[02-25|12:08:14.100] "Processing block 940000 from 2024-12-20 23:44:47 @ t= 0:32:53, 399.39 txs/s, 81.55 MGas/s, 93.77x realtime, live DB size: 2.564 GiB, archive DB size: n/a"
[32mINFO [0m[02-25|12:09:24.272] "Processing block 950000 from 2024-12-21 00:51:33 @ t= 0:34:04, 422.16 txs/s, 94.03 MGas/s, 57.09x realtime, live DB size: 2.629 GiB, archive DB size: n/a"
[32mINFO [0m[02-25|12:10:35.792] "Processing block 960000 from 2024-12-21 01:55:13 @ t= 0:35:15, 483.91 txs/s, 80.24 MGas/s, 53.41x realtime, live DB size: 2.695 GiB, archive DB size: n/a"
[32mINFO [0m[02-25|12:11:39.616] "Processing block 970000 from 2024-12-21 02:56:57 @ t= 0:36:19, 661.46 txs/s, 88.12 MGas/s, 58.03x realtime, live DB size: 2.839 GiB, archive DB size: n/a"
[32mINFO [0m[02-25|12:12:34.562] "Processing block 980000 from 2024-12-21 04:14:08 @ t= 0:37:14, 458.67 txs/s, 70.93 MGas/s, 84.28x realtime, live DB size: 2.808 GiB, archive DB size: n/a"
[32mINFO [0m[02-25|12:13:42.023] "Processing block 990000 from 2024-12-21 06:12:38 @ t= 0:38:21, 821.16 txs/s, 63.17 MGas/s, 105.39x realtime, live DB size: 2.869 GiB, archive DB size: n/a"
[32mINFO [0m[02-25|12:14:22.765] "Processing block 1000000 from 2024-12-21 08:32:43 @ t= 0:39:02, 560.07 txs/s, 94.64 MGas/s, 206.29x realtime, live DB size: 2.910 GiB, archive DB size: n/a"
[32mINFO [0m[02-25|12:14:59.706] "Processing block 1010000 from 2024-12-21 10:34:23 @ t= 0:39:39, 688.08 txs/s, 98.24 MGas/s, 197.62x realtime, live DB size: 2.949 GiB, archive DB size: n/a"
[32mINFO [0m[02-25|12:15:53.746] "Processing block 1020000 from 2024-12-21 12:07:28 @ t= 0:40:33, 373.07 txs/s, 85.25 MGas/s, 103.35x realtime, live DB size: 3.006 GiB, archive DB size: n/a"
[32mINFO [0m[02-25|12:16:35.127] "Processing block 1030000 from 2024-12-21 13:56:53 @ t= 0:41:14, 714.95 txs/s, 137.94 MGas/s, 158.65x realtime, live DB size: 3.043 GiB, archive DB size: n/a"
[32mINFO [0m[02-25|12:17:23.234] "Processing block 1040000 from 2024-12-21 15:29:13 @ t= 0:42:02, 424.66 txs/s, 70.78 MGas/s, 115.16x realtime, live DB size: 3.090 GiB, archive DB size: n/a"
[32mINFO [0m[02-25|12:18:29.703] "Processing block 1050000 from 2024-12-21 16:50:51 @ t= 0:43:09, 1153.55 txs/s, 80.40 MGas/s, 73.69x realtime, live DB size: 3.149 GiB, archive DB size: n/a"
[32mINFO [0m[02-25|12:19:06.451] "Processing block 1060000 from 2024-12-21 18:37:28 @ t= 0:43:46, 569.16 txs/s, 85.45 MGas/s, 174.07x realtime, live DB size: 3.188 GiB, archive DB size: n/a"
[32mINFO [0m[02-25|12:20:14.224] "Processing block 1070000 from 2024-12-21 20:13:50 @ t= 0:44:53, 602.85 txs/s, 174.45 MGas/s, 85.31x realtime, live DB size: 3.260 GiB, archive DB size: n/a"
[32mINFO [0m[02-25|12:21:55.509] "Processing block 1080000 from 2024-12-21 21:22:23 @ t= 0:46:35, 492.72 txs/s, 158.56 MGas/s, 40.61x realtime, live DB size: 3.359 GiB, archive DB size: n/a"
[32mINFO [0m[02-25|12:23:19.046] "Processing block 1090000 from 2024-12-21 22:30:44 @ t= 0:47:58, 565.13 txs/s, 162.16 MGas/s, 49.09x realtime, live DB size: 3.439 GiB, archive DB size: n/a"
[31mERROR[0m[02-25|12:24:01.099] Failed to log progress                   [31merror[0m="failed to compute live database size: lstat /var/data/luigi/carmen/rust/state_db_4930b6acf82bbc05c7da84b7fe2fbc6df995bf1f_go-geth2-leveldb_['--with-archive']/live/038508.ldb: no such file or directory"
[32mINFO [0m[02-25|12:24:32.184] "Processing block 1110000 from 2024-12-22 02:13:04 @ t= 0:49:11, 702.24 txs/s, 95.88 MGas/s, 206.89x realtime, live DB size: 3.517 GiB, archive DB size: n/a"
[32mINFO [0m[02-25|12:25:58.275] "Processing block 1120000 from 2024-12-22 03:49:28 @ t= 0:50:38, 2697.91 txs/s, 84.52 MGas/s, 67.19x realtime, live DB size: 3.631 GiB, archive DB size: n/a"
[32mINFO [0m[02-25|12:26:43.902] "Processing block 1130000 from 2024-12-22 05:12:37 @ t= 0:51:23, 788.30 txs/s, 68.80 MGas/s, 109.34x realtime, live DB size: 3.634 GiB, archive DB size: n/a"
[32mINFO [0m[02-25|12:27:26.131] "Processing block 1140000 from 2024-12-22 06:45:13 @ t= 0:52:05, 577.43 txs/s, 100.80 MGas/s, 131.57x realtime, live DB size: 3.676 GiB, archive DB size: n/a"
[32mINFO [0m[02-25|12:27:58.918] "Processing block 1150000 from 2024-12-22 08:29:43 @ t= 0:52:38, 679.10 txs/s, 112.90 MGas/s, 191.23x realtime, live DB size: 3.707 GiB, archive DB size: n/a"
[32mINFO [0m[02-25|12:28:36.003] "Processing block 1160000 from 2024-12-22 10:13:26 @ t= 0:53:15, 671.37 txs/s, 124.26 MGas/s, 167.80x realtime, live DB size: 3.745 GiB, archive DB size: n/a"
[32mINFO [0m[02-25|12:29:18.677] "Processing block 1170000 from 2024-12-22 11:48:07 @ t= 0:53:58, 566.86 txs/s, 120.88 MGas/s, 133.13x realtime, live DB size: 3.785 GiB, archive DB size: n/a"
[32mINFO [0m[02-25|12:30:04.794] "Processing block 1180000 from 2024-12-22 13:18:29 @ t= 0:54:44, 582.18 txs/s, 139.14 MGas/s, 117.57x realtime, live DB size: 3.826 GiB, archive DB size: n/a"
[32mINFO [0m[02-25|12:30:58.423] "Processing block 1190000 from 2024-12-22 14:36:27 @ t= 0:55:38, 401.03 txs/s, 63.52 MGas/s, 87.23x realtime, live DB size: 3.881 GiB, archive DB size: n/a"
[32mINFO [0m[02-25|12:31:55.351] "Processing block 1200000 from 2024-12-22 15:52:34 @ t= 0:56:35, 389.86 txs/s, 61.93 MGas/s, 80.22x realtime, live DB size: 3.934 GiB, archive DB size: n/a"
[32mINFO [0m[02-25|12:33:01.578] "Processing block 1210000 from 2024-12-22 17:06:03 @ t= 0:57:41, 344.41 txs/s, 63.16 MGas/s, 66.57x realtime, live DB size: 3.997 GiB, archive DB size: n/a"
[32mINFO [0m[02-25|12:34:00.261] "Processing block 1220000 from 2024-12-22 18:46:15 @ t= 0:58:40, 394.09 txs/s, 94.26 MGas/s, 102.45x realtime, live DB size: 4.050 GiB, archive DB size: n/a"
[32mINFO [0m[02-25|12:34:50.067] "Processing block 1230000 from 2024-12-22 20:20:36 @ t= 0:59:29, 693.50 txs/s, 118.37 MGas/s, 113.66x realtime, live DB size: 4.094 GiB, archive DB size: n/a"
[32mINFO [0m[02-25|12:35:57.665] "Processing block 1240000 from 2024-12-22 22:11:31 @ t= 1:00:37, 425.58 txs/s, 135.43 MGas/s, 98.45x realtime, live DB size: 4.156 GiB, archive DB size: n/a"
[32mINFO [0m[02-25|12:36:50.669] "Processing block 1250000 from 2024-12-23 00:20:36 @ t= 1:01:30, 537.40 txs/s, 129.79 MGas/s, 146.12x realtime, live DB size: 4.200 GiB, archive DB size: n/a"
[32mINFO [0m[02-25|12:37:29.504] "Processing block 1260000 from 2024-12-23 01:43:26 @ t= 1:02:09, 538.49 txs/s, 79.09 MGas/s, 127.98x realtime, live DB size: 4.244 GiB, archive DB size: n/a"
[32mINFO [0m[02-25|12:38:06.510] "Processing block 1270000 from 2024-12-23 02:49:23 @ t= 1:02:46, 567.92 txs/s, 85.25 MGas/s, 106.93x realtime, live DB size: 4.283 GiB, archive DB size: n/a"
[32mINFO [0m[02-25|12:38:44.777] "Processing block 1280000 from 2024-12-23 03:59:21 @ t= 1:03:24, 520.95 txs/s, 71.64 MGas/s, 109.70x realtime, live DB size: 4.323 GiB, archive DB size: n/a"
[32mINFO [0m[02-25|12:39:33.927] "Processing block 1290000 from 2024-12-23 05:08:56 @ t= 1:04:13, 387.94 txs/s, 57.43 MGas/s, 84.94x realtime, live DB size: 4.373 GiB, archive DB size: n/a"
[32mINFO [0m[02-25|12:40:27.514] "Processing block 1300000 from 2024-12-23 06:16:49 @ t= 1:05:07, 410.12 txs/s, 67.87 MGas/s, 76.01x realtime, live DB size: 4.427 GiB, archive DB size: n/a"
[32mINFO [0m[02-25|12:41:03.847] "Processing block 1310000 from 2024-12-23 07:39:07 @ t= 1:05:43, 488.35 txs/s, 88.41 MGas/s, 135.91x realtime, live DB size: 4.468 GiB, archive DB size: n/a"
[32mINFO [0m[02-25|12:41:39.909] "Processing block 1320000 from 2024-12-23 09:19:33 @ t= 1:06:19, 438.10 txs/s, 64.10 MGas/s, 167.10x realtime, live DB size: 4.506 GiB, archive DB size: n/a"
[32mINFO [0m[02-25|12:42:17.336] "Processing block 1330000 from 2024-12-23 11:39:36 @ t= 1:06:57, 460.84 txs/s, 98.00 MGas/s, 224.52x realtime, live DB size: 4.539 GiB, archive DB size: n/a"
[32mINFO [0m[02-25|12:43:02.607] "Processing block 1340000 from 2024-12-23 13:47:16 @ t= 1:07:42, 377.57 txs/s, 78.03 MGas/s, 169.20x realtime, live DB size: 4.582 GiB, archive DB size: n/a"
[32mINFO [0m[02-25|12:43:48.739] "Processing block 1350000 from 2024-12-23 15:35:23 @ t= 1:08:28, 482.61 txs/s, 98.25 MGas/s, 140.62x realtime, live DB size: 4.608 GiB, archive DB size: n/a"
[32mINFO [0m[02-25|12:44:43.550] "Processing block 1360000 from 2024-12-23 17:29:54 @ t= 1:09:23, 484.84 txs/s, 103.15 MGas/s, 125.36x realtime, live DB size: 4.652 GiB, archive DB size: n/a"
[32mINFO [0m[02-25|12:45:45.405] "Processing block 1370000 from 2024-12-23 18:50:07 @ t= 1:10:25, 996.48 txs/s, 84.97 MGas/s, 77.81x realtime, live DB size: 4.706 GiB, archive DB size: n/a"
[32mINFO [0m[02-25|12:46:14.638] "Processing block 1380000 from 2024-12-23 20:40:04 @ t= 1:10:54, 546.03 txs/s, 115.47 MGas/s, 225.67x realtime, live DB size: 4.730 GiB, archive DB size: n/a"
[32mINFO [0m[02-25|12:46:54.293] "Processing block 1390000 from 2024-12-23 22:51:04 @ t= 1:11:34, 551.34 txs/s, 154.43 MGas/s, 198.21x realtime, live DB size: 4.762 GiB, archive DB size: n/a"
[32mINFO [0m[02-25|12:47:42.755] "Processing block 1400000 from 2024-12-24 01:02:42 @ t= 1:12:22, 374.68 txs/s, 92.14 MGas/s, 162.97x realtime, live DB size: 4.799 GiB, archive DB size: n/a"
[32mINFO [0m[02-25|12:48:22.552] "Processing block 1410000 from 2024-12-24 03:19:11 @ t= 1:13:02, 526.24 txs/s, 119.75 MGas/s, 205.77x realtime, live DB size: 4.830 GiB, archive DB size: n/a"
[32mINFO [0m[02-25|12:49:18.479] "Processing block 1420000 from 2024-12-24 05:47:10 @ t= 1:13:58, 545.59 txs/s, 202.17 MGas/s, 158.76x realtime, live DB size: 4.873 GiB, archive DB size: n/a"
[32mINFO [0m[02-25|12:50:09.978] "Processing block 1430000 from 2024-12-24 07:41:05 @ t= 1:14:49, 440.45 txs/s, 124.48 MGas/s, 132.72x realtime, live DB size: 4.917 GiB, archive DB size: n/a"
[32mINFO [0m[02-25|12:50:59.457] "Processing block 1440000 from 2024-12-24 09:34:53 @ t= 1:15:39, 354.17 txs/s, 79.65 MGas/s, 138.00x realtime, live DB size: 4.962 GiB, archive DB size: n/a"
[32mINFO [0m[02-25|12:51:51.394] "Processing block 1450000 from 2024-12-24 11:23:47 @ t= 1:16:31, 407.96 txs/s, 104.13 MGas/s, 125.81x realtime, live DB size: 5.027 GiB, archive DB size: n/a"
[32mINFO [0m[02-25|12:52:51.733] "Processing block 1460000 from 2024-12-24 13:08:53 @ t= 1:17:31, 338.02 txs/s, 89.91 MGas/s, 104.51x realtime, live DB size: 5.060 GiB, archive DB size: n/a"
[32mINFO [0m[02-25|12:53:57.798] "Processing block 1470000 from 2024-12-24 15:28:33 @ t= 1:18:37, 382.46 txs/s, 111.17 MGas/s, 126.85x realtime, live DB size: 5.111 GiB, archive DB size: n/a"
[32mINFO [0m[02-25|12:54:56.792] "Processing block 1480000 from 2024-12-24 17:14:12 @ t= 1:19:36, 347.97 txs/s, 84.47 MGas/s, 107.45x realtime, live DB size: 5.165 GiB, archive DB size: n/a"
[32mINFO [0m[02-25|12:55:51.040] "Processing block 1490000 from 2024-12-24 19:45:15 @ t= 1:20:30, 305.89 txs/s, 77.89 MGas/s, 167.06x realtime, live DB size: 5.207 GiB, archive DB size: n/a"
[32mINFO [0m[02-25|12:56:50.018] "Processing block 1500000 from 2024-12-24 22:42:24 @ t= 1:21:29, 419.75 txs/s, 154.31 MGas/s, 180.22x realtime, live DB size: 5.253 GiB, archive DB size: n/a"
[32mINFO [0m[02-25|12:57:40.819] "Processing block 1510000 from 2024-12-25 00:57:10 @ t= 1:22:20, 356.43 txs/s, 83.36 MGas/s, 159.17x realtime, live DB size: 5.303 GiB, archive DB size: n/a"
[32mINFO [0m[02-25|12:58:33.761] "Processing block 1520000 from 2024-12-25 03:09:04 @ t= 1:23:13, 324.83 txs/s, 73.99 MGas/s, 149.49x realtime, live DB size: 5.356 GiB, archive DB size: n/a"
[32mINFO [0m[02-25|12:59:24.966] "Processing block 1530000 from 2024-12-25 05:54:59 @ t= 1:24:04, 266.61 txs/s, 57.30 MGas/s, 194.41x realtime, live DB size: 5.409 GiB, archive DB size: n/a"
[32mINFO [0m[02-25|13:00:09.302] "Processing block 1540000 from 2024-12-25 08:49:20 @ t= 1:24:49, 511.21 txs/s, 125.43 MGas/s, 235.95x realtime, live DB size: 5.446 GiB, archive DB size: n/a"
[32mINFO [0m[02-25|13:01:00.095] "Processing block 1550000 from 2024-12-25 11:49:01 @ t= 1:25:39, 498.59 txs/s, 148.48 MGas/s, 212.25x realtime, live DB size: 5.491 GiB, archive DB size: n/a"
[32mINFO [0m[02-25|13:01:56.578] "Processing block 1560000 from 2024-12-25 14:11:39 @ t= 1:26:36, 355.90 txs/s, 92.30 MGas/s, 151.52x realtime, live DB size: 5.542 GiB, archive DB size: n/a"
[31mERROR[0m[02-25|13:03:30.996] Failed to log progress                   [31merror[0m="failed to compute live database size: lstat /var/data/luigi/carmen/rust/state_db_4930b6acf82bbc05c7da84b7fe2fbc6df995bf1f_go-geth2-leveldb_['--with-archive']/live/066825.log: no such file or directory"
[32mINFO [0m[02-25|13:06:00.100] "Processing block 1580000 from 2024-12-25 18:12:48 @ t= 1:30:39, 1053.94 txs/s, 335.64 MGas/s, 45.00x realtime, live DB size: 5.759 GiB, archive DB size: n/a"
[32mINFO [0m[02-25|13:07:23.626] "Processing block 1590000 from 2024-12-25 20:20:54 @ t= 1:32:03, 631.69 txs/s, 246.51 MGas/s, 92.02x realtime, live DB size: 5.760 GiB, archive DB size: n/a"
[32mINFO [0m[02-25|13:08:48.213] "Processing block 1600000 from 2024-12-25 23:03:32 @ t= 1:33:27, 758.17 txs/s, 246.73 MGas/s, 115.36x realtime, live DB size: 5.875 GiB, archive DB size: n/a"
[32mINFO [0m[02-25|13:10:07.279] "Processing block 1610000 from 2024-12-26 01:46:56 @ t= 1:34:47, 628.64 txs/s, 192.15 MGas/s, 124.00x realtime, live DB size: 5.882 GiB, archive DB size: n/a"
[32mINFO [0m[02-25|13:11:13.675] "Processing block 1620000 from 2024-12-26 05:19:37 @ t= 1:35:53, 651.10 txs/s, 210.52 MGas/s, 192.20x realtime, live DB size: 5.931 GiB, archive DB size: n/a"
[32mINFO [0m[02-25|13:12:11.267] "Processing block 1630000 from 2024-12-26 08:29:15 @ t= 1:36:51, 452.43 txs/s, 177.89 MGas/s, 197.56x realtime, live DB size: 5.972 GiB, archive DB size: n/a"
[32mINFO [0m[02-25|13:13:24.530] "Processing block 1640000 from 2024-12-26 10:49:29 @ t= 1:38:04, 493.98 txs/s, 151.40 MGas/s, 114.85x realtime, live DB size: 6.030 GiB, archive DB size: n/a"
[32mINFO [0m[02-25|13:14:48.991] "Processing block 1650000 from 2024-12-26 13:41:22 @ t= 1:39:28, 640.48 txs/s, 206.35 MGas/s, 122.10x realtime, live DB size: 6.088 GiB, archive DB size: n/a"
[32mINFO [0m[02-25|13:16:19.491] "Processing block 1660000 from 2024-12-26 16:20:36 @ t= 1:40:59, 527.24 txs/s, 227.95 MGas/s, 105.57x realtime, live DB size: 6.144 GiB, archive DB size: n/a"
[32mINFO [0m[02-25|13:17:51.346] "Processing block 1670000 from 2024-12-26 18:55:53 @ t= 1:42:31, 672.13 txs/s, 214.82 MGas/s, 101.43x realtime, live DB size: 6.204 GiB, archive DB size: n/a"
[32mINFO [0m[02-25|13:19:47.826] "Processing block 1680000 from 2024-12-26 21:39:14 @ t= 1:44:27, 962.43 txs/s, 304.18 MGas/s, 84.14x realtime, live DB size: 6.274 GiB, archive DB size: n/a"
[32mINFO [0m[02-25|13:21:11.139] "Processing block 1690000 from 2024-12-26 23:49:32 @ t= 1:45:50, 765.63 txs/s, 233.24 MGas/s, 93.84x realtime, live DB size: 6.332 GiB, archive DB size: n/a"
[32mINFO [0m[02-25|13:22:42.343] "Processing block 1700000 from 2024-12-27 02:04:07 @ t= 1:47:22, 763.44 txs/s, 225.21 MGas/s, 88.54x realtime, live DB size: 6.398 GiB, archive DB size: n/a"
[32mINFO [0m[02-25|13:23:58.815] "Processing block 1710000 from 2024-12-27 04:25:58 @ t= 1:48:38, 607.85 txs/s, 177.54 MGas/s, 111.30x realtime, live DB size: 6.458 GiB, archive DB size: n/a"
[32mINFO [0m[02-25|13:25:14.996] "Processing block 1720000 from 2024-12-27 07:10:22 @ t= 1:49:54, 644.82 txs/s, 194.50 MGas/s, 129.48x realtime, live DB size: 6.513 GiB, archive DB size: n/a"
[32mINFO [0m[02-25|13:26:54.426] "Processing block 1730000 from 2024-12-27 09:45:44 @ t= 1:51:34, 620.75 txs/s, 212.57 MGas/s, 93.75x realtime, live DB size: 6.576 GiB, archive DB size: n/a"
[31mERROR[0m[02-25|13:28:50.834] Failed to log progress                   [31merror[0m="failed to compute live database size: lstat /var/data/luigi/carmen/rust/state_db_4930b6acf82bbc05c7da84b7fe2fbc6df995bf1f_go-geth2-leveldb_['--with-archive']/live/077974.ldb: no such file or directory"
[32mINFO [0m[02-25|13:29:59.296] "Processing block 1750000 from 2024-12-27 14:50:32 @ t= 1:54:39, 523.60 txs/s, 149.83 MGas/s, 145.81x realtime, live DB size: 6.698 GiB, archive DB size: n/a"
[32mINFO [0m[02-25|13:31:29.527] "Processing block 1760000 from 2024-12-27 17:14:33 @ t= 1:56:09, 526.07 txs/s, 191.02 MGas/s, 95.76x realtime, live DB size: 6.760 GiB, archive DB size: n/a"
[32mINFO [0m[02-25|13:32:55.127] "Processing block 1770000 from 2024-12-27 20:12:58 @ t= 1:57:34, 601.77 txs/s, 179.66 MGas/s, 125.06x realtime, live DB size: 6.819 GiB, archive DB size: n/a"
[32mINFO [0m[02-25|13:34:15.816] "Processing block 1780000 from 2024-12-27 23:35:28 @ t= 1:58:55, 597.95 txs/s, 193.52 MGas/s, 150.58x realtime, live DB size: 6.877 GiB, archive DB size: n/a"
[32mINFO [0m[02-25|13:35:26.615] "Processing block 1790000 from 2024-12-28 02:59:44 @ t= 2:00:06, 565.79 txs/s, 189.14 MGas/s, 173.11x realtime, live DB size: 6.929 GiB, archive DB size: n/a"
[32mINFO [0m[02-25|13:36:38.482] "Processing block 1800000 from 2024-12-28 06:07:43 @ t= 2:01:18, 641.06 txs/s, 207.87 MGas/s, 156.94x realtime, live DB size: 6.983 GiB, archive DB size: n/a"
[32mINFO [0m[02-25|13:37:55.512] "Processing block 1810000 from 2024-12-28 09:20:49 @ t= 2:02:35, 567.30 txs/s, 203.42 MGas/s, 150.41x realtime, live DB size: 7.040 GiB, archive DB size: n/a"
[32mINFO [0m[02-25|13:39:06.322] "Processing block 1820000 from 2024-12-28 12:32:11 @ t= 2:03:46, 449.01 txs/s, 144.85 MGas/s, 162.15x realtime, live DB size: 7.090 GiB, archive DB size: n/a"
[32mINFO [0m[02-25|13:40:31.427] "Processing block 1830000 from 2024-12-28 15:27:01 @ t= 2:05:11, 531.86 txs/s, 168.95 MGas/s, 123.26x realtime, live DB size: 7.149 GiB, archive DB size: n/a"
[32mINFO [0m[02-25|13:42:10.692] "Processing block 1840000 from 2024-12-28 17:46:36 @ t= 2:06:50, 653.25 txs/s, 224.28 MGas/s, 84.37x realtime, live DB size: 7.215 GiB, archive DB size: n/a"
[32mINFO [0m[02-25|13:43:32.263] "Processing block 1850000 from 2024-12-28 20:14:48 @ t= 2:08:12, 538.52 txs/s, 170.65 MGas/s, 109.01x realtime, live DB size: 7.271 GiB, archive DB size: n/a"
[32mINFO [0m[02-25|13:45:01.173] "Processing block 1860000 from 2024-12-28 23:23:36 @ t= 2:09:40, 733.41 txs/s, 239.48 MGas/s, 127.41x realtime, live DB size: 7.334 GiB, archive DB size: n/a"
[32mINFO [0m[02-25|13:46:31.396] "Processing block 1870000 from 2024-12-29 03:01:09 @ t= 2:11:11, 562.89 txs/s, 213.68 MGas/s, 144.67x realtime, live DB size: 7.396 GiB, archive DB size: n/a"
[32mINFO [0m[02-25|13:47:44.623] "Processing block 1880000 from 2024-12-29 06:52:54 @ t= 2:12:24, 448.04 txs/s, 158.69 MGas/s, 189.89x realtime, live DB size: 7.443 GiB, archive DB size: n/a"
[32mINFO [0m[02-25|13:49:01.925] "Processing block 1890000 from 2024-12-29 10:27:38 @ t= 2:13:41, 541.46 txs/s, 183.66 MGas/s, 166.67x realtime, live DB size: 7.495 GiB, archive DB size: n/a"
[32mINFO [0m[02-25|13:50:26.841] "Processing block 1900000 from 2024-12-29 13:26:16 @ t= 2:15:06, 521.08 txs/s, 179.83 MGas/s, 126.22x realtime, live DB size: 7.555 GiB, archive DB size: n/a"
[32mINFO [0m[02-25|13:51:44.029] "Processing block 1910000 from 2024-12-29 16:07:44 @ t= 2:16:23, 408.77 txs/s, 142.57 MGas/s, 125.51x realtime, live DB size: 7.608 GiB, archive DB size: n/a"
[32mINFO [0m[02-25|13:53:00.769] "Processing block 1920000 from 2024-12-29 18:11:40 @ t= 2:17:40, 513.33 txs/s, 153.35 MGas/s, 96.90x realtime, live DB size: 7.664 GiB, archive DB size: n/a"
[32mINFO [0m[02-25|13:54:10.927] "Processing block 1930000 from 2024-12-29 21:01:53 @ t= 2:18:50, 561.52 txs/s, 172.29 MGas/s, 145.57x realtime, live DB size: 7.716 GiB, archive DB size: n/a"
[32mINFO [0m[02-25|13:55:25.571] "Processing block 1940000 from 2024-12-30 00:00:28 @ t= 2:20:05, 580.82 txs/s, 194.24 MGas/s, 143.55x realtime, live DB size: 7.768 GiB, archive DB size: n/a"
[32mINFO [0m[02-25|13:57:02.793] "Processing block 1950000 from 2024-12-30 02:45:00 @ t= 2:21:42, 674.20 txs/s, 225.50 MGas/s, 101.54x realtime, live DB size: 7.836 GiB, archive DB size: n/a"
[32mINFO [0m[02-25|13:58:18.010] "Processing block 1960000 from 2024-12-30 06:00:14 @ t= 2:22:57, 654.30 txs/s, 186.12 MGas/s, 155.73x realtime, live DB size: 7.894 GiB, archive DB size: n/a"
[32mINFO [0m[02-25|13:59:46.196] "Processing block 1970000 from 2024-12-30 08:59:11 @ t= 2:24:25, 460.07 txs/s, 148.69 MGas/s, 121.75x realtime, live DB size: 7.947 GiB, archive DB size: n/a"
[32mINFO [0m[02-25|14:00:52.593] "Processing block 1980000 from 2024-12-30 11:34:16 @ t= 2:25:32, 474.70 txs/s, 132.43 MGas/s, 140.14x realtime, live DB size: 7.997 GiB, archive DB size: n/a"
[32mINFO [0m[02-25|14:01:58.225] "Processing block 1990000 from 2024-12-30 13:27:19 @ t= 2:26:37, 541.61 txs/s, 146.56 MGas/s, 103.35x realtime, live DB size: 8.044 GiB, archive DB size: n/a"
[32mINFO [0m[02-25|14:03:42.726] "Processing block 2000000 from 2024-12-30 15:09:43 @ t= 2:28:22, 627.80 txs/s, 202.63 MGas/s, 58.79x realtime, live DB size: 8.110 GiB, archive DB size: n/a"
[32mINFO [0m[02-25|14:04:58.054] "Processing block 2010000 from 2024-12-30 16:57:11 @ t= 2:29:37, 476.36 txs/s, 153.23 MGas/s, 85.60x realtime, live DB size: 8.162 GiB, archive DB size: n/a"
[32mINFO [0m[02-25|14:06:20.838] "Processing block 2020000 from 2024-12-30 19:21:04 @ t= 2:31:00, 533.58 txs/s, 160.55 MGas/s, 104.28x realtime, live DB size: 8.221 GiB, archive DB size: n/a"
[32mINFO [0m[02-25|14:07:46.205] "Processing block 2030000 from 2024-12-30 22:14:16 @ t= 2:32:25, 479.63 txs/s, 153.54 MGas/s, 121.73x realtime, live DB size: 8.284 GiB, archive DB size: n/a"
[32mINFO [0m[02-25|14:09:54.717] "Processing block 2040000 from 2024-12-31 00:28:54 @ t= 2:34:34, 692.67 txs/s, 230.92 MGas/s, 62.86x realtime, live DB size: 8.365 GiB, archive DB size: n/a"
[32mINFO [0m[02-25|14:11:40.177] "Processing block 2050000 from 2024-12-31 03:22:14 @ t= 2:36:19, 613.35 txs/s, 198.80 MGas/s, 98.62x realtime, live DB size: 8.440 GiB, archive DB size: n/a"
[32mINFO [0m[02-25|14:12:54.933] "Processing block 2060000 from 2024-12-31 07:09:08 @ t= 2:37:34, 447.10 txs/s, 140.15 MGas/s, 182.11x realtime, live DB size: 8.495 GiB, archive DB size: n/a"
[32mINFO [0m[02-25|14:14:17.476] "Processing block 2070000 from 2024-12-31 10:30:18 @ t= 2:38:57, 418.97 txs/s, 139.81 MGas/s, 146.23x realtime, live DB size: 8.553 GiB, archive DB size: n/a"
[32mINFO [0m[02-25|14:15:36.241] "Processing block 2080000 from 2024-12-31 13:35:12 @ t= 2:40:15, 604.92 txs/s, 183.44 MGas/s, 140.85x realtime, live DB size: 8.612 GiB, archive DB size: n/a"
[32mINFO [0m[02-25|14:17:08.028] "Processing block 2090000 from 2024-12-31 16:18:02 @ t= 2:41:47, 467.39 txs/s, 159.72 MGas/s, 106.44x realtime, live DB size: 8.671 GiB, archive DB size: n/a"
[32mINFO [0m[02-25|14:18:57.210] "Processing block 2100000 from 2024-12-31 19:03:50 @ t= 2:43:36, 590.07 txs/s, 213.68 MGas/s, 91.11x realtime, live DB size: 8.742 GiB, archive DB size: n/a"
[32mINFO [0m[02-25|14:20:08.618] "Processing block 2110000 from 2024-12-31 22:08:38 @ t= 2:44:48, 435.30 txs/s, 141.01 MGas/s, 155.28x realtime, live DB size: 8.795 GiB, archive DB size: n/a"
[32mINFO [0m[02-25|14:21:16.946] "Processing block 2120000 from 2025-01-01 01:27:56 @ t= 2:45:56, 515.23 txs/s, 149.07 MGas/s, 175.01x realtime, live DB size: 8.849 GiB, archive DB size: n/a"
[32mINFO [0m[02-25|14:22:43.416] "Processing block 2130000 from 2025-01-01 04:44:09 @ t= 2:47:23, 398.94 txs/s, 149.40 MGas/s, 136.15x realtime, live DB size: 8.914 GiB, archive DB size: n/a"
[32mINFO [0m[02-25|14:23:59.317] "Processing block 2140000 from 2025-01-01 08:35:01 @ t= 2:48:39, 551.26 txs/s, 179.20 MGas/s, 182.50x realtime, live DB size: 8.968 GiB, archive DB size: n/a"
[32mINFO [0m[02-25|14:24:59.711] "Processing block 2150000 from 2025-01-01 11:54:50 @ t= 2:49:39, 320.61 txs/s, 96.26 MGas/s, 198.51x realtime, live DB size: 9.017 GiB, archive DB size: n/a"
[32mINFO [0m[02-25|14:26:35.722] "Processing block 2160000 from 2025-01-01 14:05:37 @ t= 2:51:15, 476.67 txs/s, 150.64 MGas/s, 81.73x realtime, live DB size: 9.094 GiB, archive DB size: n/a"
[32mINFO [0m[02-25|14:28:06.827] "Processing block 2170000 from 2025-01-01 16:05:12 @ t= 2:52:46, 398.29 txs/s, 126.30 MGas/s, 78.76x realtime, live DB size: 9.165 GiB, archive DB size: n/a"
[32mINFO [0m[02-25|14:29:40.630] "Processing block 2180000 from 2025-01-01 18:00:06 @ t= 2:54:20, 420.26 txs/s, 136.60 MGas/s, 73.49x realtime, live DB size: 9.237 GiB, archive DB size: n/a"
[32mINFO [0m[02-25|14:31:08.240] "Processing block 2190000 from 2025-01-01 20:35:59 @ t= 2:55:47, 465.42 txs/s, 151.79 MGas/s, 106.76x realtime, live DB size: 9.302 GiB, archive DB size: n/a"
[32mINFO [0m[02-25|14:32:56.943] "Processing block 2200000 from 2025-01-01 22:56:48 @ t= 2:57:36, 553.52 txs/s, 193.71 MGas/s, 77.73x realtime, live DB size: 9.386 GiB, archive DB size: n/a"
[32mINFO [0m[02-25|14:35:12.828] "Processing block 2210000 from 2025-01-02 01:19:31 @ t= 2:59:52, 350.97 txs/s, 133.82 MGas/s, 63.02x realtime, live DB size: 9.492 GiB, archive DB size: n/a"
[32mINFO [0m[02-25|14:36:33.856] "Processing block 2220000 from 2025-01-02 04:05:58 @ t= 3:01:13, 375.26 txs/s, 120.95 MGas/s, 123.26x realtime, live DB size: 9.559 GiB, archive DB size: n/a"
[32mINFO [0m[02-25|14:37:38.242] "Processing block 2230000 from 2025-01-02 07:47:48 @ t= 3:02:17, 310.14 txs/s, 99.25 MGas/s, 206.72x realtime, live DB size: 9.609 GiB, archive DB size: n/a"
[32mINFO [0m[02-25|14:39:45.816] "Processing block 2240000 from 2025-01-02 10:02:51 @ t= 3:04:25, 402.48 txs/s, 155.48 MGas/s, 63.52x realtime, live DB size: 9.700 GiB, archive DB size: n/a"
[32mINFO [0m[02-25|14:41:44.073] "Processing block 2250000 from 2025-01-02 12:15:17 @ t= 3:06:23, 560.94 txs/s, 192.71 MGas/s, 67.19x realtime, live DB size: 9.781 GiB, archive DB size: n/a"
[32mINFO [0m[02-25|14:43:47.768] "Processing block 2260000 from 2025-01-02 14:31:13 @ t= 3:08:27, 618.23 txs/s, 202.32 MGas/s, 65.94x realtime, live DB size: 9.858 GiB, archive DB size: n/a"
[32mINFO [0m[02-25|14:45:25.111] "Processing block 2270000 from 2025-01-02 16:49:30 @ t= 3:10:04, 396.63 txs/s, 125.05 MGas/s, 85.23x realtime, live DB size: 9.923 GiB, archive DB size: n/a"
[32mINFO [0m[02-25|14:47:09.224] "Processing block 2280000 from 2025-01-02 19:20:49 @ t= 3:11:48, 441.17 txs/s, 144.94 MGas/s, 87.20x realtime, live DB size: 9.989 GiB, archive DB size: n/a"
[32mINFO [0m[02-25|14:48:39.182] "Processing block 2290000 from 2025-01-02 21:58:45 @ t= 3:13:18, 534.70 txs/s, 168.22 MGas/s, 105.34x realtime, live DB size: 10.057 GiB, archive DB size: n/a"
[32mINFO [0m[02-25|14:51:39.914] "Processing block 2300000 from 2025-01-02 23:54:26 @ t= 3:16:19, 744.43 txs/s, 258.91 MGas/s, 38.41x realtime, live DB size: 10.180 GiB, archive DB size: n/a"
[32mINFO [0m[02-25|14:54:07.856] "Processing block 2310000 from 2025-01-03 02:00:42 @ t= 3:18:47, 773.24 txs/s, 268.11 MGas/s, 51.21x realtime, live DB size: 10.294 GiB, archive DB size: n/a"
[32mINFO [0m[02-25|14:56:00.992] "Processing block 2320000 from 2025-01-03 04:51:27 @ t= 3:20:40, 684.43 txs/s, 223.36 MGas/s, 90.56x realtime, live DB size: 10.388 GiB, archive DB size: n/a"
[32mINFO [0m[02-25|14:57:33.221] "Processing block 2330000 from 2025-01-03 07:43:56 @ t= 3:22:12, 500.79 txs/s, 165.20 MGas/s, 112.21x realtime, live DB size: 10.464 GiB, archive DB size: n/a"
[32mINFO [0m[02-25|14:59:30.299] "Processing block 2340000 from 2025-01-03 10:20:50 @ t= 3:24:10, 366.67 txs/s, 139.15 MGas/s, 80.41x realtime, live DB size: 10.555 GiB, archive DB size: n/a"
[32mINFO [0m[02-25|15:01:00.638] "Processing block 2350000 from 2025-01-03 12:34:20 @ t= 3:25:40, 421.52 txs/s, 138.23 MGas/s, 88.67x realtime, live DB size: 10.627 GiB, archive DB size: n/a"
[32mINFO [0m[02-25|15:03:21.388] "Processing block 2360000 from 2025-01-03 14:48:07 @ t= 3:28:01, 715.59 txs/s, 242.64 MGas/s, 57.03x realtime, live DB size: 10.734 GiB, archive DB size: n/a"
[32mINFO [0m[02-25|15:05:36.099] "Processing block 2370000 from 2025-01-03 16:35:58 @ t= 3:30:15, 565.65 txs/s, 195.28 MGas/s, 48.04x realtime, live DB size: 10.836 GiB, archive DB size: n/a"
[32mINFO [0m[02-25|15:07:16.222] "Processing block 2380000 from 2025-01-03 18:05:52 @ t= 3:31:55, 468.62 txs/s, 151.56 MGas/s, 53.87x realtime, live DB size: 10.919 GiB, archive DB size: n/a"
[32mINFO [0m[02-25|15:09:26.343] "Processing block 2390000 from 2025-01-03 19:55:36 @ t= 3:34:06, 577.28 txs/s, 218.52 MGas/s, 50.60x realtime, live DB size: 11.028 GiB, archive DB size: n/a"
[32mINFO [0m[02-25|15:11:26.937] "Processing block 2400000 from 2025-01-03 21:29:25 @ t= 3:36:06, 371.14 txs/s, 132.44 MGas/s, 46.68x realtime, live DB size: 11.127 GiB, archive DB size: n/a"
[32mINFO [0m[02-25|15:13:13.692] "Processing block 2410000 from 2025-01-03 23:19:47 @ t= 3:37:53, 367.14 txs/s, 129.02 MGas/s, 62.03x realtime, live DB size: 11.223 GiB, archive DB size: n/a"
[31mERROR[0m[02-25|15:15:01.620] Failed to log progress                   [31merror[0m="failed to compute live database size: lstat /var/data/luigi/carmen/rust/state_db_4930b6acf82bbc05c7da84b7fe2fbc6df995bf1f_go-geth2-leveldb_['--with-archive']/live/146843.ldb: no such file or directory"
[32mINFO [0m[02-25|15:16:21.674] "Processing block 2430000 from 2025-01-04 04:18:16 @ t= 3:41:01, 294.46 txs/s, 96.33 MGas/s, 134.31x realtime, live DB size: 11.400 GiB, archive DB size: n/a"
[32mINFO [0m[02-25|15:17:52.254] "Processing block 2440000 from 2025-01-04 07:00:06 @ t= 3:42:32, 413.31 txs/s, 135.34 MGas/s, 107.20x realtime, live DB size: 11.479 GiB, archive DB size: n/a"
[32mINFO [0m[02-25|15:19:44.006] "Processing block 2450000 from 2025-01-04 09:38:16 @ t= 3:44:23, 258.84 txs/s, 112.60 MGas/s, 84.92x realtime, live DB size: 11.572 GiB, archive DB size: n/a"
[32mINFO [0m[02-25|15:21:12.961] "Processing block 2460000 from 2025-01-04 12:01:59 @ t= 3:45:52, 275.31 txs/s, 96.62 MGas/s, 96.94x realtime, live DB size: 11.648 GiB, archive DB size: n/a"
[32mINFO [0m[02-25|15:22:47.229] "Processing block 2470000 from 2025-01-04 14:33:45 @ t= 3:47:26, 308.93 txs/s, 115.23 MGas/s, 96.60x realtime, live DB size: 11.723 GiB, archive DB size: n/a"
[32mINFO [0m[02-25|15:24:36.268] "Processing block 2480000 from 2025-01-04 16:28:10 @ t= 3:49:16, 273.02 txs/s, 101.70 MGas/s, 62.96x realtime, live DB size: 11.812 GiB, archive DB size: n/a"
[32mINFO [0m[02-25|15:26:23.564] "Processing block 2490000 from 2025-01-04 18:05:39 @ t= 3:51:03, 299.27 txs/s, 105.65 MGas/s, 54.51x realtime, live DB size: 11.912 GiB, archive DB size: n/a"
[32mINFO [0m[02-25|15:27:51.853] "Processing block 2500000 from 2025-01-04 20:11:02 @ t= 3:52:31, 343.06 txs/s, 107.09 MGas/s, 85.21x realtime, live DB size: 11.982 GiB, archive DB size: n/a"
[32mINFO [0m[02-25|15:29:41.817] "Processing block 2510000 from 2025-01-04 22:10:58 @ t= 3:54:21, 278.81 txs/s, 99.97 MGas/s, 65.44x realtime, live DB size: 12.064 GiB, archive DB size: n/a"
[32mINFO [0m[02-25|15:31:09.870] "Processing block 2520000 from 2025-01-05 00:17:46 @ t= 3:55:49, 323.86 txs/s, 106.43 MGas/s, 86.40x realtime, live DB size: 12.136 GiB, archive DB size: n/a"
[32mINFO [0m[02-25|15:32:44.141] "Processing block 2530000 from 2025-01-05 02:37:26 @ t= 3:57:23, 285.43 txs/s, 88.72 MGas/s, 88.89x realtime, live DB size: 12.216 GiB, archive DB size: n/a"
[32mINFO [0m[02-25|15:34:12.993] "Processing block 2540000 from 2025-01-05 04:54:46 @ t= 3:58:52, 375.42 txs/s, 122.34 MGas/s, 92.74x realtime, live DB size: 12.287 GiB, archive DB size: n/a"
[32mINFO [0m[02-25|15:35:47.483] "Processing block 2550000 from 2025-01-05 07:00:21 @ t= 4:00:27, 410.62 txs/s, 139.22 MGas/s, 79.74x realtime, live DB size: 12.370 GiB, archive DB size: n/a"
[32mINFO [0m[02-25|15:37:37.067] "Processing block 2560000 from 2025-01-05 09:03:34 @ t= 4:02:16, 323.90 txs/s, 110.61 MGas/s, 67.46x realtime, live DB size: 12.466 GiB, archive DB size: n/a"
[32mINFO [0m[02-25|15:40:01.194] "Processing block 2570000 from 2025-01-05 11:09:54 @ t= 4:04:40, 329.19 txs/s, 164.17 MGas/s, 52.59x realtime, live DB size: 12.564 GiB, archive DB size: n/a"
[32mINFO [0m[02-25|15:41:47.218] "Processing block 2580000 from 2025-01-05 13:10:27 @ t= 4:06:26, 324.99 txs/s, 109.87 MGas/s, 68.22x realtime, live DB size: 12.651 GiB, archive DB size: n/a"
[32mINFO [0m[02-25|15:43:46.012] "Processing block 2590000 from 2025-01-05 15:00:57 @ t= 4:08:25, 449.48 txs/s, 205.79 MGas/s, 55.81x realtime, live DB size: 12.736 GiB, archive DB size: n/a"
[32mINFO [0m[02-25|15:45:35.752] "Processing block 2600000 from 2025-01-05 16:56:08 @ t= 4:10:15, 235.61 txs/s, 79.55 MGas/s, 62.98x realtime, live DB size: 12.820 GiB, archive DB size: n/a"
[32mINFO [0m[02-25|15:47:25.428] "Processing block 2610000 from 2025-01-05 19:02:21 @ t= 4:12:05, 327.11 txs/s, 137.35 MGas/s, 69.05x realtime, live DB size: 12.898 GiB, archive DB size: n/a"
[32mINFO [0m[02-25|15:49:31.809] "Processing block 2620000 from 2025-01-05 20:57:26 @ t= 4:14:11, 421.09 txs/s, 169.69 MGas/s, 54.64x realtime, live DB size: 12.980 GiB, archive DB size: n/a"
[32mINFO [0m[02-25|15:52:02.049] "Processing block 2630000 from 2025-01-05 23:00:17 @ t= 4:16:41, 556.05 txs/s, 214.06 MGas/s, 49.06x realtime, live DB size: 13.074 GiB, archive DB size: n/a"
[32mINFO [0m[02-25|15:53:50.959] "Processing block 2640000 from 2025-01-06 01:08:11 @ t= 4:18:30, 398.23 txs/s, 130.45 MGas/s, 70.46x realtime, live DB size: 13.156 GiB, archive DB size: n/a"
[32mINFO [0m[02-25|15:56:09.514] "Processing block 2650000 from 2025-01-06 02:52:55 @ t= 4:20:49, 362.26 txs/s, 123.47 MGas/s, 45.35x realtime, live DB size: 13.261 GiB, archive DB size: n/a"
[32mINFO [0m[02-25|15:58:06.160] "Processing block 2660000 from 2025-01-06 04:38:04 @ t= 4:22:45, 353.14 txs/s, 110.28 MGas/s, 54.09x realtime, live DB size: 13.351 GiB, archive DB size: n/a"
[32mINFO [0m[02-25|16:00:05.099] "Processing block 2670000 from 2025-01-06 06:50:28 @ t= 4:24:44, 322.20 txs/s, 103.88 MGas/s, 66.79x realtime, live DB size: 13.444 GiB, archive DB size: n/a"
[32mINFO [0m[02-25|16:02:07.776] "Processing block 2680000 from 2025-01-06 09:17:43 @ t= 4:26:47, 296.33 txs/s, 105.33 MGas/s, 72.02x realtime, live DB size: 13.542 GiB, archive DB size: n/a"
[32mINFO [0m[02-25|16:05:05.960] "Processing block 2690000 from 2025-01-06 10:55:19 @ t= 4:29:45, 286.61 txs/s, 120.77 MGas/s, 32.86x realtime, live DB size: 13.675 GiB, archive DB size: n/a"
[32mINFO [0m[02-25|16:06:59.695] "Processing block 2700000 from 2025-01-06 12:18:46 @ t= 4:31:39, 410.85 txs/s, 136.94 MGas/s, 44.02x realtime, live DB size: 13.754 GiB, archive DB size: n/a"
[32mINFO [0m[02-25|16:09:11.460] "Processing block 2710000 from 2025-01-06 14:25:36 @ t= 4:33:51, 355.54 txs/s, 127.63 MGas/s, 57.75x realtime, live DB size: 13.848 GiB, archive DB size: n/a"
[32mINFO [0m[02-25|16:11:58.038] "Processing block 2720000 from 2025-01-06 15:58:20 @ t= 4:36:37, 315.53 txs/s, 114.75 MGas/s, 33.40x realtime, live DB size: 13.956 GiB, archive DB size: n/a"
[32mINFO [0m[02-25|16:15:08.385] "Processing block 2730000 from 2025-01-06 17:24:19 @ t= 4:39:48, 301.45 txs/s, 115.88 MGas/s, 27.10x realtime, live DB size: 14.088 GiB, archive DB size: n/a"
[32mINFO [0m[02-25|16:18:19.424] "Processing block 2740000 from 2025-01-06 18:46:37 @ t= 4:42:59, 429.00 txs/s, 169.00 MGas/s, 25.85x realtime, live DB size: 14.213 GiB, archive DB size: n/a"
[32mINFO [0m[02-25|16:21:09.969] "Processing block 2750000 from 2025-01-06 20:24:45 @ t= 4:45:49, 399.05 txs/s, 150.54 MGas/s, 34.52x realtime, live DB size: 14.315 GiB, archive DB size: n/a"
[32mINFO [0m[02-25|16:23:28.152] "Processing block 2760000 from 2025-01-06 22:18:16 @ t= 4:48:07, 266.14 txs/s, 93.44 MGas/s, 49.29x realtime, live DB size: 14.400 GiB, archive DB size: n/a"
[32mINFO [0m[02-25|16:25:44.700] "Processing block 2770000 from 2025-01-06 23:58:43 @ t= 4:50:24, 406.96 txs/s, 167.60 MGas/s, 44.14x realtime, live DB size: 14.484 GiB, archive DB size: n/a"
[32mINFO [0m[02-25|16:27:29.827] "Processing block 2780000 from 2025-01-07 01:38:01 @ t= 4:52:09, 255.22 txs/s, 82.40 MGas/s, 56.67x realtime, live DB size: 14.540 GiB, archive DB size: n/a"
[32mINFO [0m[02-25|16:29:49.884] "Processing block 2790000 from 2025-01-07 02:57:30 @ t= 4:54:29, 514.03 txs/s, 219.46 MGas/s, 34.05x realtime, live DB size: 14.620 GiB, archive DB size: n/a"
[32mINFO [0m[02-25|16:31:19.668] "Processing block 2800000 from 2025-01-07 04:25:28 @ t= 4:55:59, 388.27 txs/s, 119.41 MGas/s, 58.79x realtime, live DB size: 14.673 GiB, archive DB size: n/a"
[32mINFO [0m[02-25|16:32:40.819] "Processing block 2810000 from 2025-01-07 05:55:33 @ t= 4:57:20, 334.72 txs/s, 104.76 MGas/s, 66.60x realtime, live DB size: 14.716 GiB, archive DB size: n/a"
[32mINFO [0m[02-25|16:33:59.596] "Processing block 2820000 from 2025-01-07 07:25:50 @ t= 4:58:39, 377.21 txs/s, 132.03 MGas/s, 68.76x realtime, live DB size: 14.763 GiB, archive DB size: n/a"
[32mINFO [0m[02-25|16:35:58.194] "Processing block 2830000 from 2025-01-07 08:47:37 @ t= 5:00:37, 333.39 txs/s, 116.54 MGas/s, 41.37x realtime, live DB size: 14.834 GiB, archive DB size: n/a"
[32mINFO [0m[02-25|16:38:42.448] "Processing block 2840000 from 2025-01-07 10:29:01 @ t= 5:03:22, 258.29 txs/s, 110.19 MGas/s, 37.04x realtime, live DB size: 14.932 GiB, archive DB size: n/a"
[32mINFO [0m[02-25|16:40:35.493] "Processing block 2850000 from 2025-01-07 12:27:42 @ t= 5:05:15, 238.87 txs/s, 88.53 MGas/s, 62.99x realtime, live DB size: 14.999 GiB, archive DB size: n/a"
[32mINFO [0m[02-25|16:42:44.581] "Processing block 2860000 from 2025-01-07 14:49:57 @ t= 5:07:24, 217.26 txs/s, 90.41 MGas/s, 66.12x realtime, live DB size: 15.071 GiB, archive DB size: n/a"
[32mINFO [0m[02-25|16:45:24.577] "Processing block 2870000 from 2025-01-07 16:32:16 @ t= 5:10:04, 276.37 txs/s, 117.30 MGas/s, 38.37x realtime, live DB size: 15.170 GiB, archive DB size: n/a"
[32mINFO [0m[02-25|16:48:06.714] "Processing block 2880000 from 2025-01-07 18:07:20 @ t= 5:12:46, 318.32 txs/s, 136.38 MGas/s, 35.18x realtime, live DB size: 15.268 GiB, archive DB size: n/a"
[32mINFO [0m[02-25|16:51:36.986] "Processing block 2890000 from 2025-01-07 19:24:02 @ t= 5:16:16, 473.84 txs/s, 257.76 MGas/s, 21.89x realtime, live DB size: 15.361 GiB, archive DB size: n/a"
[32mINFO [0m[02-25|16:54:15.619] "Processing block 2900000 from 2025-01-07 20:48:21 @ t= 5:18:55, 306.07 txs/s, 148.81 MGas/s, 31.89x realtime, live DB size: 15.445 GiB, archive DB size: n/a"
[32mINFO [0m[02-25|16:57:51.063] "Processing block 2910000 from 2025-01-07 22:21:46 @ t= 5:22:30, 336.67 txs/s, 150.51 MGas/s, 26.02x realtime, live DB size: 15.560 GiB, archive DB size: n/a"
[32mINFO [0m[02-25|17:00:40.626] "Processing block 2920000 from 2025-01-08 00:09:01 @ t= 5:25:20, 307.28 txs/s, 164.22 MGas/s, 37.95x realtime, live DB size: 15.662 GiB, archive DB size: n/a"
[32mINFO [0m[02-25|17:03:21.611] "Processing block 2930000 from 2025-01-08 02:34:07 @ t= 5:28:01, 317.89 txs/s, 137.93 MGas/s, 54.08x realtime, live DB size: 15.759 GiB, archive DB size: n/a"
[32mINFO [0m[02-25|17:05:48.843] "Processing block 2940000 from 2025-01-08 05:11:14 @ t= 5:30:28, 370.24 txs/s, 162.50 MGas/s, 64.03x realtime, live DB size: 15.859 GiB, archive DB size: n/a"
[32mINFO [0m[02-25|17:08:22.719] "Processing block 2950000 from 2025-01-08 07:34:20 @ t= 5:33:02, 296.60 txs/s, 126.54 MGas/s, 55.80x realtime, live DB size: 15.954 GiB, archive DB size: n/a"
[31mERROR[0m[02-25|17:12:39.455] Failed to log progress                   [31merror[0m="failed to compute live database size: lstat /var/data/luigi/carmen/rust/state_db_4930b6acf82bbc05c7da84b7fe2fbc6df995bf1f_go-geth2-leveldb_['--with-archive']/live/220813.log: no such file or directory"
[32mINFO [0m[02-25|17:15:33.276] "Processing block 2970000 from 2025-01-08 11:22:21 @ t= 5:40:13, 250.41 txs/s, 103.91 MGas/s, 44.29x realtime, live DB size: 16.210 GiB, archive DB size: n/a"
[32mINFO [0m[02-25|17:18:04.150] "Processing block 2980000 from 2025-01-08 13:25:23 @ t= 5:42:43, 218.14 txs/s, 96.35 MGas/s, 48.93x realtime, live DB size: 16.292 GiB, archive DB size: n/a"
[32mINFO [0m[02-25|17:21:18.583] "Processing block 2990000 from 2025-01-08 15:06:18 @ t= 5:45:58, 262.24 txs/s, 114.38 MGas/s, 31.14x realtime, live DB size: 16.403 GiB, archive DB size: n/a"
[32mINFO [0m[02-25|17:24:37.228] "Processing block 3000000 from 2025-01-08 16:31:41 @ t= 5:49:16, 277.92 txs/s, 116.43 MGas/s, 25.79x realtime, live DB size: 16.511 GiB, archive DB size: n/a"
[32mINFO [0m[02-25|17:24:37.228] Replay finished in 5h49m16.99229532s, processed 10095117 txs (481.71 Tx/s), used 3.059 TGas (145.99 MGas/s), 159.33x realtime
[32mINFO [0m[02-25|17:24:37.256] Closing state database                   [32mdirectory[0m=/var/data/luigi/carmen/rust/state_db_4930b6acf82bbc05c7da84b7fe2fbc6df995bf1f_go-geth2-leveldb_['--with-archive']
+ git apply --reverse enable-carmen.patch
