+ trap 'git apply --reverse enable-carmen.patch &> /dev/null' EXIT
++ pwd
+ CARMEN_RUST_DIR=/var/data/luigi/bertha/block-db-go-bindings/../../carmen/rust
++ pwd
+ BLOCK_DB_GO_BINDINGS_DIR=/var/data/luigi/bertha/block-db-go-bindings
+ cd /var/data/luigi/bertha/block-db-go-bindings/../../carmen/rust
+ cargo build --release
    Finished `release` profile [optimized] target(s) in 0.08s
+ cd /var/data/luigi/bertha/block-db-go-bindings
+ git apply --reverse --check enable-carmen.patch
+ go run ./cmd/block-db replay --db /var/data/common/blockdbs/sonic-51220/.blockdb --json-genesis /var/data/luigi/carmen/rust/../../bertha/sonic.json -e 55000000 --schema 6 --variant go-geth-memory --use-pipeline=false
[32mINFO [0m[02-17|15:40:10.443] Loading genesis file                     [32mfile[0m=/var/data/luigi/carmen/rust/../../bertha/sonic.json
[32mINFO [0m[02-17|15:40:10.443] Creating state database                  [32mdirectory[0m=/tmp/replay_chain_state_1191041686
[33mWARN [0m[02-17|15:40:10.443] State database will be deleted after replay (use --keep-db to keep it)
[32mINFO [0m[02-17|15:40:10.537] Starting replay from genesis
[32mINFO [0m[02-17|15:40:11.139] Loaded state                             [32mchain_id[0m=146 [32mroot_hash[0m=18975c..bb2b78
[32mINFO [0m[02-17|15:40:11.139] Opening block database                   [32mdirectory[0m=/var/data/common/blockdbs/sonic-51220/.blockdb
[32mINFO [0m[02-17|15:40:12.195] Using simple replay loop
[32mINFO [0m[02-17|15:40:13.306] "Processing block 10000 from 2024-12-02 02:15:57 @ t= 0:00:01, 1120.17 txs/s, 135.83 MGas/s, 81837.04x realtime"
[32mINFO [0m[02-17|15:40:14.541] "Processing block 20000 from 2024-12-02 10:24:19 @ t= 0:00:02, 1260.01 txs/s, 105.48 MGas/s, 23728.09x realtime"
[32mINFO [0m[02-17|15:40:15.884] "Processing block 30000 from 2024-12-02 18:29:42 @ t= 0:00:03, 1114.80 txs/s, 98.31 MGas/s, 21687.54x realtime"
[32mINFO [0m[02-17|15:40:17.244] "Processing block 40000 from 2024-12-03 02:38:30 @ t= 0:00:05, 1146.41 txs/s, 95.81 MGas/s, 21566.26x realtime"
[32mINFO [0m[02-17|15:40:18.603] "Processing block 50000 from 2024-12-03 10:48:52 @ t= 0:00:06, 1184.31 txs/s, 147.13 MGas/s, 21642.70x realtime"
[32mINFO [0m[02-17|15:40:19.963] "Processing block 60000 from 2024-12-03 19:00:07 @ t= 0:00:07, 1167.08 txs/s, 138.88 MGas/s, 21675.97x realtime"
[32mINFO [0m[02-17|15:40:21.150] "Processing block 70000 from 2024-12-04 03:07:27 @ t= 0:00:08, 1312.93 txs/s, 111.79 MGas/s, 24640.69x realtime"
[32mINFO [0m[02-17|15:40:22.643] "Processing block 80000 from 2024-12-04 11:06:10 @ t= 0:00:10, 1423.94 txs/s, 109.00 MGas/s, 19228.83x realtime"
[32mINFO [0m[02-17|15:40:24.032] "Processing block 90000 from 2024-12-04 18:55:18 @ t= 0:00:11, 1612.55 txs/s, 121.74 MGas/s, 20263.40x realtime"
[32mINFO [0m[02-17|15:40:25.436] "Processing block 100000 from 2024-12-05 02:56:44 @ t= 0:00:13, 1622.99 txs/s, 124.54 MGas/s, 20580.21x realtime"
[32mINFO [0m[02-17|15:40:26.860] "Processing block 110000 from 2024-12-05 10:56:40 @ t= 0:00:14, 1553.56 txs/s, 130.80 MGas/s, 20224.34x realtime"
[32mINFO [0m[02-17|15:40:28.486] "Processing block 120000 from 2024-12-05 18:45:41 @ t= 0:00:16, 1361.68 txs/s, 123.52 MGas/s, 17307.62x realtime"
[32mINFO [0m[02-17|15:40:29.953] "Processing block 130000 from 2024-12-06 02:41:25 @ t= 0:00:17, 1538.52 txs/s, 122.60 MGas/s, 19448.87x realtime"
[32mINFO [0m[02-17|15:40:31.767] "Processing block 140000 from 2024-12-06 10:32:06 @ t= 0:00:19, 1356.88 txs/s, 138.39 MGas/s, 15570.78x realtime"
[32mINFO [0m[02-17|15:40:36.127] "Processing block 150000 from 2024-12-06 17:43:00 @ t= 0:00:23, 947.90 txs/s, 142.77 MGas/s, 5929.62x realtime"
[32mINFO [0m[02-17|15:40:37.569] "Processing block 160000 from 2024-12-07 01:36:49 @ t= 0:00:25, 1514.59 txs/s, 120.23 MGas/s, 19724.34x realtime"
[32mINFO [0m[02-17|15:40:39.014] "Processing block 170000 from 2024-12-07 09:36:09 @ t= 0:00:26, 1496.44 txs/s, 121.02 MGas/s, 19897.19x realtime"
[32mINFO [0m[02-17|15:40:40.448] "Processing block 180000 from 2024-12-07 17:25:21 @ t= 0:00:28, 1470.36 txs/s, 124.70 MGas/s, 19636.44x realtime"
[32mINFO [0m[02-17|15:40:41.921] "Processing block 190000 from 2024-12-08 01:14:36 @ t= 0:00:29, 1433.95 txs/s, 121.57 MGas/s, 19115.90x realtime"
[32mINFO [0m[02-17|15:40:43.861] "Processing block 200000 from 2024-12-08 09:02:33 @ t= 0:00:31, 1114.31 txs/s, 147.23 MGas/s, 14471.02x realtime"
[32mINFO [0m[02-17|15:40:45.715] "Processing block 210000 from 2024-12-08 16:50:33 @ t= 0:00:33, 1181.32 txs/s, 130.65 MGas/s, 15139.93x realtime"
[32mINFO [0m[02-17|15:40:47.495] "Processing block 220000 from 2024-12-09 00:39:07 @ t= 0:00:35, 1220.21 txs/s, 147.10 MGas/s, 15801.40x realtime"
[32mINFO [0m[02-17|15:40:48.877] "Processing block 230000 from 2024-12-09 08:29:27 @ t= 0:00:36, 1478.83 txs/s, 119.12 MGas/s, 20417.14x realtime"
[32mINFO [0m[02-17|15:40:50.939] "Processing block 240000 from 2024-12-09 16:14:41 @ t= 0:00:38, 1132.58 txs/s, 172.46 MGas/s, 13533.72x realtime"
[32mINFO [0m[02-17|15:40:53.434] "Processing block 250000 from 2024-12-09 23:55:47 @ t= 0:00:41, 1130.63 txs/s, 199.13 MGas/s, 11092.24x realtime"
[32mINFO [0m[02-17|15:40:55.923] "Processing block 260000 from 2024-12-10 07:38:49 @ t= 0:00:43, 1070.10 txs/s, 212.26 MGas/s, 11159.71x realtime"
[32mINFO [0m[02-17|15:40:57.931] "Processing block 270000 from 2024-12-10 15:21:58 @ t= 0:00:45, 1276.87 txs/s, 163.83 MGas/s, 13838.86x realtime"
[32mINFO [0m[02-17|15:41:03.134] "Processing block 280000 from 2024-12-10 22:37:01 @ t= 0:00:50, 767.97 txs/s, 227.05 MGas/s, 5016.58x realtime"
[32mINFO [0m[02-17|15:41:05.209] "Processing block 290000 from 2024-12-11 06:24:21 @ t= 0:00:53, 998.02 txs/s, 144.53 MGas/s, 13519.01x realtime"
[32mINFO [0m[02-17|15:41:07.471] "Processing block 300000 from 2024-12-11 14:09:49 @ t= 0:00:55, 928.65 txs/s, 142.11 MGas/s, 12344.34x realtime"
[32mINFO [0m[02-17|15:41:09.637] "Processing block 310000 from 2024-12-11 21:50:23 @ t= 0:00:57, 1155.82 txs/s, 142.60 MGas/s, 12755.54x realtime"
[32mINFO [0m[02-17|15:41:14.914] "Processing block 320000 from 2024-12-12 04:29:18 @ t= 0:01:02, 2785.67 txs/s, 97.61 MGas/s, 4536.34x realtime"
[32mINFO [0m[02-17|15:41:19.099] "Processing block 330000 from 2024-12-12 11:05:04 @ t= 0:01:06, 1402.08 txs/s, 114.69 MGas/s, 5673.79x realtime"
[32mINFO [0m[02-17|15:41:24.333] "Processing block 340000 from 2024-12-12 16:32:55 @ t= 0:01:12, 1892.56 txs/s, 103.02 MGas/s, 3758.55x realtime"
[32mINFO [0m[02-17|15:41:27.045] "Processing block 350000 from 2024-12-13 00:05:33 @ t= 0:01:14, 1157.94 txs/s, 152.33 MGas/s, 10011.85x realtime"
[32mINFO [0m[02-17|15:41:28.887] "Processing block 360000 from 2024-12-13 07:49:29 @ t= 0:01:16, 1440.20 txs/s, 136.45 MGas/s, 15116.68x realtime"
[32mINFO [0m[02-17|15:41:31.169] "Processing block 370000 from 2024-12-13 15:27:03 @ t= 0:01:18, 1311.43 txs/s, 147.74 MGas/s, 12029.44x realtime"
[32mINFO [0m[02-17|15:41:34.691] "Processing block 380000 from 2024-12-13 22:47:12 @ t= 0:01:22, 1087.78 txs/s, 150.08 MGas/s, 7498.63x realtime"
[32mINFO [0m[02-17|15:41:37.611] "Processing block 390000 from 2024-12-14 06:11:26 @ t= 0:01:25, 1383.04 txs/s, 120.37 MGas/s, 9126.92x realtime"
[32mINFO [0m[02-17|15:41:42.625] "Processing block 400000 from 2024-12-14 12:07:21 @ t= 0:01:30, 1294.09 txs/s, 128.09 MGas/s, 4258.78x realtime"
[32mINFO [0m[02-17|15:41:47.076] "Processing block 410000 from 2024-12-14 18:45:54 @ t= 0:01:34, 1166.09 txs/s, 140.51 MGas/s, 5372.78x realtime"
[32mINFO [0m[02-17|15:41:53.324] "Processing block 420000 from 2024-12-15 00:42:14 @ t= 0:01:41, 1065.03 txs/s, 140.29 MGas/s, 3422.05x realtime"
[32mINFO [0m[02-17|15:42:01.254] "Processing block 430000 from 2024-12-15 05:34:23 @ t= 0:01:49, 1078.40 txs/s, 128.59 MGas/s, 2210.40x realtime"
[32mINFO [0m[02-17|15:42:04.335] "Processing block 440000 from 2024-12-15 13:00:36 @ t= 0:01:52, 1165.11 txs/s, 151.75 MGas/s, 8688.96x realtime"
[32mINFO [0m[02-17|15:42:11.543] "Processing block 450000 from 2024-12-15 18:48:22 @ t= 0:01:59, 1022.84 txs/s, 144.17 MGas/s, 2895.10x realtime"
[32mINFO [0m[02-17|15:42:19.133] "Processing block 460000 from 2024-12-16 00:15:54 @ t= 0:02:06, 1032.98 txs/s, 134.62 MGas/s, 2588.96x realtime"
[32mINFO [0m[02-17|15:42:22.866] "Processing block 470000 from 2024-12-16 07:28:32 @ t= 0:02:10, 1150.26 txs/s, 141.24 MGas/s, 6953.51x realtime"
[32mINFO [0m[02-17|15:42:28.721] "Processing block 480000 from 2024-12-16 14:03:38 @ t= 0:02:16, 1023.14 txs/s, 168.47 MGas/s, 4049.18x realtime"
[32mINFO [0m[02-17|15:42:36.405] "Processing block 490000 from 2024-12-16 19:54:12 @ t= 0:02:24, 914.64 txs/s, 185.11 MGas/s, 2737.42x realtime"
[32mINFO [0m[02-17|15:42:42.727] "Processing block 500000 from 2024-12-17 01:45:36 @ t= 0:02:30, 1099.29 txs/s, 266.99 MGas/s, 3334.88x realtime"
[32mINFO [0m[02-17|15:42:45.902] "Processing block 510000 from 2024-12-17 09:10:38 @ t= 0:02:33, 1198.02 txs/s, 136.19 MGas/s, 8409.46x realtime"
[32mINFO [0m[02-17|15:42:49.202] "Processing block 520000 from 2024-12-17 16:32:46 @ t= 0:02:37, 1154.66 txs/s, 147.89 MGas/s, 8039.56x realtime"
[32mINFO [0m[02-17|15:42:52.643] "Processing block 530000 from 2024-12-17 23:53:54 @ t= 0:02:40, 1103.03 txs/s, 154.09 MGas/s, 7693.05x realtime"
[32mINFO [0m[02-17|15:42:56.466] "Processing block 540000 from 2024-12-18 06:52:19 @ t= 0:02:44, 1175.60 txs/s, 146.08 MGas/s, 6565.82x realtime"
[32mINFO [0m[02-17|15:43:09.371] "Processing block 550000 from 2024-12-18 12:20:30 @ t= 0:02:57, 1235.54 txs/s, 218.18 MGas/s, 1525.90x realtime"
[32mINFO [0m[02-17|15:43:29.271] "Processing block 560000 from 2024-12-18 15:05:32 @ t= 0:03:17, 1253.86 txs/s, 294.30 MGas/s, 497.58x realtime"
[32mINFO [0m[02-17|15:43:58.672] "Processing block 570000 from 2024-12-18 16:03:14 @ t= 0:03:46, 1005.08 txs/s, 202.51 MGas/s, 117.75x realtime"
[32mINFO [0m[02-17|15:44:31.051] "Processing block 580000 from 2024-12-18 17:01:10 @ t= 0:04:18, 1049.62 txs/s, 239.14 MGas/s, 107.35x realtime"
[32mINFO [0m[02-17|15:45:02.334] "Processing block 590000 from 2024-12-18 18:03:07 @ t= 0:04:50, 874.78 txs/s, 208.82 MGas/s, 118.82x realtime"
[32mINFO [0m[02-17|15:45:32.924] "Processing block 600000 from 2024-12-18 19:10:51 @ t= 0:05:20, 818.93 txs/s, 219.28 MGas/s, 132.85x realtime"
[32mINFO [0m[02-17|15:46:02.709] "Processing block 610000 from 2024-12-18 20:40:57 @ t= 0:05:50, 688.10 txs/s, 238.06 MGas/s, 181.50x realtime"
[32mINFO [0m[02-17|15:46:28.490] "Processing block 620000 from 2024-12-18 22:19:49 @ t= 0:06:16, 857.28 txs/s, 225.62 MGas/s, 230.09x realtime"
[32mINFO [0m[02-17|15:46:45.344] "Processing block 630000 from 2024-12-18 23:51:56 @ t= 0:06:33, 1144.55 txs/s, 187.27 MGas/s, 327.94x realtime"
[32mINFO [0m[02-17|15:47:04.963] "Processing block 640000 from 2024-12-19 01:48:28 @ t= 0:06:52, 1153.85 txs/s, 218.91 MGas/s, 356.40x realtime"
[32mINFO [0m[02-17|15:47:23.202] "Processing block 650000 from 2024-12-19 03:57:40 @ t= 0:07:11, 1043.29 txs/s, 188.32 MGas/s, 425.01x realtime"
[32mINFO [0m[02-17|15:47:40.184] "Processing block 660000 from 2024-12-19 06:22:35 @ t= 0:07:27, 938.59 txs/s, 198.50 MGas/s, 512.02x realtime"
[32mINFO [0m[02-17|15:48:03.478] "Processing block 670000 from 2024-12-19 08:37:17 @ t= 0:07:51, 929.25 txs/s, 199.77 MGas/s, 346.96x realtime"
[32mINFO [0m[02-17|15:48:18.793] "Processing block 680000 from 2024-12-19 11:07:15 @ t= 0:08:06, 1066.95 txs/s, 177.99 MGas/s, 587.54x realtime"
[32mINFO [0m[02-17|15:48:34.668] "Processing block 690000 from 2024-12-19 13:05:52 @ t= 0:08:22, 983.59 txs/s, 168.81 MGas/s, 448.33x realtime"
[32mINFO [0m[02-17|15:48:51.147] "Processing block 700000 from 2024-12-19 14:50:17 @ t= 0:08:38, 1037.91 txs/s, 171.07 MGas/s, 380.18x realtime"
[32mINFO [0m[02-17|15:49:21.419] "Processing block 710000 from 2024-12-19 15:58:36 @ t= 0:09:09, 1259.95 txs/s, 176.93 MGas/s, 135.40x realtime"
[32mINFO [0m[02-17|15:49:46.289] "Processing block 720000 from 2024-12-19 16:58:45 @ t= 0:09:34, 1265.27 txs/s, 175.88 MGas/s, 145.12x realtime"
[32mINFO [0m[02-17|15:50:08.372] "Processing block 730000 from 2024-12-19 18:00:03 @ t= 0:09:56, 1193.52 txs/s, 163.23 MGas/s, 166.55x realtime"
[32mINFO [0m[02-17|15:50:29.833] "Processing block 740000 from 2024-12-19 19:12:46 @ t= 0:10:17, 1025.02 txs/s, 175.66 MGas/s, 203.30x realtime"
[32mINFO [0m[02-17|15:51:15.036] "Processing block 750000 from 2024-12-19 20:29:37 @ t= 0:11:02, 1130.04 txs/s, 225.23 MGas/s, 102.01x realtime"
[32mINFO [0m[02-17|15:51:32.982] "Processing block 760000 from 2024-12-19 21:55:34 @ t= 0:11:20, 1112.18 txs/s, 170.84 MGas/s, 287.36x realtime"
[32mINFO [0m[02-17|15:51:50.595] "Processing block 770000 from 2024-12-19 23:45:38 @ t= 0:11:38, 1114.10 txs/s, 196.19 MGas/s, 374.94x realtime"
[32mINFO [0m[02-17|15:52:06.893] "Processing block 780000 from 2024-12-20 01:33:10 @ t= 0:11:54, 1090.81 txs/s, 173.71 MGas/s, 395.88x realtime"
[32mINFO [0m[02-17|15:52:24.171] "Processing block 790000 from 2024-12-20 02:57:50 @ t= 0:12:11, 1273.11 txs/s, 161.06 MGas/s, 294.03x realtime"
[32mINFO [0m[02-17|15:52:43.975] "Processing block 800000 from 2024-12-20 04:14:35 @ t= 0:12:31, 1279.11 txs/s, 166.50 MGas/s, 232.52x realtime"
[32mINFO [0m[02-17|15:53:02.559] "Processing block 810000 from 2024-12-20 05:52:21 @ t= 0:12:50, 968.81 txs/s, 165.12 MGas/s, 315.66x realtime"
[32mINFO [0m[02-17|15:53:17.432] "Processing block 820000 from 2024-12-20 07:20:12 @ t= 0:13:05, 1246.26 txs/s, 147.61 MGas/s, 354.39x realtime"
[32mINFO [0m[02-17|15:53:33.191] "Processing block 830000 from 2024-12-20 08:34:44 @ t= 0:13:20, 1288.40 txs/s, 145.76 MGas/s, 283.77x realtime"
[32mINFO [0m[02-17|15:53:47.227] "Processing block 840000 from 2024-12-20 09:39:29 @ t= 0:13:35, 1590.26 txs/s, 122.67 MGas/s, 276.79x realtime"
[32mINFO [0m[02-17|15:54:01.248] "Processing block 850000 from 2024-12-20 10:56:12 @ t= 0:13:49, 1536.23 txs/s, 136.14 MGas/s, 328.30x realtime"
[32mINFO [0m[02-17|15:54:30.546] "Processing block 860000 from 2024-12-20 12:10:12 @ t= 0:14:18, 1221.75 txs/s, 201.75 MGas/s, 151.55x realtime"
[32mINFO [0m[02-17|15:54:50.055] "Processing block 870000 from 2024-12-20 13:25:37 @ t= 0:14:37, 1230.93 txs/s, 165.96 MGas/s, 231.95x realtime"
[32mINFO [0m[02-17|15:55:08.688] "Processing block 880000 from 2024-12-20 14:29:06 @ t= 0:14:56, 1360.24 txs/s, 151.06 MGas/s, 204.43x realtime"
[32mINFO [0m[02-17|15:55:25.461] "Processing block 890000 from 2024-12-20 15:41:23 @ t= 0:15:13, 1526.49 txs/s, 165.60 MGas/s, 258.57x realtime"
[32mINFO [0m[02-17|15:55:40.522] "Processing block 900000 from 2024-12-20 16:59:12 @ t= 0:15:28, 1477.75 txs/s, 187.98 MGas/s, 310.01x realtime"
[32mINFO [0m[02-17|15:56:00.635] "Processing block 910000 from 2024-12-20 18:32:13 @ t= 0:15:48, 1408.06 txs/s, 285.93 MGas/s, 277.47x realtime"
[32mINFO [0m[02-17|15:56:17.644] "Processing block 920000 from 2024-12-20 20:35:19 @ t= 0:16:05, 1259.63 txs/s, 244.64 MGas/s, 434.24x realtime"
[32mINFO [0m[02-17|15:56:41.613] "Processing block 930000 from 2024-12-20 22:12:50 @ t= 0:16:29, 1531.13 txs/s, 272.69 MGas/s, 244.11x realtime"
[33mWARN [0m[02-17|15:56:52.414] No state root set in the block DB. No checks will be performed [33mblock_number[0m=935,037
[32mINFO [0m[02-17|15:57:05.693] "Processing block 940000 from 2024-12-20 23:44:47 @ t= 0:16:53, 975.82 txs/s, 199.24 MGas/s, 229.11x realtime"
[32mINFO [0m[02-17|15:57:32.460] "Processing block 950000 from 2024-12-21 00:51:33 @ t= 0:17:20, 1106.73 txs/s, 246.52 MGas/s, 149.66x realtime"
[32mINFO [0m[02-17|15:57:58.537] "Processing block 960000 from 2024-12-21 01:55:13 @ t= 0:17:46, 1327.18 txs/s, 220.06 MGas/s, 146.49x realtime"
[32mINFO [0m[02-17|15:58:23.874] "Processing block 970000 from 2024-12-21 02:56:57 @ t= 0:18:11, 1666.21 txs/s, 221.96 MGas/s, 146.19x realtime"
[32mINFO [0m[02-17|15:58:43.848] "Processing block 980000 from 2024-12-21 04:14:08 @ t= 0:18:31, 1261.77 txs/s, 195.13 MGas/s, 231.86x realtime"
[32mINFO [0m[02-17|15:59:10.599] "Processing block 990000 from 2024-12-21 06:12:38 @ t= 0:18:58, 2070.78 txs/s, 159.31 MGas/s, 265.78x realtime"
[32mINFO [0m[02-17|15:59:27.908] "Processing block 1000000 from 2024-12-21 08:32:43 @ t= 0:19:15, 1318.34 txs/s, 222.77 MGas/s, 485.59x realtime"
[32mINFO [0m[02-17|15:59:45.024] "Processing block 1010000 from 2024-12-21 10:34:23 @ t= 0:19:32, 1485.06 txs/s, 212.02 MGas/s, 426.51x realtime"
[32mINFO [0m[02-17|16:00:05.499] "Processing block 1020000 from 2024-12-21 12:07:28 @ t= 0:19:53, 984.67 txs/s, 224.99 MGas/s, 272.77x realtime"
[32mINFO [0m[02-17|16:00:25.468] "Processing block 1030000 from 2024-12-21 13:56:53 @ t= 0:20:13, 1481.52 txs/s, 285.84 MGas/s, 328.75x realtime"
[32mINFO [0m[02-17|16:00:44.299] "Processing block 1040000 from 2024-12-21 15:29:13 @ t= 0:20:32, 1084.84 txs/s, 180.82 MGas/s, 294.19x realtime"
[32mINFO [0m[02-17|16:01:15.056] "Processing block 1050000 from 2024-12-21 16:50:51 @ t= 0:21:02, 2492.96 txs/s, 173.75 MGas/s, 159.25x realtime"
[32mINFO [0m[02-17|16:01:30.854] "Processing block 1060000 from 2024-12-21 18:37:28 @ t= 0:21:18, 1323.94 txs/s, 198.76 MGas/s, 404.92x realtime"
[32mINFO [0m[02-17|16:02:05.958] "Processing block 1070000 from 2024-12-21 20:13:50 @ t= 0:21:53, 1163.88 txs/s, 336.80 MGas/s, 164.71x realtime"
[32mINFO [0m[02-17|16:02:55.507] "Processing block 1080000 from 2024-12-21 21:22:23 @ t= 0:22:43, 1007.18 txs/s, 324.11 MGas/s, 83.01x realtime"
[32mINFO [0m[02-17|16:03:38.432] "Processing block 1090000 from 2024-12-21 22:30:44 @ t= 0:23:26, 1099.81 txs/s, 315.58 MGas/s, 95.54x realtime"
[32mINFO [0m[02-17|16:03:57.095] "Processing block 1100000 from 2024-12-22 00:25:53 @ t= 0:23:44, 1315.72 txs/s, 265.14 MGas/s, 370.20x realtime"
[32mINFO [0m[02-17|16:04:11.834] "Processing block 1110000 from 2024-12-22 02:13:04 @ t= 0:23:59, 1480.97 txs/s, 202.20 MGas/s, 436.30x realtime"
[32mINFO [0m[02-17|16:04:58.650] "Processing block 1120000 from 2024-12-22 03:49:28 @ t= 0:24:46, 4961.22 txs/s, 155.42 MGas/s, 123.55x realtime"
[32mINFO [0m[02-17|16:05:18.663] "Processing block 1130000 from 2024-12-22 05:12:37 @ t= 0:25:06, 1797.22 txs/s, 156.85 MGas/s, 249.29x realtime"
[32mINFO [0m[02-17|16:05:37.065] "Processing block 1140000 from 2024-12-22 06:45:13 @ t= 0:25:24, 1325.11 txs/s, 231.32 MGas/s, 301.93x realtime"
[32mINFO [0m[02-17|16:05:52.301] "Processing block 1150000 from 2024-12-22 08:29:43 @ t= 0:25:40, 1461.39 txs/s, 242.95 MGas/s, 411.52x realtime"
[32mINFO [0m[02-17|16:06:09.733] "Processing block 1160000 from 2024-12-22 10:13:26 @ t= 0:25:57, 1428.30 txs/s, 264.35 MGas/s, 356.99x realtime"
[32mINFO [0m[02-17|16:06:28.926] "Processing block 1170000 from 2024-12-22 11:48:07 @ t= 0:26:16, 1260.33 txs/s, 268.76 MGas/s, 295.99x realtime"
[32mINFO [0m[02-17|16:06:51.257] "Processing block 1180000 from 2024-12-22 13:18:29 @ t= 0:26:39, 1202.30 txs/s, 287.34 MGas/s, 242.81x realtime"
[32mINFO [0m[02-17|16:07:11.479] "Processing block 1190000 from 2024-12-22 14:36:27 @ t= 0:26:59, 1063.53 txs/s, 168.45 MGas/s, 231.33x realtime"
[32mINFO [0m[02-17|16:07:32.630] "Processing block 1200000 from 2024-12-22 15:52:34 @ t= 0:27:20, 1049.31 txs/s, 166.69 MGas/s, 215.92x realtime"
[32mINFO [0m[02-17|16:07:55.284] "Processing block 1210000 from 2024-12-22 17:06:03 @ t= 0:27:43, 1006.86 txs/s, 184.63 MGas/s, 194.63x realtime"
[32mINFO [0m[02-17|16:08:17.302] "Processing block 1220000 from 2024-12-22 18:46:15 @ t= 0:28:05, 1050.29 txs/s, 251.22 MGas/s, 273.04x realtime"
[32mINFO [0m[02-17|16:08:38.195] "Processing block 1230000 from 2024-12-22 20:20:36 @ t= 0:28:26, 1653.25 txs/s, 282.18 MGas/s, 270.95x realtime"
[32mINFO [0m[02-17|16:09:07.920] "Processing block 1240000 from 2024-12-22 22:11:31 @ t= 0:28:55, 967.80 txs/s, 307.98 MGas/s, 223.88x realtime"
[32mINFO [0m[02-17|16:09:32.950] "Processing block 1250000 from 2024-12-23 00:20:36 @ t= 0:29:20, 1138.03 txs/s, 274.86 MGas/s, 309.44x realtime"
[32mINFO [0m[02-17|16:09:48.488] "Processing block 1260000 from 2024-12-23 01:43:26 @ t= 0:29:36, 1345.80 txs/s, 197.66 MGas/s, 319.85x realtime"
[32mINFO [0m[02-17|16:10:02.659] "Processing block 1270000 from 2024-12-23 02:49:23 @ t= 0:29:50, 1483.07 txs/s, 222.62 MGas/s, 279.24x realtime"
[32mINFO [0m[02-17|16:10:16.607] "Processing block 1280000 from 2024-12-23 03:59:21 @ t= 0:30:04, 1429.33 txs/s, 196.56 MGas/s, 300.98x realtime"
[32mINFO [0m[02-17|16:10:32.562] "Processing block 1290000 from 2024-12-23 05:08:56 @ t= 0:30:20, 1195.06 txs/s, 176.91 MGas/s, 261.68x realtime"
[32mINFO [0m[02-17|16:10:50.561] "Processing block 1300000 from 2024-12-23 06:16:49 @ t= 0:30:38, 1220.97 txs/s, 202.05 MGas/s, 226.28x realtime"
[32mINFO [0m[02-17|16:11:04.618] "Processing block 1310000 from 2024-12-23 07:39:07 @ t= 0:30:52, 1262.28 txs/s, 228.52 MGas/s, 351.30x realtime"
[32mINFO [0m[02-17|16:11:18.279] "Processing block 1320000 from 2024-12-23 09:19:33 @ t= 0:31:06, 1156.47 txs/s, 169.21 MGas/s, 441.10x realtime"
[32mINFO [0m[02-17|16:11:34.694] "Processing block 1330000 from 2024-12-23 11:39:36 @ t= 0:31:22, 1050.71 txs/s, 223.43 MGas/s, 511.89x realtime"
[32mINFO [0m[02-17|16:11:50.526] "Processing block 1340000 from 2024-12-23 13:47:16 @ t= 0:31:38, 1079.67 txs/s, 223.12 MGas/s, 483.84x realtime"
[32mINFO [0m[02-17|16:12:09.098] "Processing block 1350000 from 2024-12-23 15:35:23 @ t= 0:31:56, 1198.80 txs/s, 244.04 MGas/s, 349.29x realtime"
[32mINFO [0m[02-17|16:12:31.663] "Processing block 1360000 from 2024-12-23 17:29:54 @ t= 0:32:19, 1177.65 txs/s, 250.56 MGas/s, 304.49x realtime"
[32mINFO [0m[02-17|16:12:56.744] "Processing block 1370000 from 2024-12-23 18:50:07 @ t= 0:32:44, 2457.59 txs/s, 209.56 MGas/s, 191.90x realtime"
[32mINFO [0m[02-17|16:13:09.944] "Processing block 1380000 from 2024-12-23 20:40:04 @ t= 0:32:57, 1209.23 txs/s, 255.72 MGas/s, 499.77x realtime"
[32mINFO [0m[02-17|16:13:29.835] "Processing block 1390000 from 2024-12-23 22:51:04 @ t= 0:33:17, 1099.13 txs/s, 307.87 MGas/s, 395.15x realtime"
[32mINFO [0m[02-17|16:13:49.927] "Processing block 1400000 from 2024-12-24 01:02:42 @ t= 0:33:37, 903.77 txs/s, 222.25 MGas/s, 393.10x realtime"
[32mINFO [0m[02-17|16:14:07.702] "Processing block 1410000 from 2024-12-24 03:19:11 @ t= 0:33:55, 1178.20 txs/s, 268.10 MGas/s, 460.69x realtime"
[32mINFO [0m[02-17|16:14:34.770] "Processing block 1420000 from 2024-12-24 05:47:10 @ t= 0:34:22, 1127.28 txs/s, 417.70 MGas/s, 328.03x realtime"
[32mINFO [0m[02-17|16:14:55.752] "Processing block 1430000 from 2024-12-24 07:41:05 @ t= 0:34:43, 1081.08 txs/s, 305.54 MGas/s, 325.76x realtime"
[32mINFO [0m[02-17|16:15:14.475] "Processing block 1440000 from 2024-12-24 09:34:53 @ t= 0:35:02, 935.98 txs/s, 210.49 MGas/s, 364.69x realtime"
[32mINFO [0m[02-17|16:15:38.475] "Processing block 1450000 from 2024-12-24 11:23:47 @ t= 0:35:26, 882.82 txs/s, 225.34 MGas/s, 272.25x realtime"
[32mINFO [0m[02-17|16:16:02.191] "Processing block 1460000 from 2024-12-24 13:08:53 @ t= 0:35:49, 860.02 txs/s, 228.76 MGas/s, 265.90x realtime"
[32mINFO [0m[02-17|16:16:29.858] "Processing block 1470000 from 2024-12-24 15:28:33 @ t= 0:36:17, 913.22 txs/s, 265.45 MGas/s, 302.88x realtime"
[32mINFO [0m[02-17|16:16:52.630] "Processing block 1480000 from 2024-12-24 17:14:12 @ t= 0:36:40, 901.48 txs/s, 218.83 MGas/s, 278.37x realtime"
[32mINFO [0m[02-17|16:17:13.149] "Processing block 1490000 from 2024-12-24 19:45:15 @ t= 0:37:00, 808.71 txs/s, 205.92 MGas/s, 441.68x realtime"
[32mINFO [0m[02-17|16:17:39.917] "Processing block 1500000 from 2024-12-24 22:42:24 @ t= 0:37:27, 924.84 txs/s, 339.99 MGas/s, 397.08x realtime"
[32mINFO [0m[02-17|16:17:59.583] "Processing block 1510000 from 2024-12-25 00:57:10 @ t= 0:37:47, 920.76 txs/s, 215.35 MGas/s, 411.18x realtime"
[32mINFO [0m[02-17|16:18:19.194] "Processing block 1520000 from 2024-12-25 03:09:04 @ t= 0:38:06, 876.88 txs/s, 199.74 MGas/s, 403.54x realtime"
[32mINFO [0m[02-17|16:18:36.453] "Processing block 1530000 from 2024-12-25 05:54:59 @ t= 0:38:24, 791.00 txs/s, 170.00 MGas/s, 576.79x realtime"
[32mINFO [0m[02-17|16:18:56.018] "Processing block 1540000 from 2024-12-25 08:49:20 @ t= 0:38:43, 1158.44 txs/s, 284.24 MGas/s, 534.67x realtime"
[32mINFO [0m[02-17|16:19:19.521] "Processing block 1550000 from 2024-12-25 11:49:01 @ t= 0:39:07, 1077.53 txs/s, 320.88 MGas/s, 458.71x realtime"
[32mINFO [0m[02-17|16:19:41.298] "Processing block 1560000 from 2024-12-25 14:11:39 @ t= 0:39:29, 923.09 txs/s, 239.40 MGas/s, 392.99x realtime"
[32mINFO [0m[02-17|16:20:28.140] "Processing block 1570000 from 2024-12-25 16:20:58 @ t= 0:40:15, 981.85 txs/s, 328.12 MGas/s, 165.64x realtime"
[32mINFO [0m[02-17|16:21:57.397] "Processing block 1580000 from 2024-12-25 18:12:48 @ t= 0:41:45, 1760.61 txs/s, 560.69 MGas/s, 75.18x realtime"
[32mINFO [0m[02-17|16:22:42.674] "Processing block 1590000 from 2024-12-25 20:20:54 @ t= 0:42:30, 1165.34 txs/s, 454.75 MGas/s, 169.76x realtime"
[32mINFO [0m[02-17|16:23:27.365] "Processing block 1600000 from 2024-12-25 23:03:32 @ t= 0:43:15, 1434.98 txs/s, 466.97 MGas/s, 218.34x realtime"
[32mINFO [0m[02-17|16:24:06.680] "Processing block 1610000 from 2024-12-26 01:46:56 @ t= 0:43:54, 1264.24 txs/s, 386.43 MGas/s, 249.37x realtime"
[32mINFO [0m[02-17|16:24:40.992] "Processing block 1620000 from 2024-12-26 05:19:37 @ t= 0:44:28, 1259.92 txs/s, 407.37 MGas/s, 371.91x realtime"
[32mINFO [0m[02-17|16:25:08.555] "Processing block 1630000 from 2024-12-26 08:29:15 @ t= 0:44:56, 945.34 txs/s, 371.70 MGas/s, 412.81x realtime"
[32mINFO [0m[02-17|16:25:39.882] "Processing block 1640000 from 2024-12-26 10:49:29 @ t= 0:45:27, 1155.25 txs/s, 354.06 MGas/s, 268.58x realtime"
[32mINFO [0m[02-17|16:26:21.708] "Processing block 1650000 from 2024-12-26 13:41:22 @ t= 0:46:09, 1293.34 txs/s, 416.69 MGas/s, 246.57x realtime"
[32mINFO [0m[02-17|16:27:08.703] "Processing block 1660000 from 2024-12-26 16:20:36 @ t= 0:46:56, 1015.33 txs/s, 438.97 MGas/s, 203.30x realtime"
[32mINFO [0m[02-17|16:27:55.222] "Processing block 1670000 from 2024-12-26 18:55:53 @ t= 0:47:43, 1327.16 txs/s, 424.17 MGas/s, 200.28x realtime"
[32mINFO [0m[02-17|16:29:01.622] "Processing block 1680000 from 2024-12-26 21:39:14 @ t= 0:48:49, 1688.33 txs/s, 533.59 MGas/s, 147.61x realtime"
[32mINFO [0m[02-17|16:29:46.897] "Processing block 1690000 from 2024-12-26 23:49:32 @ t= 0:49:34, 1408.86 txs/s, 429.20 MGas/s, 172.68x realtime"
[32mINFO [0m[02-17|16:30:35.014] "Processing block 1700000 from 2024-12-27 02:04:07 @ t= 0:50:22, 1447.09 txs/s, 426.88 MGas/s, 167.82x realtime"
[32mINFO [0m[02-17|16:31:11.229] "Processing block 1710000 from 2024-12-27 04:25:58 @ t= 0:50:59, 1283.54 txs/s, 374.90 MGas/s, 235.02x realtime"
[32mINFO [0m[02-17|16:31:50.159] "Processing block 1720000 from 2024-12-27 07:10:22 @ t= 0:51:37, 1261.80 txs/s, 380.61 MGas/s, 253.37x realtime"
[32mINFO [0m[02-17|16:32:41.315] "Processing block 1730000 from 2024-12-27 09:45:44 @ t= 0:52:29, 1206.52 txs/s, 413.16 MGas/s, 182.23x realtime"
[32mINFO [0m[02-17|16:33:43.452] "Processing block 1740000 from 2024-12-27 12:04:10 @ t= 0:53:31, 1249.58 txs/s, 448.97 MGas/s, 133.67x realtime"
[32mINFO [0m[02-17|16:34:13.673] "Processing block 1750000 from 2024-12-27 14:50:32 @ t= 0:54:01, 1186.14 txs/s, 339.40 MGas/s, 330.30x realtime"
[32mINFO [0m[02-17|16:34:59.299] "Processing block 1760000 from 2024-12-27 17:14:33 @ t= 0:54:47, 1040.37 txs/s, 377.78 MGas/s, 189.39x realtime"
[32mINFO [0m[02-17|16:35:38.345] "Processing block 1770000 from 2024-12-27 20:12:58 @ t= 0:55:26, 1319.24 txs/s, 393.86 MGas/s, 274.16x realtime"
[32mINFO [0m[02-17|16:36:17.005] "Processing block 1780000 from 2024-12-27 23:35:28 @ t= 0:56:04, 1248.00 txs/s, 403.91 MGas/s, 314.28x realtime"
[32mINFO [0m[02-17|16:36:52.275] "Processing block 1790000 from 2024-12-28 02:59:44 @ t= 0:56:40, 1135.73 txs/s, 379.67 MGas/s, 347.49x realtime"
[32mINFO [0m[02-17|16:37:28.321] "Processing block 1800000 from 2024-12-28 06:07:43 @ t= 0:57:16, 1278.09 txs/s, 414.43 MGas/s, 312.90x realtime"
[32mINFO [0m[02-17|16:38:06.386] "Processing block 1810000 from 2024-12-28 09:20:49 @ t= 0:57:54, 1148.04 txs/s, 411.67 MGas/s, 304.38x realtime"
[32mINFO [0m[02-17|16:38:38.816] "Processing block 1820000 from 2024-12-28 12:32:11 @ t= 0:58:26, 980.37 txs/s, 316.27 MGas/s, 354.05x realtime"
[32mINFO [0m[02-17|16:39:18.198] "Processing block 1830000 from 2024-12-28 15:27:01 @ t= 0:59:06, 1149.36 txs/s, 365.11 MGas/s, 266.37x realtime"
[32mINFO [0m[02-17|16:40:10.089] "Processing block 1840000 from 2024-12-28 17:46:36 @ t= 0:59:57, 1249.64 txs/s, 429.03 MGas/s, 161.40x realtime"
[32mINFO [0m[02-17|16:40:48.818] "Processing block 1850000 from 2024-12-28 20:14:48 @ t= 1:00:36, 1134.25 txs/s, 359.42 MGas/s, 229.60x realtime"
[32mINFO [0m[02-17|16:41:35.632] "Processing block 1860000 from 2024-12-28 23:23:36 @ t= 1:01:23, 1392.88 txs/s, 454.82 MGas/s, 241.98x realtime"
[32mINFO [0m[02-17|16:42:20.952] "Processing block 1870000 from 2024-12-29 03:01:09 @ t= 1:02:08, 1120.62 txs/s, 425.40 MGas/s, 288.02x realtime"
[32mINFO [0m[02-17|16:42:54.879] "Processing block 1880000 from 2024-12-29 06:52:54 @ t= 1:02:42, 967.01 txs/s, 342.49 MGas/s, 409.85x realtime"
[32mINFO [0m[02-17|16:43:31.728] "Processing block 1890000 from 2024-12-29 10:27:38 @ t= 1:03:19, 1135.89 txs/s, 385.28 MGas/s, 349.65x realtime"
[32mINFO [0m[02-17|16:44:12.665] "Processing block 1900000 from 2024-12-29 13:26:16 @ t= 1:04:00, 1080.89 txs/s, 373.02 MGas/s, 261.82x realtime"
[32mINFO [0m[02-17|16:44:51.242] "Processing block 1910000 from 2024-12-29 16:07:44 @ t= 1:04:39, 817.90 txs/s, 285.26 MGas/s, 251.13x realtime"
[32mINFO [0m[02-17|16:45:26.068] "Processing block 1920000 from 2024-12-29 18:11:40 @ t= 1:05:13, 1131.13 txs/s, 337.90 MGas/s, 213.52x realtime"
[32mINFO [0m[02-17|16:45:58.743] "Processing block 1930000 from 2024-12-29 21:01:53 @ t= 1:05:46, 1205.65 txs/s, 369.93 MGas/s, 312.56x realtime"
[32mINFO [0m[02-17|16:46:34.813] "Processing block 1940000 from 2024-12-30 00:00:28 @ t= 1:06:22, 1201.94 txs/s, 401.96 MGas/s, 297.06x realtime"
[32mINFO [0m[02-17|16:47:24.107] "Processing block 1950000 from 2024-12-30 02:45:00 @ t= 1:07:11, 1329.73 txs/s, 444.75 MGas/s, 200.27x realtime"
[32mINFO [0m[02-17|16:47:59.811] "Processing block 1960000 from 2024-12-30 06:00:14 @ t= 1:07:47, 1378.43 txs/s, 392.10 MGas/s, 328.09x realtime"
[32mINFO [0m[02-17|16:48:38.421] "Processing block 1970000 from 2024-12-30 08:59:11 @ t= 1:08:26, 1050.80 txs/s, 339.61 MGas/s, 278.09x realtime"
[32mINFO [0m[02-17|16:49:07.149] "Processing block 1980000 from 2024-12-30 11:34:16 @ t= 1:08:54, 1097.14 txs/s, 306.08 MGas/s, 323.90x realtime"
[32mINFO [0m[02-17|16:49:35.584] "Processing block 1990000 from 2024-12-30 13:27:19 @ t= 1:09:23, 1250.09 txs/s, 338.27 MGas/s, 238.54x realtime"
[32mINFO [0m[02-17|16:50:24.997] "Processing block 2000000 from 2024-12-30 15:09:43 @ t= 1:10:12, 1327.71 txs/s, 428.54 MGas/s, 124.34x realtime"
[32mINFO [0m[02-17|16:50:59.093] "Processing block 2010000 from 2024-12-30 16:57:11 @ t= 1:10:46, 1052.41 txs/s, 338.52 MGas/s, 189.11x realtime"
[32mINFO [0m[02-17|16:51:36.484] "Processing block 2020000 from 2024-12-30 19:21:04 @ t= 1:11:24, 1181.37 txs/s, 355.47 MGas/s, 230.89x realtime"
[32mINFO [0m[02-17|16:52:13.961] "Processing block 2030000 from 2024-12-30 22:14:16 @ t= 1:12:01, 1092.49 txs/s, 349.74 MGas/s, 277.28x realtime"
[32mINFO [0m[02-17|16:53:23.101] "Processing block 2040000 from 2024-12-31 00:28:54 @ t= 1:13:10, 1287.48 txs/s, 429.23 MGas/s, 116.84x realtime"
[32mINFO [0m[02-17|16:54:14.705] "Processing block 2050000 from 2024-12-31 03:22:14 @ t= 1:14:02, 1253.47 txs/s, 406.28 MGas/s, 201.53x realtime"
[32mINFO [0m[02-17|16:54:47.501] "Processing block 2060000 from 2024-12-31 07:09:08 @ t= 1:14:35, 1019.13 txs/s, 319.46 MGas/s, 415.12x realtime"
[32mINFO [0m[02-17|16:55:24.977] "Processing block 2070000 from 2024-12-31 10:30:18 @ t= 1:15:12, 922.80 txs/s, 307.93 MGas/s, 322.07x realtime"
[32mINFO [0m[02-17|16:56:02.718] "Processing block 2080000 from 2024-12-31 13:35:12 @ t= 1:15:50, 1262.48 txs/s, 382.85 MGas/s, 293.95x realtime"
[32mINFO [0m[02-17|16:56:44.480] "Processing block 2090000 from 2024-12-31 16:18:02 @ t= 1:16:32, 1027.24 txs/s, 351.04 MGas/s, 233.94x realtime"
[32mINFO [0m[02-17|16:57:38.802] "Processing block 2100000 from 2024-12-31 19:03:50 @ t= 1:17:26, 1185.99 txs/s, 429.48 MGas/s, 183.13x realtime"
[32mINFO [0m[02-17|16:58:10.405] "Processing block 2110000 from 2024-12-31 22:08:38 @ t= 1:17:58, 983.57 txs/s, 318.61 MGas/s, 350.85x realtime"
[32mINFO [0m[02-17|16:58:41.710] "Processing block 2120000 from 2025-01-01 01:27:56 @ t= 1:18:29, 1124.60 txs/s, 325.37 MGas/s, 381.99x realtime"
[32mINFO [0m[02-17|16:59:23.632] "Processing block 2130000 from 2025-01-01 04:44:09 @ t= 1:19:11, 822.86 txs/s, 308.16 MGas/s, 280.83x realtime"
[32mINFO [0m[02-17|17:00:02.946] "Processing block 2140000 from 2025-01-01 08:35:01 @ t= 1:19:50, 1064.28 txs/s, 345.97 MGas/s, 352.34x realtime"
[32mINFO [0m[02-17|17:00:28.594] "Processing block 2150000 from 2025-01-01 11:54:50 @ t= 1:20:16, 754.95 txs/s, 226.66 MGas/s, 467.44x realtime"
[32mINFO [0m[02-17|17:01:13.611] "Processing block 2160000 from 2025-01-01 14:05:37 @ t= 1:21:01, 1016.63 txs/s, 321.27 MGas/s, 174.31x realtime"
[32mINFO [0m[02-17|17:01:55.354] "Processing block 2170000 from 2025-01-01 16:05:12 @ t= 1:21:43, 869.28 txs/s, 275.65 MGas/s, 171.89x realtime"
[32mINFO [0m[02-17|17:02:37.099] "Processing block 2180000 from 2025-01-01 18:00:06 @ t= 1:22:24, 944.35 txs/s, 306.95 MGas/s, 165.14x realtime"
[32mINFO [0m[02-17|17:03:15.310] "Processing block 2190000 from 2025-01-01 20:35:59 @ t= 1:23:03, 1067.14 txs/s, 348.02 MGas/s, 244.77x realtime"
[32mINFO [0m[02-17|17:04:09.334] "Processing block 2200000 from 2025-01-01 22:56:48 @ t= 1:23:57, 1113.74 txs/s, 389.76 MGas/s, 156.39x realtime"
[32mINFO [0m[02-17|17:05:04.295] "Processing block 2210000 from 2025-01-02 01:19:31 @ t= 1:24:52, 867.74 txs/s, 330.85 MGas/s, 155.80x realtime"
[32mINFO [0m[02-17|17:05:38.285] "Processing block 2220000 from 2025-01-02 04:05:58 @ t= 1:25:26, 894.57 txs/s, 288.33 MGas/s, 293.83x realtime"
[32mINFO [0m[02-17|17:06:05.293] "Processing block 2230000 from 2025-01-02 07:47:48 @ t= 1:25:53, 739.38 txs/s, 236.61 MGas/s, 492.82x realtime"
[32mINFO [0m[02-17|17:07:05.309] "Processing block 2240000 from 2025-01-02 10:02:51 @ t= 1:26:53, 855.53 txs/s, 330.49 MGas/s, 135.01x realtime"
[32mINFO [0m[02-17|17:08:04.111] "Processing block 2250000 from 2025-01-02 12:15:17 @ t= 1:27:51, 1128.11 txs/s, 387.55 MGas/s, 135.13x realtime"
[32mINFO [0m[02-17|17:09:05.909] "Processing block 2260000 from 2025-01-02 14:31:13 @ t= 1:28:53, 1237.47 txs/s, 404.97 MGas/s, 131.98x realtime"
[32mINFO [0m[02-17|17:09:44.295] "Processing block 2270000 from 2025-01-02 16:49:30 @ t= 1:29:32, 1005.80 txs/s, 317.11 MGas/s, 216.15x realtime"
[32mINFO [0m[02-17|17:10:28.636] "Processing block 2280000 from 2025-01-02 19:20:49 @ t= 1:30:16, 1035.87 txs/s, 340.32 MGas/s, 204.75x realtime"
[32mINFO [0m[02-17|17:11:09.794] "Processing block 2290000 from 2025-01-02 21:58:45 @ t= 1:30:57, 1168.69 txs/s, 367.68 MGas/s, 230.23x realtime"
[32mINFO [0m[02-17|17:12:47.053] "Processing block 2300000 from 2025-01-02 23:54:26 @ t= 1:32:34, 1383.32 txs/s, 481.11 MGas/s, 71.37x realtime"
[32mINFO [0m[02-17|17:14:09.847] "Processing block 2310000 from 2025-01-03 02:00:42 @ t= 1:33:57, 1381.70 txs/s, 479.08 MGas/s, 91.50x realtime"
[32mINFO [0m[02-17|17:15:07.878] "Processing block 2320000 from 2025-01-03 04:51:27 @ t= 1:34:55, 1334.35 txs/s, 435.46 MGas/s, 176.54x realtime"
[32mINFO [0m[02-17|17:15:50.878] "Processing block 2330000 from 2025-01-03 07:43:56 @ t= 1:35:38, 1074.11 txs/s, 354.32 MGas/s, 240.67x realtime"
[32mINFO [0m[02-17|17:16:46.382] "Processing block 2340000 from 2025-01-03 10:20:50 @ t= 1:36:34, 773.45 txs/s, 293.53 MGas/s, 169.61x realtime"
[32mINFO [0m[02-17|17:17:25.646] "Processing block 2350000 from 2025-01-03 12:34:20 @ t= 1:37:13, 969.83 txs/s, 318.02 MGas/s, 204.00x realtime"
[32mINFO [0m[02-17|17:18:39.226] "Processing block 2360000 from 2025-01-03 14:48:07 @ t= 1:38:27, 1368.84 txs/s, 464.15 MGas/s, 109.09x realtime"
[32mINFO [0m[02-17|17:19:41.901] "Processing block 2370000 from 2025-01-03 16:35:58 @ t= 1:39:29, 1215.78 txs/s, 419.74 MGas/s, 103.25x realtime"
[32mINFO [0m[02-17|17:20:25.076] "Processing block 2380000 from 2025-01-03 18:05:52 @ t= 1:40:12, 1086.73 txs/s, 351.48 MGas/s, 124.94x realtime"
[32mINFO [0m[02-17|17:21:30.559] "Processing block 2390000 from 2025-01-03 19:55:36 @ t= 1:41:18, 1147.09 txs/s, 434.22 MGas/s, 100.55x realtime"
[32mINFO [0m[02-17|17:22:20.316] "Processing block 2400000 from 2025-01-03 21:29:25 @ t= 1:42:08, 899.52 txs/s, 320.99 MGas/s, 113.13x realtime"
[32mINFO [0m[02-17|17:23:04.811] "Processing block 2410000 from 2025-01-03 23:19:47 @ t= 1:42:52, 880.88 txs/s, 309.56 MGas/s, 148.83x realtime"
[32mINFO [0m[02-17|17:23:50.272] "Processing block 2420000 from 2025-01-04 01:19:04 @ t= 1:43:38, 843.08 txs/s, 305.38 MGas/s, 157.43x realtime"
[32mINFO [0m[02-17|17:24:20.984] "Processing block 2430000 from 2025-01-04 04:18:16 @ t= 1:44:08, 767.53 txs/s, 251.10 MGas/s, 350.10x realtime"
[32mINFO [0m[02-17|17:25:01.252] "Processing block 2440000 from 2025-01-04 07:00:06 @ t= 1:44:49, 929.73 txs/s, 304.45 MGas/s, 241.14x realtime"
[32mINFO [0m[02-17|17:25:50.308] "Processing block 2450000 from 2025-01-04 09:38:16 @ t= 1:45:38, 589.65 txs/s, 256.50 MGas/s, 193.45x realtime"
[32mINFO [0m[02-17|17:26:24.963] "Processing block 2460000 from 2025-01-04 12:01:59 @ t= 1:46:12, 706.66 txs/s, 248.00 MGas/s, 248.82x realtime"
[32mINFO [0m[02-17|17:27:04.398] "Processing block 2470000 from 2025-01-04 14:33:45 @ t= 1:46:52, 738.49 txs/s, 275.47 MGas/s, 230.92x realtime"
[32mINFO [0m[02-17|17:27:45.645] "Processing block 2480000 from 2025-01-04 16:28:10 @ t= 1:47:33, 721.74 txs/s, 268.86 MGas/s, 166.43x realtime"
[32mINFO [0m[02-17|17:28:26.042] "Processing block 2490000 from 2025-01-04 18:05:39 @ t= 1:48:13, 794.87 txs/s, 280.60 MGas/s, 144.79x realtime"
[32mINFO [0m[02-17|17:28:59.569] "Processing block 2500000 from 2025-01-04 20:11:02 @ t= 1:48:47, 903.42 txs/s, 282.00 MGas/s, 224.39x realtime"
[32mINFO [0m[02-17|17:29:39.315] "Processing block 2510000 from 2025-01-04 22:10:58 @ t= 1:49:27, 771.37 txs/s, 276.58 MGas/s, 181.05x realtime"
[32mINFO [0m[02-17|17:30:12.283] "Processing block 2520000 from 2025-01-05 00:17:46 @ t= 1:50:00, 865.00 txs/s, 284.26 MGas/s, 230.77x realtime"
[32mINFO [0m[02-17|17:30:45.175] "Processing block 2530000 from 2025-01-05 02:37:26 @ t= 1:50:32, 818.07 txs/s, 254.28 MGas/s, 254.77x realtime"
[32mINFO [0m[02-17|17:31:21.281] "Processing block 2540000 from 2025-01-05 04:54:46 @ t= 1:51:09, 923.86 txs/s, 301.06 MGas/s, 228.22x realtime"
[32mINFO [0m[02-17|17:32:01.732] "Processing block 2550000 from 2025-01-05 07:00:21 @ t= 1:51:49, 959.19 txs/s, 325.20 MGas/s, 186.28x realtime"
[32mINFO [0m[02-17|17:32:42.638] "Processing block 2560000 from 2025-01-05 09:03:34 @ t= 1:52:30, 867.70 txs/s, 296.31 MGas/s, 180.73x realtime"
[32mINFO [0m[02-17|17:33:50.832] "Processing block 2570000 from 2025-01-05 11:09:54 @ t= 1:53:38, 695.73 txs/s, 346.98 MGas/s, 111.15x realtime"
[32mINFO [0m[02-17|17:34:30.741] "Processing block 2580000 from 2025-01-05 13:10:27 @ t= 1:54:18, 863.39 txs/s, 291.90 MGas/s, 181.24x realtime"
[32mINFO [0m[02-17|17:35:24.562] "Processing block 2590000 from 2025-01-05 15:00:57 @ t= 1:55:12, 992.11 txs/s, 454.23 MGas/s, 123.19x realtime"
[32mINFO [0m[02-17|17:36:01.566] "Processing block 2600000 from 2025-01-05 16:56:08 @ t= 1:55:49, 698.73 txs/s, 235.90 MGas/s, 186.76x realtime"
[32mINFO [0m[02-17|17:36:42.213] "Processing block 2610000 from 2025-01-05 19:02:21 @ t= 1:56:30, 882.63 txs/s, 370.61 MGas/s, 186.31x realtime"
[32mINFO [0m[02-17|17:37:33.445] "Processing block 2620000 from 2025-01-05 20:57:26 @ t= 1:57:21, 1038.77 txs/s, 418.60 MGas/s, 134.78x realtime"
[32mINFO [0m[02-17|17:38:44.270] "Processing block 2630000 from 2025-01-05 23:00:17 @ t= 1:58:32, 1179.52 txs/s, 454.08 MGas/s, 104.07x realtime"
[32mINFO [0m[02-17|17:39:25.628] "Processing block 2640000 from 2025-01-06 01:08:11 @ t= 1:59:13, 1048.70 txs/s, 343.51 MGas/s, 185.55x realtime"
[32mINFO [0m[02-17|17:40:17.008] "Processing block 2650000 from 2025-01-06 02:52:55 @ t= 2:00:04, 976.91 txs/s, 332.97 MGas/s, 122.31x realtime"
[32mINFO [0m[02-17|17:40:58.542] "Processing block 2660000 from 2025-01-06 04:38:04 @ t= 2:00:46, 991.76 txs/s, 309.72 MGas/s, 151.90x realtime"
[32mINFO [0m[02-17|17:41:38.562] "Processing block 2670000 from 2025-01-06 06:50:28 @ t= 2:01:26, 957.58 txs/s, 308.74 MGas/s, 198.50x realtime"
[32mINFO [0m[02-17|17:42:22.490] "Processing block 2680000 from 2025-01-06 09:17:43 @ t= 2:02:10, 827.55 txs/s, 294.14 MGas/s, 201.12x realtime"
[32mINFO [0m[02-17|17:43:29.542] "Processing block 2690000 from 2025-01-06 10:55:19 @ t= 2:03:17, 761.64 txs/s, 320.94 MGas/s, 87.34x realtime"
[32mINFO [0m[02-17|17:44:16.073] "Processing block 2700000 from 2025-01-06 12:18:46 @ t= 2:04:03, 1004.23 txs/s, 334.71 MGas/s, 107.61x realtime"
[32mINFO [0m[02-17|17:45:04.361] "Processing block 2710000 from 2025-01-06 14:25:36 @ t= 2:04:52, 970.17 txs/s, 348.26 MGas/s, 157.59x realtime"
[32mINFO [0m[02-17|17:46:01.604] "Processing block 2720000 from 2025-01-06 15:58:20 @ t= 2:05:49, 918.22 txs/s, 333.94 MGas/s, 97.20x realtime"
[32mINFO [0m[02-17|17:47:06.906] "Processing block 2730000 from 2025-01-06 17:24:19 @ t= 2:06:54, 878.69 txs/s, 337.79 MGas/s, 79.00x realtime"
[32mINFO [0m[02-17|17:48:21.635] "Processing block 2740000 from 2025-01-06 18:46:37 @ t= 2:08:09, 1096.71 txs/s, 432.04 MGas/s, 66.08x realtime"
[32mINFO [0m[02-17|17:49:24.728] "Processing block 2750000 from 2025-01-06 20:24:45 @ t= 2:09:12, 1078.65 txs/s, 406.90 MGas/s, 93.32x realtime"
[32mINFO [0m[02-17|17:50:11.049] "Processing block 2760000 from 2025-01-06 22:18:16 @ t= 2:09:58, 793.97 txs/s, 278.75 MGas/s, 147.04x realtime"
[32mINFO [0m[02-17|17:51:04.997] "Processing block 2770000 from 2025-01-06 23:58:43 @ t= 2:10:52, 1030.06 txs/s, 424.21 MGas/s, 111.72x realtime"
[32mINFO [0m[02-17|17:51:37.272] "Processing block 2780000 from 2025-01-07 01:38:01 @ t= 2:11:25, 831.28 txs/s, 268.38 MGas/s, 184.60x realtime"
[32mINFO [0m[02-17|17:52:41.830] "Processing block 2790000 from 2025-01-07 02:57:30 @ t= 2:12:29, 1115.17 txs/s, 476.10 MGas/s, 73.87x realtime"
[32mINFO [0m[02-17|17:53:13.634] "Processing block 2800000 from 2025-01-07 04:25:28 @ t= 2:13:01, 1096.10 txs/s, 337.09 MGas/s, 165.96x realtime"
[32mINFO [0m[02-17|17:53:40.796] "Processing block 2810000 from 2025-01-07 05:55:33 @ t= 2:13:28, 1000.03 txs/s, 313.00 MGas/s, 198.99x realtime"
[32mINFO [0m[02-17|17:54:09.886] "Processing block 2820000 from 2025-01-07 07:25:50 @ t= 2:13:57, 1021.50 txs/s, 357.55 MGas/s, 186.22x realtime"
[32mINFO [0m[02-17|17:54:52.284] "Processing block 2830000 from 2025-01-07 08:47:37 @ t= 2:14:40, 932.58 txs/s, 325.99 MGas/s, 115.74x realtime"
[32mINFO [0m[02-17|17:55:54.306] "Processing block 2840000 from 2025-01-07 10:29:01 @ t= 2:15:42, 684.01 txs/s, 291.81 MGas/s, 98.09x realtime"
[32mINFO [0m[02-17|17:56:32.034] "Processing block 2850000 from 2025-01-07 12:27:42 @ t= 2:16:19, 715.73 txs/s, 265.25 MGas/s, 188.75x realtime"
[32mINFO [0m[02-17|17:57:12.959] "Processing block 2860000 from 2025-01-07 14:49:57 @ t= 2:17:00, 685.30 txs/s, 285.18 MGas/s, 208.55x realtime"
[32mINFO [0m[02-17|17:58:08.555] "Processing block 2870000 from 2025-01-07 16:32:16 @ t= 2:17:56, 795.36 txs/s, 337.56 MGas/s, 110.42x realtime"
[32mINFO [0m[02-17|17:59:07.521] "Processing block 2880000 from 2025-01-07 18:07:20 @ t= 2:18:55, 875.26 txs/s, 375.00 MGas/s, 96.73x realtime"
[32mINFO [0m[02-17|18:00:41.631] "Processing block 2890000 from 2025-01-07 19:24:02 @ t= 2:20:29, 1058.71 txs/s, 575.92 MGas/s, 48.90x realtime"
[32mINFO [0m[02-17|18:01:38.024] "Processing block 2900000 from 2025-01-07 20:48:21 @ t= 2:21:25, 860.96 txs/s, 418.60 MGas/s, 89.71x realtime"
[32mINFO [0m[02-17|18:02:58.746] "Processing block 2910000 from 2025-01-07 22:21:46 @ t= 2:22:46, 898.57 txs/s, 401.71 MGas/s, 69.44x realtime"
[32mINFO [0m[02-17|18:04:00.062] "Processing block 2920000 from 2025-01-08 00:09:01 @ t= 2:23:47, 849.77 txs/s, 454.14 MGas/s, 104.95x realtime"
[32mINFO [0m[02-17|18:04:54.199] "Processing block 2930000 from 2025-01-08 02:34:07 @ t= 2:24:42, 945.30 txs/s, 410.17 MGas/s, 160.81x realtime"
[32mINFO [0m[02-17|18:05:47.708] "Processing block 2940000 from 2025-01-08 05:11:14 @ t= 2:25:35, 1018.72 txs/s, 447.10 MGas/s, 176.17x realtime"
[32mINFO [0m[02-17|18:06:38.708] "Processing block 2950000 from 2025-01-08 07:34:20 @ t= 2:26:26, 894.90 txs/s, 381.79 MGas/s, 168.35x realtime"
[32mINFO [0m[02-17|18:08:32.719] "Processing block 2960000 from 2025-01-08 09:14:02 @ t= 2:28:20, 1039.30 txs/s, 541.77 MGas/s, 52.47x realtime"
[32mINFO [0m[02-17|18:09:28.426] "Processing block 2970000 from 2025-01-08 11:22:21 @ t= 2:29:16, 781.35 txs/s, 324.24 MGas/s, 138.20x realtime"
[32mINFO [0m[02-17|18:10:14.883] "Processing block 2980000 from 2025-01-08 13:25:23 @ t= 2:30:02, 708.44 txs/s, 312.91 MGas/s, 158.90x realtime"
[32mINFO [0m[02-17|18:11:19.982] "Processing block 2990000 from 2025-01-08 15:06:18 @ t= 2:31:07, 783.22 txs/s, 341.61 MGas/s, 93.01x realtime"
[32mINFO [0m[02-17|18:12:26.339] "Processing block 3000000 from 2025-01-08 16:31:41 @ t= 2:32:14, 831.98 txs/s, 348.55 MGas/s, 77.20x realtime"
[32mINFO [0m[02-17|18:13:30.408] "Processing block 3010000 from 2025-01-08 18:03:34 @ t= 2:33:18, 858.73 txs/s, 368.51 MGas/s, 86.05x realtime"
[32mINFO [0m[02-17|18:14:36.009] "Processing block 3020000 from 2025-01-08 19:31:51 @ t= 2:34:23, 828.04 txs/s, 345.11 MGas/s, 80.75x realtime"
[32mINFO [0m[02-17|18:15:35.155] "Processing block 3030000 from 2025-01-08 21:16:22 @ t= 2:35:22, 792.29 txs/s, 416.39 MGas/s, 106.03x realtime"
[32mINFO [0m[02-17|18:16:25.161] "Processing block 3040000 from 2025-01-08 23:15:05 @ t= 2:36:12, 716.58 txs/s, 352.38 MGas/s, 142.44x realtime"
[32mINFO [0m[02-17|18:17:11.921] "Processing block 3050000 from 2025-01-09 00:53:46 @ t= 2:36:59, 601.17 txs/s, 244.64 MGas/s, 126.62x realtime"
[32mINFO [0m[02-17|18:18:04.104] "Processing block 3060000 from 2025-01-09 02:38:30 @ t= 2:37:51, 708.33 txs/s, 273.75 MGas/s, 120.42x realtime"
[32mINFO [0m[02-17|18:18:42.123] "Processing block 3070000 from 2025-01-09 05:00:40 @ t= 2:38:29, 695.76 txs/s, 260.41 MGas/s, 224.36x realtime"
[32mINFO [0m[02-17|18:19:21.481] "Processing block 3080000 from 2025-01-09 07:25:52 @ t= 2:39:09, 681.93 txs/s, 307.06 MGas/s, 221.36x realtime"
[32mINFO [0m[02-17|18:20:20.619] "Processing block 3090000 from 2025-01-09 09:04:22 @ t= 2:40:08, 478.86 txs/s, 215.67 MGas/s, 99.94x realtime"
[32mINFO [0m[02-17|18:21:11.765] "Processing block 3100000 from 2025-01-09 11:07:18 @ t= 2:40:59, 772.10 txs/s, 386.58 MGas/s, 144.21x realtime"
[32mINFO [0m[02-17|18:21:49.970] "Processing block 3110000 from 2025-01-09 13:10:01 @ t= 2:41:37, 682.43 txs/s, 258.44 MGas/s, 192.73x realtime"
[32mINFO [0m[02-17|18:22:35.037] "Processing block 3120000 from 2025-01-09 14:56:26 @ t= 2:42:22, 667.89 txs/s, 270.72 MGas/s, 141.68x realtime"
[32mINFO [0m[02-17|18:23:20.280] "Processing block 3130000 from 2025-01-09 16:25:51 @ t= 2:43:08, 613.28 txs/s, 240.55 MGas/s, 118.58x realtime"
[32mINFO [0m[02-17|18:24:21.370] "Processing block 3140000 from 2025-01-09 17:56:22 @ t= 2:44:09, 616.13 txs/s, 248.64 MGas/s, 88.90x realtime"
[32mINFO [0m[02-17|18:25:08.565] "Processing block 3150000 from 2025-01-09 19:33:25 @ t= 2:44:56, 604.76 txs/s, 258.57 MGas/s, 123.38x realtime"
[32mINFO [0m[02-17|18:26:04.742] "Processing block 3160000 from 2025-01-09 21:03:49 @ t= 2:45:52, 691.65 txs/s, 296.86 MGas/s, 96.55x realtime"
[32mINFO [0m[02-17|18:26:59.980] "Processing block 3170000 from 2025-01-09 22:34:52 @ t= 2:46:47, 736.80 txs/s, 309.04 MGas/s, 98.90x realtime"
[32mINFO [0m[02-17|18:27:46.188] "Processing block 3180000 from 2025-01-10 00:08:55 @ t= 2:47:33, 639.24 txs/s, 256.96 MGas/s, 122.12x realtime"
[32mINFO [0m[02-17|18:28:25.992] "Processing block 3190000 from 2025-01-10 02:23:09 @ t= 2:48:13, 599.23 txs/s, 234.41 MGas/s, 202.34x realtime"
[32mINFO [0m[02-17|18:29:06.859] "Processing block 3200000 from 2025-01-10 04:52:09 @ t= 2:48:54, 660.63 txs/s, 251.83 MGas/s, 218.76x realtime"
[32mINFO [0m[02-17|18:29:45.727] "Processing block 3210000 from 2025-01-10 07:18:01 @ t= 2:49:33, 683.18 txs/s, 242.70 MGas/s, 225.17x realtime"
[32mINFO [0m[02-17|18:30:47.254] "Processing block 3220000 from 2025-01-10 09:05:05 @ t= 2:50:35, 548.98 txs/s, 241.25 MGas/s, 104.41x realtime"
[32mINFO [0m[02-17|18:31:44.828] "Processing block 3230000 from 2025-01-10 10:49:55 @ t= 2:51:32, 717.94 txs/s, 329.06 MGas/s, 109.25x realtime"
[32mINFO [0m[02-17|18:33:17.642] "Processing block 3240000 from 2025-01-10 12:14:40 @ t= 2:53:05, 911.34 txs/s, 496.38 MGas/s, 54.79x realtime"
[32mINFO [0m[02-17|18:34:09.248] "Processing block 3250000 from 2025-01-10 13:41:45 @ t= 2:53:57, 657.98 txs/s, 281.90 MGas/s, 101.25x realtime"
[32mINFO [0m[02-17|18:35:06.220] "Processing block 3260000 from 2025-01-10 14:58:52 @ t= 2:54:54, 677.05 txs/s, 279.87 MGas/s, 81.22x realtime"
[32mINFO [0m[02-17|18:36:06.226] "Processing block 3270000 from 2025-01-10 16:23:31 @ t= 2:55:54, 783.09 txs/s, 318.94 MGas/s, 84.64x realtime"
[32mINFO [0m[02-17|18:36:53.163] "Processing block 3280000 from 2025-01-10 18:05:25 @ t= 2:56:40, 596.44 txs/s, 253.01 MGas/s, 130.26x realtime"
[32mINFO [0m[02-17|18:37:39.932] "Processing block 3290000 from 2025-01-10 19:43:52 @ t= 2:57:27, 592.27 txs/s, 239.25 MGas/s, 126.30x realtime"
[32mINFO [0m[02-17|18:38:43.912] "Processing block 3300000 from 2025-01-10 21:09:50 @ t= 2:58:31, 749.05 txs/s, 339.88 MGas/s, 80.62x realtime"
[32mINFO [0m[02-17|18:39:29.260] "Processing block 3310000 from 2025-01-10 22:53:14 @ t= 2:59:17, 520.39 txs/s, 222.46 MGas/s, 136.81x realtime"
[32mINFO [0m[02-17|18:40:12.557] "Processing block 3320000 from 2025-01-11 00:37:55 @ t= 3:00:00, 625.90 txs/s, 240.68 MGas/s, 145.07x realtime"
[32mINFO [0m[02-17|18:41:03.850] "Processing block 3330000 from 2025-01-11 02:24:39 @ t= 3:00:51, 751.66 txs/s, 288.09 MGas/s, 124.85x realtime"
[32mINFO [0m[02-17|18:42:09.356] "Processing block 3340000 from 2025-01-11 04:14:27 @ t= 3:01:57, 731.65 txs/s, 280.88 MGas/s, 100.57x realtime"
[32mINFO [0m[02-17|18:42:48.597] "Processing block 3350000 from 2025-01-11 06:45:24 @ t= 3:02:36, 665.09 txs/s, 258.91 MGas/s, 230.80x realtime"
[32mINFO [0m[02-17|18:43:44.729] "Processing block 3360000 from 2025-01-11 08:56:15 @ t= 3:03:32, 349.06 txs/s, 173.33 MGas/s, 139.87x realtime"
[32mINFO [0m[02-17|18:44:30.869] "Processing block 3370000 from 2025-01-11 10:47:57 @ t= 3:04:18, 462.37 txs/s, 187.79 MGas/s, 145.25x realtime"
[32mINFO [0m[02-17|18:45:24.828] "Processing block 3380000 from 2025-01-11 12:37:19 @ t= 3:05:12, 489.33 txs/s, 192.81 MGas/s, 121.61x realtime"
[32mINFO [0m[02-17|18:46:18.033] "Processing block 3390000 from 2025-01-11 14:12:09 @ t= 3:06:05, 683.49 txs/s, 247.66 MGas/s, 106.94x realtime"
[32mINFO [0m[02-17|18:47:29.695] "Processing block 3400000 from 2025-01-11 15:35:09 @ t= 3:07:17, 617.69 txs/s, 219.99 MGas/s, 69.49x realtime"
[32mINFO [0m[02-17|18:49:32.724] "Processing block 3410000 from 2025-01-11 16:57:07 @ t= 3:09:20, 632.59 txs/s, 284.95 MGas/s, 39.97x realtime"
[32mINFO [0m[02-17|18:50:56.247] "Processing block 3420000 from 2025-01-11 18:08:39 @ t= 3:10:44, 418.82 txs/s, 147.73 MGas/s, 51.39x realtime"
[32mINFO [0m[02-17|18:52:10.154] "Processing block 3430000 from 2025-01-11 19:16:53 @ t= 3:11:57, 450.12 txs/s, 161.58 MGas/s, 55.39x realtime"
[32mINFO [0m[02-17|18:54:19.547] "Processing block 3440000 from 2025-01-11 20:26:26 @ t= 3:14:07, 289.62 txs/s, 94.97 MGas/s, 32.25x realtime"
[32mINFO [0m[02-17|18:56:59.212] "Processing block 3450000 from 2025-01-11 21:31:37 @ t= 3:16:47, 546.46 txs/s, 255.08 MGas/s, 24.49x realtime"
[32mINFO [0m[02-17|18:57:54.040] "Processing block 3460000 from 2025-01-11 22:47:31 @ t= 3:17:41, 540.07 txs/s, 219.26 MGas/s, 83.06x realtime"
[32mINFO [0m[02-17|18:59:16.950] "Processing block 3470000 from 2025-01-11 23:58:08 @ t= 3:19:04, 432.60 txs/s, 135.85 MGas/s, 51.10x realtime"
[32mINFO [0m[02-17|19:00:15.087] "Processing block 3480000 from 2025-01-12 01:15:04 @ t= 3:20:02, 768.98 txs/s, 335.00 MGas/s, 79.40x realtime"
[32mINFO [0m[02-17|19:01:16.092] "Processing block 3490000 from 2025-01-12 02:31:29 @ t= 3:21:03, 504.34 txs/s, 138.62 MGas/s, 75.16x realtime"
[32mINFO [0m[02-17|19:01:55.821] "Processing block 3500000 from 2025-01-12 04:00:17 @ t= 3:21:43, 595.58 txs/s, 171.27 MGas/s, 134.11x realtime"
[32mINFO [0m[02-17|19:02:33.102] "Processing block 3510000 from 2025-01-12 05:15:32 @ t= 3:22:20, 1109.92 txs/s, 226.14 MGas/s, 121.11x realtime"
[32mINFO [0m[02-17|19:03:09.203] "Processing block 3520000 from 2025-01-12 06:24:58 @ t= 3:22:57, 1292.13 txs/s, 250.40 MGas/s, 115.40x realtime"
[32mINFO [0m[02-17|19:04:12.695] "Processing block 3530000 from 2025-01-12 07:48:03 @ t= 3:24:00, 680.69 txs/s, 221.26 MGas/s, 78.51x realtime"
[32mINFO [0m[02-17|19:04:59.144] "Processing block 3540000 from 2025-01-12 09:07:41 @ t= 3:24:46, 582.19 txs/s, 207.23 MGas/s, 102.87x realtime"
[32mINFO [0m[02-17|19:06:25.895] "Processing block 3550000 from 2025-01-12 10:26:01 @ t= 3:26:13, 341.32 txs/s, 117.64 MGas/s, 54.18x realtime"
[32mINFO [0m[02-17|19:08:03.365] "Processing block 3560000 from 2025-01-12 11:45:50 @ t= 3:27:51, 421.37 txs/s, 142.45 MGas/s, 49.13x realtime"
[32mINFO [0m[02-17|19:08:58.236] "Processing block 3570000 from 2025-01-12 13:01:35 @ t= 3:28:46, 476.04 txs/s, 161.10 MGas/s, 82.83x realtime"
[32mINFO [0m[02-17|19:10:53.642] "Processing block 3580000 from 2025-01-12 14:11:31 @ t= 3:30:41, 433.54 txs/s, 199.97 MGas/s, 36.36x realtime"
[32mINFO [0m[02-17|19:12:02.838] "Processing block 3590000 from 2025-01-12 15:26:35 @ t= 3:31:50, 492.37 txs/s, 181.09 MGas/s, 65.09x realtime"
[32mINFO [0m[02-17|19:13:20.265] "Processing block 3600000 from 2025-01-12 16:38:28 @ t= 3:33:08, 482.27 txs/s, 167.43 MGas/s, 55.70x realtime"
[32mINFO [0m[02-17|19:14:52.504] "Processing block 3610000 from 2025-01-12 17:44:32 @ t= 3:34:40, 695.05 txs/s, 264.58 MGas/s, 42.98x realtime"
[32mINFO [0m[02-17|19:16:38.538] "Processing block 3620000 from 2025-01-12 18:51:32 @ t= 3:36:26, 858.85 txs/s, 372.99 MGas/s, 37.91x realtime"
[32mINFO [0m[02-17|19:18:24.681] "Processing block 3630000 from 2025-01-12 20:04:04 @ t= 3:38:12, 420.55 txs/s, 152.49 MGas/s, 41.00x realtime"
[32mINFO [0m[02-17|19:20:13.012] "Processing block 3640000 from 2025-01-12 21:22:01 @ t= 3:40:00, 679.81 txs/s, 318.71 MGas/s, 43.17x realtime"
[32mINFO [0m[02-17|19:21:31.909] "Processing block 3650000 from 2025-01-12 22:46:17 @ t= 3:41:19, 407.80 txs/s, 159.51 MGas/s, 64.08x realtime"
[32mINFO [0m[02-17|19:23:18.328] "Processing block 3660000 from 2025-01-13 00:11:24 @ t= 3:43:06, 460.39 txs/s, 206.61 MGas/s, 47.99x realtime"
[32mINFO [0m[02-17|19:24:23.234] "Processing block 3670000 from 2025-01-13 01:32:34 @ t= 3:44:11, 788.48 txs/s, 188.15 MGas/s, 75.03x realtime"
[32mINFO [0m[02-17|19:25:02.674] "Processing block 3680000 from 2025-01-13 03:08:01 @ t= 3:44:50, 1177.79 txs/s, 240.69 MGas/s, 145.21x realtime"
[32mINFO [0m[02-17|19:26:11.703] "Processing block 3690000 from 2025-01-13 05:14:45 @ t= 3:45:59, 691.79 txs/s, 241.78 MGas/s, 110.16x realtime"
[32mINFO [0m[02-17|19:26:49.524] "Processing block 3700000 from 2025-01-13 07:35:03 @ t= 3:46:37, 762.07 txs/s, 253.71 MGas/s, 222.57x realtime"
[32mINFO [0m[02-17|19:28:21.516] "Processing block 3710000 from 2025-01-13 09:21:12 @ t= 3:48:09, 420.71 txs/s, 161.06 MGas/s, 69.23x realtime"
[32mINFO [0m[02-17|19:29:08.391] "Processing block 3720000 from 2025-01-13 11:13:48 @ t= 3:48:56, 816.18 txs/s, 308.52 MGas/s, 144.13x realtime"
[32mINFO [0m[02-17|19:30:47.490] "Processing block 3730000 from 2025-01-13 13:00:20 @ t= 3:50:35, 609.43 txs/s, 251.08 MGas/s, 64.50x realtime"
[32mINFO [0m[02-17|19:33:56.127] "Processing block 3740000 from 2025-01-13 14:26:03 @ t= 3:53:43, 724.69 txs/s, 411.94 MGas/s, 27.26x realtime"
[32mINFO [0m[02-17|19:37:00.144] "Processing block 3750000 from 2025-01-13 15:52:41 @ t= 3:56:47, 646.34 txs/s, 305.44 MGas/s, 28.25x realtime"
[32mINFO [0m[02-17|19:39:51.639] "Processing block 3760000 from 2025-01-13 17:00:24 @ t= 3:59:39, 964.50 txs/s, 491.91 MGas/s, 23.69x realtime"
[32mINFO [0m[02-17|19:41:48.175] "Processing block 3770000 from 2025-01-13 18:28:46 @ t= 4:01:35, 496.59 txs/s, 191.31 MGas/s, 45.50x realtime"
[32mINFO [0m[02-17|19:42:46.385] "Processing block 3780000 from 2025-01-13 20:01:51 @ t= 4:02:34, 738.46 txs/s, 347.14 MGas/s, 95.94x realtime"
[32mINFO [0m[02-17|19:44:23.175] "Processing block 3790000 from 2025-01-13 21:43:51 @ t= 4:04:10, 396.91 txs/s, 170.99 MGas/s, 63.23x realtime"
[32mINFO [0m[02-17|19:46:42.135] "Processing block 3800000 from 2025-01-13 23:10:43 @ t= 4:06:29, 622.89 txs/s, 286.10 MGas/s, 37.51x realtime"
[32mINFO [0m[02-17|19:47:56.027] "Processing block 3810000 from 2025-01-14 01:20:00 @ t= 4:07:43, 569.92 txs/s, 278.91 MGas/s, 104.98x realtime"
[32mINFO [0m[02-17|19:49:55.418] "Processing block 3820000 from 2025-01-14 03:38:33 @ t= 4:09:43, 390.93 txs/s, 154.00 MGas/s, 69.63x realtime"
[32mINFO [0m[02-17|19:51:18.013] "Processing block 3830000 from 2025-01-14 06:05:47 @ t= 4:11:05, 466.07 txs/s, 195.04 MGas/s, 106.95x realtime"
[32mINFO [0m[02-17|19:53:26.589] "Processing block 3840000 from 2025-01-14 08:12:52 @ t= 4:13:14, 568.38 txs/s, 221.68 MGas/s, 59.30x realtime"
[32mINFO [0m[02-17|19:55:22.813] "Processing block 3850000 from 2025-01-14 10:13:42 @ t= 4:15:10, 304.66 txs/s, 137.25 MGas/s, 62.38x realtime"
[32mINFO [0m[02-17|19:56:18.051] "Processing block 3860000 from 2025-01-14 12:01:23 @ t= 4:16:05, 721.12 txs/s, 293.94 MGas/s, 116.96x realtime"
[32mINFO [0m[02-17|19:57:36.396] "Processing block 3870000 from 2025-01-14 13:43:57 @ t= 4:17:24, 342.07 txs/s, 131.00 MGas/s, 78.55x realtime"
[32mINFO [0m[02-17|19:59:09.529] "Processing block 3880000 from 2025-01-14 15:18:21 @ t= 4:18:57, 440.41 txs/s, 172.06 MGas/s, 60.82x realtime"
[32mINFO [0m[02-17|20:00:10.270] "Processing block 3890000 from 2025-01-14 17:10:19 @ t= 4:19:58, 487.61 txs/s, 182.91 MGas/s, 110.60x realtime"
[32mINFO [0m[02-17|20:00:42.363] "Processing block 3900000 from 2025-01-14 19:04:53 @ t= 4:20:30, 651.13 txs/s, 196.85 MGas/s, 214.19x realtime"
[32mINFO [0m[02-17|20:01:35.225] "Processing block 3910000 from 2025-01-14 20:56:57 @ t= 4:21:23, 458.24 txs/s, 137.39 MGas/s, 127.20x realtime"
[32mINFO [0m[02-17|20:02:31.269] "Processing block 3920000 from 2025-01-14 22:49:04 @ t= 4:22:19, 415.61 txs/s, 122.54 MGas/s, 120.03x realtime"
[32mINFO [0m[02-17|20:03:36.304] "Processing block 3930000 from 2025-01-15 00:33:08 @ t= 4:23:24, 354.88 txs/s, 88.99 MGas/s, 96.01x realtime"
[32mINFO [0m[02-17|20:04:38.054] "Processing block 3940000 from 2025-01-15 02:30:48 @ t= 4:24:25, 380.65 txs/s, 116.07 MGas/s, 114.33x realtime"
[32mINFO [0m[02-17|20:05:09.734] "Processing block 3950000 from 2025-01-15 05:08:17 @ t= 4:24:57, 521.00 txs/s, 188.08 MGas/s, 298.27x realtime"
[32mINFO [0m[02-17|20:05:44.114] "Processing block 3960000 from 2025-01-15 07:37:33 @ t= 4:25:31, 426.60 txs/s, 137.97 MGas/s, 260.51x realtime"
[32mINFO [0m[02-17|20:06:58.277] "Processing block 3970000 from 2025-01-15 09:44:31 @ t= 4:26:46, 293.02 txs/s, 130.70 MGas/s, 102.72x realtime"
[32mINFO [0m[02-17|20:08:17.474] "Processing block 3980000 from 2025-01-15 11:23:04 @ t= 4:28:05, 331.01 txs/s, 126.41 MGas/s, 74.66x realtime"
[32mINFO [0m[02-17|20:09:21.230] "Processing block 3990000 from 2025-01-15 13:17:13 @ t= 4:29:09, 268.75 txs/s, 107.98 MGas/s, 107.42x realtime"
[32mINFO [0m[02-17|20:10:35.579] "Processing block 4000000 from 2025-01-15 14:49:29 @ t= 4:30:23, 434.94 txs/s, 206.64 MGas/s, 74.46x realtime"
[32mINFO [0m[02-17|20:12:41.923] "Processing block 4010000 from 2025-01-15 16:12:34 @ t= 4:32:29, 417.92 txs/s, 205.69 MGas/s, 39.46x realtime"
[32mINFO [0m[02-17|20:14:55.636] "Processing block 4020000 from 2025-01-15 17:34:59 @ t= 4:34:43, 261.85 txs/s, 119.14 MGas/s, 36.98x realtime"
[32mINFO [0m[02-17|20:16:29.132] "Processing block 4030000 from 2025-01-15 19:11:30 @ t= 4:36:16, 316.59 txs/s, 137.44 MGas/s, 61.94x realtime"
[32mINFO [0m[02-17|20:18:16.390] "Processing block 4040000 from 2025-01-15 20:44:09 @ t= 4:38:04, 293.86 txs/s, 129.81 MGas/s, 51.83x realtime"
[32mINFO [0m[02-17|20:20:53.315] "Processing block 4050000 from 2025-01-15 22:08:28 @ t= 4:40:41, 276.55 txs/s, 117.54 MGas/s, 32.24x realtime"
Terminated
+ git apply --reverse enable-carmen.patch
