+ trap 'git apply --reverse enable-carmen.patch &> /dev/null' EXIT
++ pwd
+ CARMEN_RUST_DIR=/var/data/luigi/bertha/block-db-go-bindings/../../carmen/rust
++ pwd
+ BLOCK_DB_GO_BINDINGS_DIR=/var/data/luigi/bertha/block-db-go-bindings
+ cd /var/data/luigi/bertha/block-db-go-bindings/../../carmen/rust
+ cargo build --release
    Finished `release` profile [optimized] target(s) in 0.22s
+ cd /var/data/luigi/bertha/block-db-go-bindings
+ git apply --reverse --check enable-carmen.patch
+ go run /var/data/luigi/carmen/rust/../../bertha/block-db-go-bindings/cmd/block-db/main.go replay --db /var/data/carmen/blockdbs/sonic-60000/.blockdb --json-genesis /var/data/luigi/carmen/rust/../../bertha/../sonic.json -e 1000000 --log-db-size --use-pipeline=false --keep-db --schema 6 --variant go-geth2-leveldb --state-db-dir '/var/data/luigi/carmen/rust/state_db_4930b6acf82bbc05c7da84b7fe2fbc6df995bf1f_go-geth2-leveldb_['\''--with-archive'\'']' --with-archive --use-pipeline=false
[32mINFO [0m[02-25|09:40:52.943] Loading genesis file                     [32mfile[0m=/var/data/luigi/carmen/rust/../../bertha/../sonic.json
[32mINFO [0m[02-25|09:40:52.943] Creating state database                  [32mdirectory[0m=/var/data/luigi/carmen/rust/state_db_4930b6acf82bbc05c7da84b7fe2fbc6df995bf1f_go-geth2-leveldb_['--with-archive']
[33mWARN [0m[02-25|09:40:52.943] DB size log enabled. This will trigger a flush with every progress report and reduce performance
[32mINFO [0m[02-25|09:40:52.990] Starting replay from genesis
[32mINFO [0m[02-25|09:40:53.239] Loaded state                             [32mchain_id[0m=146 [32mroot_hash[0m=18975c..bb2b78
[32mINFO [0m[02-25|09:40:53.239] Opening block database                   [32mdirectory[0m=/var/data/carmen/blockdbs/sonic-60000/.blockdb
[32mINFO [0m[02-25|09:40:54.749] Using simple replay loop
[33mWARN [0m[02-25|09:40:54.751] No state root set in the block DB. No checks will be performed [33mblock_number[0m=0
[32mINFO [0m[02-25|09:40:55.432] "Processing block 10000 from 2024-12-02 02:15:57 @ t= 0:00:00, 1824.35 txs/s, 221.22 MGas/s, 133283.26x realtime, live DB size: 0.003 GiB, archive DB size: n/a"
[32mINFO [0m[02-25|09:40:56.190] "Processing block 20000 from 2024-12-02 10:24:19 @ t= 0:00:01, 2050.95 txs/s, 171.68 MGas/s, 38622.78x realtime, live DB size: 0.004 GiB, archive DB size: n/a"
[32mINFO [0m[02-25|09:40:56.982] "Processing block 30000 from 2024-12-02 18:29:42 @ t= 0:00:02, 1891.82 txs/s, 166.83 MGas/s, 36803.96x realtime, live DB size: 0.005 GiB, archive DB size: n/a"
[32mINFO [0m[02-25|09:40:57.916] "Processing block 40000 from 2024-12-03 02:38:30 @ t= 0:00:03, 1669.06 txs/s, 139.49 MGas/s, 31398.54x realtime, live DB size: 0.008 GiB, archive DB size: n/a"
[32mINFO [0m[02-25|09:40:59.010] "Processing block 50000 from 2024-12-03 10:48:52 @ t= 0:00:04, 1470.88 txs/s, 182.74 MGas/s, 26879.58x realtime, live DB size: 0.010 GiB, archive DB size: n/a"
[32mINFO [0m[02-25|09:41:00.066] "Processing block 60000 from 2024-12-03 19:00:07 @ t= 0:00:05, 1503.68 txs/s, 178.93 MGas/s, 27927.58x realtime, live DB size: 0.011 GiB, archive DB size: n/a"
[32mINFO [0m[02-25|09:41:00.883] "Processing block 70000 from 2024-12-04 03:07:27 @ t= 0:00:06, 1905.90 txs/s, 162.27 MGas/s, 35769.31x realtime, live DB size: 0.012 GiB, archive DB size: n/a"
[32mINFO [0m[02-25|09:41:01.936] "Processing block 80000 from 2024-12-04 11:06:10 @ t= 0:00:07, 2019.54 txs/s, 154.59 MGas/s, 27271.88x realtime, live DB size: 0.016 GiB, archive DB size: n/a"
[32mINFO [0m[02-25|09:41:03.180] "Processing block 90000 from 2024-12-04 18:55:18 @ t= 0:00:08, 1801.26 txs/s, 135.98 MGas/s, 22634.70x realtime, live DB size: 0.017 GiB, archive DB size: n/a"
[32mINFO [0m[02-25|09:41:04.552] "Processing block 100000 from 2024-12-05 02:56:44 @ t= 0:00:09, 1659.98 txs/s, 127.38 MGas/s, 21049.30x realtime, live DB size: 0.019 GiB, archive DB size: n/a"
[32mINFO [0m[02-25|09:41:05.715] "Processing block 110000 from 2024-12-05 10:56:40 @ t= 0:00:10, 1902.59 txs/s, 160.18 MGas/s, 24768.13x realtime, live DB size: 0.021 GiB, archive DB size: n/a"
[32mINFO [0m[02-25|09:41:06.861] "Processing block 120000 from 2024-12-05 18:45:41 @ t= 0:00:12, 1932.51 txs/s, 175.31 MGas/s, 24563.17x realtime, live DB size: 0.023 GiB, archive DB size: n/a"
[32mINFO [0m[02-25|09:41:08.108] "Processing block 130000 from 2024-12-06 02:41:25 @ t= 0:00:13, 1810.09 txs/s, 144.24 MGas/s, 22881.79x realtime, live DB size: 0.025 GiB, archive DB size: n/a"
[32mINFO [0m[02-25|09:41:09.774] "Processing block 140000 from 2024-12-06 10:32:06 @ t= 0:00:15, 1477.48 txs/s, 150.69 MGas/s, 16954.64x realtime, live DB size: 0.029 GiB, archive DB size: n/a"
[32mINFO [0m[02-25|09:41:13.114] "Processing block 150000 from 2024-12-06 17:43:00 @ t= 0:00:18, 1237.52 txs/s, 186.39 MGas/s, 7741.31x realtime, live DB size: 0.046 GiB, archive DB size: n/a"
[32mINFO [0m[02-25|09:41:14.259] "Processing block 160000 from 2024-12-07 01:36:49 @ t= 0:00:19, 1905.59 txs/s, 151.27 MGas/s, 24816.35x realtime, live DB size: 0.043 GiB, archive DB size: n/a"
[32mINFO [0m[02-25|09:41:15.452] "Processing block 170000 from 2024-12-07 09:36:09 @ t= 0:00:20, 1813.46 txs/s, 146.66 MGas/s, 24112.38x realtime, live DB size: 0.045 GiB, archive DB size: n/a"
[32mINFO [0m[02-25|09:41:16.810] "Processing block 180000 from 2024-12-07 17:25:21 @ t= 0:00:22, 1552.54 txs/s, 131.67 MGas/s, 20733.96x realtime, live DB size: 0.047 GiB, archive DB size: n/a"
[32mINFO [0m[02-25|09:41:18.313] "Processing block 190000 from 2024-12-08 01:14:36 @ t= 0:00:23, 1404.54 txs/s, 119.07 MGas/s, 18723.82x realtime, live DB size: 0.050 GiB, archive DB size: n/a"
[32mINFO [0m[02-25|09:41:19.704] "Processing block 200000 from 2024-12-08 09:02:33 @ t= 0:00:24, 1554.35 txs/s, 205.37 MGas/s, 20185.72x realtime, live DB size: 0.052 GiB, archive DB size: n/a"
[32mINFO [0m[02-25|09:41:21.303] "Processing block 210000 from 2024-12-08 16:50:33 @ t= 0:00:26, 1370.03 txs/s, 151.51 MGas/s, 17558.44x realtime, live DB size: 0.055 GiB, archive DB size: n/a"
[32mINFO [0m[02-25|09:41:23.085] "Processing block 220000 from 2024-12-09 00:39:07 @ t= 0:00:28, 1218.78 txs/s, 146.93 MGas/s, 15782.91x realtime, live DB size: 0.058 GiB, archive DB size: n/a"
[32mINFO [0m[02-25|09:41:24.499] "Processing block 230000 from 2024-12-09 08:29:27 @ t= 0:00:29, 1445.15 txs/s, 116.41 MGas/s, 19952.08x realtime, live DB size: 0.060 GiB, archive DB size: n/a"
[32mINFO [0m[02-25|09:41:26.119] "Processing block 240000 from 2024-12-09 16:14:41 @ t= 0:00:31, 1442.46 txs/s, 219.65 MGas/s, 17236.60x realtime, live DB size: 0.065 GiB, archive DB size: n/a"
[32mINFO [0m[02-25|09:41:28.297] "Processing block 250000 from 2024-12-09 23:55:47 @ t= 0:00:33, 1294.71 txs/s, 228.03 MGas/s, 12701.90x realtime, live DB size: 0.068 GiB, archive DB size: n/a"
[32mINFO [0m[02-25|09:41:30.422] "Processing block 260000 from 2024-12-10 07:38:49 @ t= 0:00:35, 1253.32 txs/s, 248.60 MGas/s, 13070.51x realtime, live DB size: 0.071 GiB, archive DB size: n/a"
[32mINFO [0m[02-25|09:41:32.081] "Processing block 270000 from 2024-12-10 15:21:58 @ t= 0:00:37, 1545.83 txs/s, 198.34 MGas/s, 16753.89x realtime, live DB size: 0.075 GiB, archive DB size: n/a"
[32mINFO [0m[02-25|09:41:36.849] "Processing block 280000 from 2024-12-10 22:37:01 @ t= 0:00:42, 838.01 txs/s, 247.76 MGas/s, 5474.14x realtime, live DB size: 0.085 GiB, archive DB size: n/a"
[32mINFO [0m[02-25|09:41:38.860] "Processing block 290000 from 2024-12-11 06:24:21 @ t= 0:00:44, 1029.63 txs/s, 149.11 MGas/s, 13947.22x realtime, live DB size: 0.089 GiB, archive DB size: n/a"
[32mINFO [0m[02-25|09:41:41.006] "Processing block 300000 from 2024-12-11 14:09:49 @ t= 0:00:46, 978.91 txs/s, 149.80 MGas/s, 13012.42x realtime, live DB size: 0.092 GiB, archive DB size: n/a"
[32mINFO [0m[02-25|09:41:43.099] "Processing block 310000 from 2024-12-11 21:50:23 @ t= 0:00:48, 1196.31 txs/s, 147.60 MGas/s, 13202.36x realtime, live DB size: 0.098 GiB, archive DB size: n/a"
[32mINFO [0m[02-25|09:41:47.753] "Processing block 320000 from 2024-12-12 04:29:18 @ t= 0:00:53, 3158.61 txs/s, 110.68 MGas/s, 5143.65x realtime, live DB size: 0.107 GiB, archive DB size: n/a"
[32mINFO [0m[02-25|09:41:51.894] "Processing block 330000 from 2024-12-12 11:05:04 @ t= 0:00:57, 1416.75 txs/s, 115.89 MGas/s, 5733.14x realtime, live DB size: 0.114 GiB, archive DB size: n/a"
[32mINFO [0m[02-25|09:41:57.014] "Processing block 340000 from 2024-12-12 16:32:55 @ t= 0:01:02, 1934.71 txs/s, 105.31 MGas/s, 3842.27x realtime, live DB size: 0.123 GiB, archive DB size: n/a"
[32mINFO [0m[02-25|09:41:59.583] "Processing block 350000 from 2024-12-13 00:05:33 @ t= 0:01:04, 1222.76 txs/s, 160.86 MGas/s, 10572.37x realtime, live DB size: 0.128 GiB, archive DB size: n/a"
[32mINFO [0m[02-25|09:42:01.735] "Processing block 360000 from 2024-12-13 07:49:29 @ t= 0:01:06, 1232.30 txs/s, 116.75 MGas/s, 12934.52x realtime, live DB size: 0.132 GiB, archive DB size: n/a"
[32mINFO [0m[02-25|09:42:04.203] "Processing block 370000 from 2024-12-13 15:27:03 @ t= 0:01:09, 1212.83 txs/s, 136.63 MGas/s, 11125.00x realtime, live DB size: 0.135 GiB, archive DB size: n/a"
[32mINFO [0m[02-25|09:42:07.960] "Processing block 380000 from 2024-12-13 22:47:12 @ t= 0:01:13, 1019.52 txs/s, 140.66 MGas/s, 7028.05x realtime, live DB size: 0.145 GiB, archive DB size: n/a"
[32mINFO [0m[02-25|09:42:10.827] "Processing block 390000 from 2024-12-14 06:11:26 @ t= 0:01:16, 1408.92 txs/s, 122.62 MGas/s, 9297.70x realtime, live DB size: 0.148 GiB, archive DB size: n/a"
[32mINFO [0m[02-25|09:42:17.218] "Processing block 400000 from 2024-12-14 12:07:21 @ t= 0:01:22, 1015.34 txs/s, 100.50 MGas/s, 3341.43x realtime, live DB size: 0.159 GiB, archive DB size: n/a"
[32mINFO [0m[02-25|09:42:23.004] "Processing block 410000 from 2024-12-14 18:45:54 @ t= 0:01:28, 896.99 txs/s, 108.09 MGas/s, 4132.89x realtime, live DB size: 0.168 GiB, archive DB size: n/a"
[32mINFO [0m[02-25|09:42:31.610] "Processing block 420000 from 2024-12-15 00:42:14 @ t= 0:01:36, 773.15 txs/s, 101.84 MGas/s, 2484.21x realtime, live DB size: 0.182 GiB, archive DB size: n/a"
[32mINFO [0m[02-25|09:42:42.329] "Processing block 430000 from 2024-12-15 05:34:23 @ t= 0:01:47, 797.87 txs/s, 95.14 MGas/s, 1635.39x realtime, live DB size: 0.198 GiB, archive DB size: n/a"
[32mINFO [0m[02-25|09:42:46.253] "Processing block 440000 from 2024-12-15 13:00:36 @ t= 0:01:51, 915.00 txs/s, 119.17 MGas/s, 6823.75x realtime, live DB size: 0.205 GiB, archive DB size: n/a"
[32mINFO [0m[02-25|09:42:56.301] "Processing block 450000 from 2024-12-15 18:48:22 @ t= 0:02:01, 733.72 txs/s, 103.42 MGas/s, 2076.75x realtime, live DB size: 0.221 GiB, archive DB size: n/a"
[32mINFO [0m[02-25|09:43:07.194] "Processing block 460000 from 2024-12-16 00:15:54 @ t= 0:02:12, 719.74 txs/s, 93.80 MGas/s, 1803.89x realtime, live DB size: 0.237 GiB, archive DB size: n/a"
[32mINFO [0m[02-25|09:43:13.005] "Processing block 470000 from 2024-12-16 07:28:32 @ t= 0:02:18, 738.99 txs/s, 90.74 MGas/s, 4467.34x realtime, live DB size: 0.244 GiB, archive DB size: n/a"
[32mINFO [0m[02-25|09:43:20.856] "Processing block 480000 from 2024-12-16 14:03:38 @ t= 0:02:26, 762.96 txs/s, 125.63 MGas/s, 3019.49x realtime, live DB size: 0.255 GiB, archive DB size: n/a"
[32mINFO [0m[02-25|09:43:32.677] "Processing block 490000 from 2024-12-16 19:54:12 @ t= 0:02:37, 594.51 txs/s, 120.32 MGas/s, 1779.31x realtime, live DB size: 0.271 GiB, archive DB size: n/a"
[32mINFO [0m[02-25|09:43:42.025] "Processing block 500000 from 2024-12-17 01:45:36 @ t= 0:02:47, 743.53 txs/s, 180.59 MGas/s, 2255.64x realtime, live DB size: 0.284 GiB, archive DB size: n/a"
[32mINFO [0m[02-25|09:43:46.425] "Processing block 510000 from 2024-12-17 09:10:38 @ t= 0:02:51, 864.42 txs/s, 98.26 MGas/s, 6067.76x realtime, live DB size: 0.304 GiB, archive DB size: n/a"
[32mINFO [0m[02-25|09:43:51.496] "Processing block 520000 from 2024-12-17 16:32:46 @ t= 0:02:56, 751.42 txs/s, 96.24 MGas/s, 5231.93x realtime, live DB size: 0.296 GiB, archive DB size: n/a"
[32mINFO [0m[02-25|09:43:57.047] "Processing block 530000 from 2024-12-17 23:53:54 @ t= 0:03:02, 683.56 txs/s, 95.49 MGas/s, 4767.48x realtime, live DB size: 0.303 GiB, archive DB size: n/a"
[32mINFO [0m[02-25|09:44:03.369] "Processing block 540000 from 2024-12-18 06:52:19 @ t= 0:03:08, 711.06 txs/s, 88.36 MGas/s, 3971.33x realtime, live DB size: 0.311 GiB, archive DB size: n/a"
[32mINFO [0m[02-25|09:44:20.945] "Processing block 550000 from 2024-12-18 12:20:30 @ t= 0:03:26, 907.15 txs/s, 160.19 MGas/s, 1120.34x realtime, live DB size: 0.338 GiB, archive DB size: n/a"
[32mINFO [0m[02-25|09:44:51.615] "Processing block 560000 from 2024-12-18 15:05:32 @ t= 0:03:56, 813.58 txs/s, 190.96 MGas/s, 322.86x realtime, live DB size: 0.499 GiB, archive DB size: n/a"
[32mINFO [0m[02-25|09:45:45.890] "Processing block 570000 from 2024-12-18 16:03:14 @ t= 0:04:51, 544.45 txs/s, 109.70 MGas/s, 63.79x realtime, live DB size: 0.492 GiB, archive DB size: n/a"
[32mINFO [0m[02-25|09:46:47.477] "Processing block 580000 from 2024-12-18 17:01:10 @ t= 0:05:52, 551.83 txs/s, 125.73 MGas/s, 56.44x realtime, live DB size: 0.596 GiB, archive DB size: n/a"
[32mINFO [0m[02-25|09:47:42.925] "Processing block 590000 from 2024-12-18 18:03:07 @ t= 0:06:48, 493.55 txs/s, 117.81 MGas/s, 67.04x realtime, live DB size: 0.692 GiB, archive DB size: n/a"
[32mINFO [0m[02-25|09:48:34.226] "Processing block 600000 from 2024-12-18 19:10:51 @ t= 0:07:39, 488.31 txs/s, 130.76 MGas/s, 79.22x realtime, live DB size: 0.776 GiB, archive DB size: n/a"
[32mINFO [0m[02-25|09:49:26.893] "Processing block 610000 from 2024-12-18 20:40:57 @ t= 0:08:32, 389.14 txs/s, 134.63 MGas/s, 102.64x realtime, live DB size: 0.884 GiB, archive DB size: n/a"
[32mINFO [0m[02-25|09:50:06.886] "Processing block 620000 from 2024-12-18 22:19:49 @ t= 0:09:12, 552.65 txs/s, 145.45 MGas/s, 148.33x realtime, live DB size: 0.929 GiB, archive DB size: n/a"
[32mINFO [0m[02-25|09:50:36.354] "Processing block 630000 from 2024-12-18 23:51:56 @ t= 0:09:41, 654.62 txs/s, 107.11 MGas/s, 187.56x realtime, live DB size: 0.978 GiB, archive DB size: n/a"
[32mINFO [0m[02-25|09:51:07.267] "Processing block 640000 from 2024-12-19 01:48:28 @ t= 0:10:12, 732.29 txs/s, 138.93 MGas/s, 226.18x realtime, live DB size: 1.028 GiB, archive DB size: n/a"
[32mINFO [0m[02-25|09:51:36.766] "Processing block 650000 from 2024-12-19 03:57:40 @ t= 0:10:42, 645.06 txs/s, 116.44 MGas/s, 262.79x realtime, live DB size: 1.079 GiB, archive DB size: n/a"
[32mINFO [0m[02-25|09:52:07.415] "Processing block 660000 from 2024-12-19 06:22:35 @ t= 0:11:12, 520.05 txs/s, 109.99 MGas/s, 283.70x realtime, live DB size: 1.136 GiB, archive DB size: n/a"
[32mINFO [0m[02-25|09:52:53.812] "Processing block 670000 from 2024-12-19 08:37:17 @ t= 0:11:59, 466.54 txs/s, 100.30 MGas/s, 174.19x realtime, live DB size: 1.202 GiB, archive DB size: n/a"
[32mINFO [0m[02-25|09:53:22.023] "Processing block 680000 from 2024-12-19 11:07:15 @ t= 0:12:27, 579.20 txs/s, 96.62 MGas/s, 318.95x realtime, live DB size: 1.299 GiB, archive DB size: n/a"
[32mINFO [0m[02-25|09:53:56.584] "Processing block 690000 from 2024-12-19 13:05:52 @ t= 0:13:01, 451.78 txs/s, 77.54 MGas/s, 205.92x realtime, live DB size: 1.304 GiB, archive DB size: n/a"
[32mINFO [0m[02-25|09:54:31.807] "Processing block 700000 from 2024-12-19 14:50:17 @ t= 0:13:37, 485.59 txs/s, 80.03 MGas/s, 177.87x realtime, live DB size: 1.349 GiB, archive DB size: n/a"
[32mINFO [0m[02-25|09:55:41.615] "Processing block 710000 from 2024-12-19 15:58:36 @ t= 0:14:46, 546.39 txs/s, 76.73 MGas/s, 58.72x realtime, live DB size: 1.426 GiB, archive DB size: n/a"
[32mINFO [0m[02-25|09:56:39.688] "Processing block 720000 from 2024-12-19 16:58:45 @ t= 0:15:44, 541.85 txs/s, 75.32 MGas/s, 62.15x realtime, live DB size: 1.490 GiB, archive DB size: n/a"
[32mINFO [0m[02-25|09:57:31.931] "Processing block 730000 from 2024-12-19 18:00:03 @ t= 0:16:37, 504.51 txs/s, 69.00 MGas/s, 70.40x realtime, live DB size: 1.548 GiB, archive DB size: n/a"
[32mINFO [0m[02-25|09:58:28.012] "Processing block 740000 from 2024-12-19 19:12:46 @ t= 0:17:33, 392.25 txs/s, 67.22 MGas/s, 77.80x realtime, live DB size: 1.605 GiB, archive DB size: n/a"
[32mINFO [0m[02-25|10:00:08.324] "Processing block 750000 from 2024-12-19 20:29:37 @ t= 0:19:13, 509.22 txs/s, 101.49 MGas/s, 45.97x realtime, live DB size: 1.725 GiB, archive DB size: n/a"
[32mINFO [0m[02-25|10:00:48.093] "Processing block 760000 from 2024-12-19 21:55:34 @ t= 0:19:53, 501.88 txs/s, 77.09 MGas/s, 129.67x realtime, live DB size: 1.767 GiB, archive DB size: n/a"
[32mINFO [0m[02-25|10:01:30.155] "Processing block 770000 from 2024-12-19 23:45:38 @ t= 0:20:35, 466.53 txs/s, 82.15 MGas/s, 157.01x realtime, live DB size: 1.815 GiB, archive DB size: n/a"
[32mINFO [0m[02-25|10:02:11.935] "Processing block 780000 from 2024-12-20 01:33:10 @ t= 0:21:17, 425.51 txs/s, 67.76 MGas/s, 154.43x realtime, live DB size: 1.865 GiB, archive DB size: n/a"
[32mINFO [0m[02-25|10:02:56.716] "Processing block 790000 from 2024-12-20 02:57:50 @ t= 0:22:01, 491.20 txs/s, 62.14 MGas/s, 113.44x realtime, live DB size: 1.910 GiB, archive DB size: n/a"
[32mINFO [0m[02-25|10:03:45.593] "Processing block 800000 from 2024-12-20 04:14:35 @ t= 0:22:50, 518.27 txs/s, 67.46 MGas/s, 94.21x realtime, live DB size: 1.963 GiB, archive DB size: n/a"
[32mINFO [0m[02-25|10:04:31.407] "Processing block 810000 from 2024-12-20 05:52:21 @ t= 0:23:36, 392.98 txs/s, 66.98 MGas/s, 128.04x realtime, live DB size: 2.041 GiB, archive DB size: n/a"
[32mINFO [0m[02-25|10:05:03.706] "Processing block 820000 from 2024-12-20 07:20:12 @ t= 0:24:08, 573.89 txs/s, 67.97 MGas/s, 163.19x realtime, live DB size: 2.046 GiB, archive DB size: n/a"
[32mINFO [0m[02-25|10:05:45.524] "Processing block 830000 from 2024-12-20 08:34:44 @ t= 0:24:50, 485.53 txs/s, 54.93 MGas/s, 106.94x realtime, live DB size: 2.084 GiB, archive DB size: n/a"
[32mINFO [0m[02-25|10:06:16.781] "Processing block 840000 from 2024-12-20 09:39:29 @ t= 0:25:22, 714.11 txs/s, 55.08 MGas/s, 124.29x realtime, live DB size: 2.116 GiB, archive DB size: n/a"
[32mINFO [0m[02-25|10:06:50.975] "Processing block 850000 from 2024-12-20 10:56:12 @ t= 0:25:56, 629.92 txs/s, 55.82 MGas/s, 134.62x realtime, live DB size: 2.172 GiB, archive DB size: n/a"
[32mINFO [0m[02-25|10:08:03.991] "Processing block 860000 from 2024-12-20 12:10:12 @ t= 0:27:09, 490.23 txs/s, 80.95 MGas/s, 60.81x realtime, live DB size: 2.230 GiB, archive DB size: n/a"
[32mINFO [0m[02-25|10:08:45.879] "Processing block 870000 from 2024-12-20 13:25:37 @ t= 0:27:51, 573.29 txs/s, 77.29 MGas/s, 108.03x realtime, live DB size: 2.270 GiB, archive DB size: n/a"
[32mINFO [0m[02-25|10:09:31.498] "Processing block 880000 from 2024-12-20 14:29:06 @ t= 0:28:36, 555.59 txs/s, 61.70 MGas/s, 83.50x realtime, live DB size: 2.314 GiB, archive DB size: n/a"
[32mINFO [0m[02-25|10:10:08.196] "Processing block 890000 from 2024-12-20 15:41:23 @ t= 0:29:13, 697.73 txs/s, 75.69 MGas/s, 118.19x realtime, live DB size: 2.352 GiB, archive DB size: n/a"
[32mINFO [0m[02-25|10:10:41.110] "Processing block 900000 from 2024-12-20 16:59:12 @ t= 0:29:46, 676.17 txs/s, 86.02 MGas/s, 141.85x realtime, live DB size: 2.387 GiB, archive DB size: n/a"
[32mINFO [0m[02-25|10:11:25.289] "Processing block 910000 from 2024-12-20 18:32:13 @ t= 0:30:30, 641.04 txs/s, 130.17 MGas/s, 126.32x realtime, live DB size: 2.431 GiB, archive DB size: n/a"
[32mINFO [0m[02-25|10:12:04.463] "Processing block 920000 from 2024-12-20 20:35:19 @ t= 0:31:09, 546.92 txs/s, 106.22 MGas/s, 188.54x realtime, live DB size: 2.482 GiB, archive DB size: n/a"
[32mINFO [0m[02-25|10:12:47.979] "Processing block 930000 from 2024-12-20 22:12:50 @ t= 0:31:53, 843.34 txs/s, 150.20 MGas/s, 134.46x realtime, live DB size: 2.508 GiB, archive DB size: n/a"
[32mINFO [0m[02-25|10:13:47.288] "Processing block 940000 from 2024-12-20 23:44:47 @ t= 0:32:52, 396.20 txs/s, 80.90 MGas/s, 93.02x realtime, live DB size: 2.564 GiB, archive DB size: n/a"
[32mINFO [0m[02-25|10:14:57.777] "Processing block 950000 from 2024-12-21 00:51:33 @ t= 0:34:03, 420.26 txs/s, 93.61 MGas/s, 56.83x realtime, live DB size: 2.629 GiB, archive DB size: n/a"
[32mINFO [0m[02-25|10:16:15.137] "Processing block 960000 from 2024-12-21 01:55:13 @ t= 0:35:20, 447.38 txs/s, 74.18 MGas/s, 49.38x realtime, live DB size: 2.695 GiB, archive DB size: n/a"
[32mINFO [0m[02-25|10:17:20.094] "Processing block 970000 from 2024-12-21 02:56:57 @ t= 0:36:25, 649.92 txs/s, 86.58 MGas/s, 57.02x realtime, live DB size: 2.841 GiB, archive DB size: n/a"
[32mINFO [0m[02-25|10:18:15.726] "Processing block 980000 from 2024-12-21 04:14:08 @ t= 0:37:20, 453.01 txs/s, 70.06 MGas/s, 83.24x realtime, live DB size: 2.808 GiB, archive DB size: n/a"
[32mINFO [0m[02-25|10:19:28.798] "Processing block 990000 from 2024-12-21 06:12:38 @ t= 0:38:34, 758.10 txs/s, 58.32 MGas/s, 97.30x realtime, live DB size: 2.869 GiB, archive DB size: n/a"
[32mINFO [0m[02-25|10:20:10.711] "Processing block 1000000 from 2024-12-21 08:32:43 @ t= 0:39:15, 544.44 txs/s, 92.00 MGas/s, 200.53x realtime, live DB size: 2.910 GiB, archive DB size: n/a"
[32mINFO [0m[02-25|10:20:10.711] Replay finished in 39m15.962106168s, processed 1376011 txs (584.05 Tx/s), used 0.223 TGas (94.48 MGas/s), 744.99x realtime
[32mINFO [0m[02-25|10:20:10.738] Closing state database                   [32mdirectory[0m=/var/data/luigi/carmen/rust/state_db_4930b6acf82bbc05c7da84b7fe2fbc6df995bf1f_go-geth2-leveldb_['--with-archive']
+ git apply --reverse enable-carmen.patch
